<?xml version="1.0" encoding="UTF-8"?>
<testsuite xmlns:xsi="http://www.w3.org/2001/XMLSchema-instance" xsi:schemaLocation="https://maven.apache.org/surefire/maven-surefire-plugin/xsd/surefire-test-report.xsd" name="bla.tm.DevSiteTestsRunner" time="1,623.806" tests="798" errors="7" skipped="32" failures="9">
  <properties>
    <property name="java.runtime.name" value="Java(TM) SE Runtime Environment"/>
    <property name="sun.boot.library.path" value="/usr/lib/jvm/java-8-oracle/jre/lib/amd64"/>
    <property name="java.vm.version" value="25.31-b07"/>
    <property name="java.vm.vendor" value="Oracle Corporation"/>
    <property name="java.vendor.url" value="http://java.oracle.com/"/>
    <property name="path.separator" value=":"/>
    <property name="guice.disable.misplaced.annotation.check" value="true"/>
    <property name="java.vm.name" value="Java HotSpot(TM) 64-Bit Server VM"/>
    <property name="file.encoding.pkg" value="sun.io"/>
    <property name="user.country" value="US"/>
    <property name="sun.java.launcher" value="SUN_STANDARD"/>
    <property name="sun.os.patch.level" value="unknown"/>
    <property name="java.vm.specification.name" value="Java Virtual Machine Specification"/>
    <property name="user.dir" value="/home/travis/build/ticketmaster-api-staging/ticketmaster-api-staging.github.io"/>
    <property name="java.runtime.version" value="1.8.0_31-b13"/>
    <property name="java.awt.graphicsenv" value="sun.awt.X11GraphicsEnvironment"/>
    <property name="java.endorsed.dirs" value="/usr/lib/jvm/java-8-oracle/jre/lib/endorsed"/>
    <property name="os.arch" value="amd64"/>
    <property name="java.io.tmpdir" value="/tmp"/>
    <property name="line.separator" value="&#10;"/>
    <property name="java.vm.specification.vendor" value="Oracle Corporation"/>
    <property name="os.name" value="Linux"/>
    <property name="classworlds.conf" value="/usr/local/maven/bin/m2.conf"/>
    <property name="sun.jnu.encoding" value="UTF-8"/>
    <property name="java.library.path" value="/usr/java/packages/lib/amd64:/usr/lib64:/lib64:/lib:/usr/lib"/>
    <property name="java.specification.name" value="Java Platform API Specification"/>
    <property name="java.class.version" value="52.0"/>
    <property name="sun.management.compiler" value="HotSpot 64-Bit Tiered Compilers"/>
    <property name="maven.repo.local" value="/home/travis/.m2/repository"/>
    <property name="os.version" value="4.8.12-040812-generic"/>
    <property name="user.home" value="/home/travis"/>
    <property name="user.timezone" value="Etc/UTC"/>
    <property name="java.awt.printerjob" value="sun.print.PSPrinterJob"/>
    <property name="file.encoding" value="UTF-8"/>
    <property name="java.specification.version" value="1.8"/>
    <property name="metafilter" value="-prod -NotImplemented"/>
    <property name="user.name" value="travis"/>
    <property name="java.class.path" value="/usr/local/maven/boot/plexus-classworlds-2.5.2.jar"/>
    <property name="java.vm.specification.version" value="1.8"/>
    <property name="sun.arch.data.model" value="64"/>
    <property name="java.home" value="/usr/lib/jvm/java-8-oracle/jre"/>
    <property name="sun.java.command" value="org.codehaus.plexus.classworlds.launcher.Launcher verify -f ./tests/serenity/pom.xml -Dmetafilter=-prod -NotImplemented"/>
    <property name="java.specification.vendor" value="Oracle Corporation"/>
    <property name="user.language" value="en"/>
    <property name="awt.toolkit" value="sun.awt.X11.XToolkit"/>
    <property name="java.vm.info" value="mixed mode"/>
    <property name="java.version" value="1.8.0_31"/>
    <property name="java.ext.dirs" value="/usr/lib/jvm/java-8-oracle/jre/lib/ext:/usr/java/packages/lib/ext"/>
    <property name="securerandom.source" value="file:/dev/./urandom"/>
    <property name="sun.boot.class.path" value="/usr/lib/jvm/java-8-oracle/jre/lib/resources.jar:/usr/lib/jvm/java-8-oracle/jre/lib/rt.jar:/usr/lib/jvm/java-8-oracle/jre/lib/sunrsasign.jar:/usr/lib/jvm/java-8-oracle/jre/lib/jsse.jar:/usr/lib/jvm/java-8-oracle/jre/lib/jce.jar:/usr/lib/jvm/java-8-oracle/jre/lib/charsets.jar:/usr/lib/jvm/java-8-oracle/jre/lib/jfr.jar:/usr/lib/jvm/java-8-oracle/jre/classes"/>
    <property name="java.vendor" value="Oracle Corporation"/>
    <property name="maven.home" value="/usr/local/maven"/>
    <property name="file.separator" value="/"/>
    <property name="java.vendor.url.bug" value="http://bugreport.sun.com/bugreport/"/>
    <property name="sun.cpu.endian" value="little"/>
    <property name="sun.io.unicode.encoding" value="UnicodeLittle"/>
    <property name="sun.cpu.isalist" value=""/>
  </properties>
  <testcase name="BeforeStories" classname="java.lang.Object" time="0.058"/>
  <testcase name="Given open Blogs page" classname="bla.tm.definitions.site.BlogsDefinition" time="5.09"/>
  <testcase name="Then check general page elements for Blogs Page, where DISQUS = false and LeftMenu = false" classname="bla.tm.definitions.site.BlogsDefinition" time="40.416"/>
  <testcase name="Scenario: |/blogs/| Verification for general page&apos;s elements" classname="Scenario: |/blogs/| Verification for general page&apos;s elements" time="40.474"/>
  <testcase name="Blogs.story" classname="Blogs.story" time="40.654"/>
  <testcase name="Given open Events page" classname="bla.tm.definitions.site.EventsDefinition" time="1.988"/>
  <testcase name="Then check general page elements for Events Page, where DISQUS = false and LeftMenu = true" classname="bla.tm.definitions.site.EventsDefinition" time="10.243"/>
  <testcase name="Scenario: |/events/| Verification for general page&apos;s elements" classname="Scenario: |/events/| Verification for general page&apos;s elements" time="10.277"/>
  <testcase name="Events.story" classname="Events.story" time="10.345"/>
  <testcase name="Given open Home page" classname="bla.tm.definitions.site.HomePageDefinition" time="4.863"/>
  <testcase name="Then check general page elements for Home Page, where DISQUS = false and LeftMenu = false" classname="bla.tm.definitions.site.HomePageDefinition" time="20.276"/>
  <testcase name="Scenario: |/Home Page/| Verification for general page elements" classname="Scenario: |/Home Page/| Verification for general page elements" time="20.317"/>
  <testcase name="Given open Home page​" classname="bla.tm.definitions.site.HomePageDefinition" time="2.266"/>
  <testcase name="Then check that Twitter&apos;s list of events is shown" classname="bla.tm.definitions.site.HomePageDefinition" time="0.171"/>
  <testcase name="Scenario: |/Home Page/| Verification for twitter&apos;s list of events" classname="Scenario: |/Home Page/| Verification for twitter&apos;s list of events" time="0.211"/>
  <testcase name="Given open Home page​​" classname="bla.tm.definitions.site.HomePageDefinition" time="2.2"/>
  <testcase name="When check visibility and click &lt;elementKey&gt; element of Home page" classname="bla.tm.definitions.site.HomePageDefinition" time="2.067"/>
  <testcase name="Then check that new page opened from Home page has &lt;pageURL&gt; and &lt;elementLocation&gt;" classname="bla.tm.definitions.site.HomePageDefinition" time="0.23"/>
  <testcase name="Given open Home page​​​" classname="bla.tm.definitions.site.HomePageDefinition" time="2.359"/>
  <testcase name="When check visibility and click &lt;elementKey&gt; element of Home page​" classname="bla.tm.definitions.site.HomePageDefinition" time="1.289"/>
  <testcase name="Then check that new page opened from Home page has &lt;pageURL&gt; and &lt;elementLocation&gt;​" classname="bla.tm.definitions.site.HomePageDefinition" time="0.574"/>
  <testcase name="Given open Home page​​​​" classname="bla.tm.definitions.site.HomePageDefinition" time="2.758"/>
  <testcase name="When check visibility and click &lt;elementKey&gt; element of Home page​​" classname="bla.tm.definitions.site.HomePageDefinition" time="3.727"/>
  <testcase name="Then check that new page opened from Home page has &lt;pageURL&gt; and &lt;elementLocation&gt;​​" classname="bla.tm.definitions.site.HomePageDefinition" time="0.097"/>
  <testcase name="Given open Home page​​​​​" classname="bla.tm.definitions.site.HomePageDefinition" time="5.006"/>
  <testcase name="When check visibility and click &lt;elementKey&gt; element of Home page​​​" classname="bla.tm.definitions.site.HomePageDefinition" time="0.217"/>
  <testcase name="Then check that new page opened from Home page has &lt;pageURL&gt; and &lt;elementLocation&gt;​​​" classname="bla.tm.definitions.site.HomePageDefinition" time="1.557"/>
  <testcase name="Given open Home page​​​​​​" classname="bla.tm.definitions.site.HomePageDefinition" time="3.071"/>
  <testcase name="When check visibility and click &lt;elementKey&gt; element of Home page​​​​" classname="bla.tm.definitions.site.HomePageDefinition" time="0.48"/>
  <testcase name="Then check that new page opened from Home page has &lt;pageURL&gt; and &lt;elementLocation&gt;​​​​" classname="bla.tm.definitions.site.HomePageDefinition" time="0.043"/>
  <testcase name="Given open Home page​​​​​​​" classname="bla.tm.definitions.site.HomePageDefinition" time="3.057"/>
  <testcase name="When check visibility and click &lt;elementKey&gt; element of Home page​​​​​" classname="bla.tm.definitions.site.HomePageDefinition" time="0.5"/>
  <testcase name="Then check that new page opened from Home page has &lt;pageURL&gt; and &lt;elementLocation&gt;​​​​​" classname="bla.tm.definitions.site.HomePageDefinition" time="0.037"/>
  <testcase name="Given open Home page​​​​​​​​" classname="bla.tm.definitions.site.HomePageDefinition" time="2.674"/>
  <testcase name="When check visibility and click &lt;elementKey&gt; element of Home page​​​​​​" classname="bla.tm.definitions.site.HomePageDefinition" time="0.506"/>
  <testcase name="Then check that new page opened from Home page has &lt;pageURL&gt; and &lt;elementLocation&gt;​​​​​​" classname="bla.tm.definitions.site.HomePageDefinition" time="0.038"/>
  <testcase name="Given open Home page​​​​​​​​​" classname="bla.tm.definitions.site.HomePageDefinition" time="3.799"/>
  <testcase name="When check visibility and click &lt;elementKey&gt; element of Home page​​​​​​​" classname="bla.tm.definitions.site.HomePageDefinition" time="0.252"/>
  <testcase name="Then check that new page opened from Home page has &lt;pageURL&gt; and &lt;elementLocation&gt;​​​​​​​" classname="bla.tm.definitions.site.HomePageDefinition" time="3.08"/>
  <testcase name="Given open Home page​​​​​​​​​​" classname="bla.tm.definitions.site.HomePageDefinition" time="2.691"/>
  <testcase name="When check visibility and click &lt;elementKey&gt; element of Home page​​​​​​​​" classname="bla.tm.definitions.site.HomePageDefinition" time="0.235"/>
  <testcase name="Then check that new page opened from Home page has &lt;pageURL&gt; and &lt;elementLocation&gt;​​​​​​​​" classname="bla.tm.definitions.site.HomePageDefinition" time="1.333"/>
  <testcase name="Given open Home page​​​​​​​​​​​" classname="bla.tm.definitions.site.HomePageDefinition" time="2.121"/>
  <testcase name="When check visibility and click &lt;elementKey&gt; element of Home page​​​​​​​​​" classname="bla.tm.definitions.site.HomePageDefinition" time="0.327"/>
  <testcase name="Then check that new page opened from Home page has &lt;pageURL&gt; and &lt;elementLocation&gt;​​​​​​​​​" classname="bla.tm.definitions.site.HomePageDefinition" time="1.438"/>
  <testcase name="Given open Home page​​​​​​​​​​​​" classname="bla.tm.definitions.site.HomePageDefinition" time="2.452"/>
  <testcase name="When check visibility and click &lt;elementKey&gt; element of Home page​​​​​​​​​​" classname="bla.tm.definitions.site.HomePageDefinition" time="1.721"/>
  <testcase name="Then check that new page opened from Home page has &lt;pageURL&gt; and &lt;elementLocation&gt;​​​​​​​​​​" classname="bla.tm.definitions.site.HomePageDefinition" time="0.288"/>
  <testcase name="Given open Home page​​​​​​​​​​​​​" classname="bla.tm.definitions.site.HomePageDefinition" time="3.999"/>
  <testcase name="When check visibility and click &lt;elementKey&gt; element of Home page​​​​​​​​​​​" classname="bla.tm.definitions.site.HomePageDefinition" time="0.197"/>
  <testcase name="Then check that new page opened from Home page has &lt;pageURL&gt; and &lt;elementLocation&gt;​​​​​​​​​​​" classname="bla.tm.definitions.site.HomePageDefinition" time="1.487"/>
  <testcase name="Scenario: |/Home Page/| Verification for all the page links" classname="Scenario: |/Home Page/| Verification for all the page links" time="1.55"/>
  <testcase name="Home.story" classname="Home.story" time="1.552"/>
  <testcase name="Given open Home page​​​​​​​​​​​​​​" classname="bla.tm.definitions.site.HomePageDefinition" time="4.076"/>
  <testcase name="When check visibility and click &lt;elementKey&gt; element of Home page​​​​​​​​​​​​" classname="bla.tm.definitions.site.HomePageDefinition" time="0.359"/>
  <testcase name="Then check that new page opened from Home page has &lt;pageURL&gt; and &lt;pageTitle&gt;" classname="bla.tm.definitions.site.HomePageDefinition" time="0.023"/>
  <testcase name="Scenario: |/blogs/| Verification for general page&apos;s elements​" classname="Scenario: |/blogs/| Verification for general page&apos;s elements​" time="0.086"/>
  <testcase name="OpenSource.story" classname="OpenSource.story" time="0.088"/>
  <testcase name="Given open Home page​​​​​​​​​​​​​​​" classname="bla.tm.definitions.site.HomePageDefinition" time="4.087"/>
  <testcase name="And insert Search Parameter &lt;searchRequest&gt; and navigate to Search page" classname="bla.tm.definitions.site.SearchDefinition" time="0.372"/>
  <testcase name="Then check general page elements for Search Page, where DISQUS = false and LeftMenu = false" classname="bla.tm.definitions.site.SearchDefinition" time="22.425"/>
  <testcase name="Scenario: |/search/| Verification for general page&apos;s elements" classname="Scenario: |/search/| Verification for general page&apos;s elements" time="22.492"/>
  <testcase name="Search.story" classname="Search.story" time="22.494"/>
  <testcase name="Then check general page elements for Pantheon Create New Account page" classname="bla.tm.definitions.site.pantheon.CreateNewAccountDefinition" time="2.281"/>
  <testcase name="Then check general page elements for Pantheon Create New Account page" classname="bla.tm.definitions.site.pantheon.CreateNewAccountDefinition" time="1.121"/>
  <testcase name="Then check general page elements for Pantheon Create New Account page" classname="bla.tm.definitions.site.pantheon.CreateNewAccountDefinition" time="0.997"/>
  <testcase name="Then check general page elements for Pantheon Create New Account page" classname="bla.tm.definitions.site.pantheon.CreateNewAccountDefinition" time="20.43"/>
  <testcase name="Scenario: |developer-acct.ticketmaster.com/user/register| Verification for general page&apos;s elements" classname="Scenario: |developer-acct.ticketmaster.com/user/register| Verification for general page&apos;s elements" time="20.458"/>
  <testcase name="When enter register values on Create New Account Page:" classname="bla.tm.definitions.site.pantheon.CreateNewAccountDefinition" time="2.567"/>
  <testcase name="When click checkbox Terms of Use" classname="bla.tm.definitions.site.pantheon.CreateNewAccountDefinition" time="1.056"/>
  <testcase name="When click Create New Account on Register Page" classname="bla.tm.definitions.site.pantheon.CreateNewAccountDefinition" time="1.078"/>
  <testcase name="Then the message The answer you entered for the CAPTCHA was not correct. is displayed" classname="bla.tm.definitions.site.pantheon.UserAppsDefinition" time="0.781"/>
  <testcase name="Then the message The answer you entered for the CAPTCHA was not correct. is displayed" classname="bla.tm.definitions.site.pantheon.UserAppsDefinition" time="0.129"/>
  <testcase name="Then the message The answer you entered for the CAPTCHA was not correct. is displayed" classname="bla.tm.definitions.site.pantheon.UserAppsDefinition" time="1.047"/>
  <testcase name="Then the message The answer you entered for the CAPTCHA was not correct. is displayed" classname="bla.tm.definitions.site.pantheon.UserAppsDefinition" time="0.098"/>
  <testcase name="Scenario: |developer-acct.ticketmaster.com/user/register| [2.2.3.14 Create New Account - fail the CAPTCHA check]" classname="Scenario: |developer-acct.ticketmaster.com/user/register| [2.2.3.14 Create New Account - fail the CAPTCHA check]" time="0.149"/>
  <testcase name="When enter register values on Create New Account Page:​" classname="bla.tm.definitions.site.pantheon.CreateNewAccountDefinition" time="3.077"/>
  <testcase name="When click Create New Account on Register Page​" classname="bla.tm.definitions.site.pantheon.CreateNewAccountDefinition" time="0.977"/>
  <testcase name="Then the message I agree to the Terms of Use field is required. is displayed" classname="bla.tm.definitions.site.pantheon.UserAppsDefinition" time="1.11"/>
  <testcase name="Then the message I agree to the Terms of Use field is required. is displayed" classname="bla.tm.definitions.site.pantheon.UserAppsDefinition" time="0.653"/>
  <testcase name="Then the message I agree to the Terms of Use field is required. is displayed" classname="bla.tm.definitions.site.pantheon.UserAppsDefinition" time="1.107"/>
  <testcase name="Then the message I agree to the Terms of Use field is required. is displayed" classname="bla.tm.definitions.site.pantheon.UserAppsDefinition" time="0.162"/>
  <testcase name="Scenario: |developer-acct.ticketmaster.com/user/register| [2.2.3.31 Edit Profile - I Agree To The Terms &amp; Conditions checkbox]" classname="Scenario: |developer-acct.ticketmaster.com/user/register| [2.2.3.31 Edit Profile - I Agree To The Terms &amp; Conditions checkbox]" time="0.197"/>
  <testcase name="When enter register values on Create New Account Page:​​" classname="bla.tm.definitions.site.pantheon.CreateNewAccountDefinition" time="2.51"/>
  <testcase name="When click checkbox Terms of Use​" classname="bla.tm.definitions.site.pantheon.CreateNewAccountDefinition" time="0.966"/>
  <testcase name="When click Create New Account on Register Page​​" classname="bla.tm.definitions.site.pantheon.CreateNewAccountDefinition" time="0.97"/>
  <testcase name="Then the message First Name field is required. is displayed" classname="bla.tm.definitions.site.pantheon.UserAppsDefinition" time="0.682"/>
  <testcase name="Then the message First Name field is required. is displayed" classname="bla.tm.definitions.site.pantheon.UserAppsDefinition" time="0.112"/>
  <testcase name="Then the message First Name field is required. is displayed" classname="bla.tm.definitions.site.pantheon.UserAppsDefinition" time="1.013"/>
  <testcase name="Then the message First Name field is required. is displayed" classname="bla.tm.definitions.site.pantheon.UserAppsDefinition" time="0.142"/>
  <testcase name="Scenario: |developer-acct.ticketmaster.com/user/register| [Create New Account - First Name validation]" classname="Scenario: |developer-acct.ticketmaster.com/user/register| [Create New Account - First Name validation]" time="0.168"/>
  <testcase name="When enter register values on Create New Account Page:​​​" classname="bla.tm.definitions.site.pantheon.CreateNewAccountDefinition" time="5.165"/>
  <testcase name="When click checkbox Terms of Use​​" classname="bla.tm.definitions.site.pantheon.CreateNewAccountDefinition" time="1.02"/>
  <testcase name="When click Create New Account on Register Page​​​" classname="bla.tm.definitions.site.pantheon.CreateNewAccountDefinition" time="0.939"/>
  <testcase name="Then the message Last Name field is required. is displayed" classname="bla.tm.definitions.site.pantheon.UserAppsDefinition" time="0.663"/>
  <testcase name="Then the message Last Name field is required. is displayed" classname="bla.tm.definitions.site.pantheon.UserAppsDefinition" time="0.14"/>
  <testcase name="Then the message Last Name field is required. is displayed" classname="bla.tm.definitions.site.pantheon.UserAppsDefinition" time="0.953"/>
  <testcase name="Then the message Last Name field is required. is displayed" classname="bla.tm.definitions.site.pantheon.UserAppsDefinition" time="0.143"/>
  <testcase name="Scenario: |developer-acct.ticketmaster.com/user/register| [Create New Account - Company Name validation]" classname="Scenario: |developer-acct.ticketmaster.com/user/register| [Create New Account - Company Name validation]" time="0.172"/>
  <testcase name="When enter register values on Create New Account Page:​​​​" classname="bla.tm.definitions.site.pantheon.CreateNewAccountDefinition" time="4.268"/>
  <testcase name="When click checkbox Terms of Use​​​" classname="bla.tm.definitions.site.pantheon.CreateNewAccountDefinition" time="0.766"/>
  <testcase name="When click Create New Account on Register Page​​​​" classname="bla.tm.definitions.site.pantheon.CreateNewAccountDefinition" time="1.077"/>
  <testcase name="Then the message Company Name field is required. is displayed" classname="bla.tm.definitions.site.pantheon.UserAppsDefinition" time="0.697"/>
  <testcase name="Then the message Company Name field is required. is displayed" classname="bla.tm.definitions.site.pantheon.UserAppsDefinition" time="0.121"/>
  <testcase name="Then the message Company Name field is required. is displayed" classname="bla.tm.definitions.site.pantheon.UserAppsDefinition" time="1.062"/>
  <testcase name="Then the message Company Name field is required. is displayed" classname="bla.tm.definitions.site.pantheon.UserAppsDefinition" time="0.159"/>
  <testcase name="Scenario: |developer-acct.ticketmaster.com/user/register| [Create New Account - Company Name validation]​" classname="Scenario: |developer-acct.ticketmaster.com/user/register| [Create New Account - Company Name validation]​" time="0.19"/>
  <testcase name="When enter register values on Create New Account Page:​​​​​" classname="bla.tm.definitions.site.pantheon.CreateNewAccountDefinition" time="2.155"/>
  <testcase name="When click checkbox Terms of Use​​​​" classname="bla.tm.definitions.site.pantheon.CreateNewAccountDefinition" time="1.11"/>
  <testcase name="When click Create New Account on Register Page​​​​​" classname="bla.tm.definitions.site.pantheon.CreateNewAccountDefinition" time="0.97"/>
  <testcase name="Then the message Company Site URL field is required. is displayed" classname="bla.tm.definitions.site.pantheon.UserAppsDefinition" time="0.755"/>
  <testcase name="Then the message Company Site URL field is required. is displayed" classname="bla.tm.definitions.site.pantheon.UserAppsDefinition" time="0.133"/>
  <testcase name="Then the message Company Site URL field is required. is displayed" classname="bla.tm.definitions.site.pantheon.UserAppsDefinition" time="1.035"/>
  <testcase name="Then the message Company Site URL field is required. is displayed" classname="bla.tm.definitions.site.pantheon.UserAppsDefinition" time="0.15"/>
  <testcase name="Scenario: |developer-acct.ticketmaster.com/user/register| [Create New Account - Company Site URL validation]" classname="Scenario: |developer-acct.ticketmaster.com/user/register| [Create New Account - Company Site URL validation]" time="0.179"/>
  <testcase name="When enter register values on Create New Account Page:​​​​​​" classname="bla.tm.definitions.site.pantheon.CreateNewAccountDefinition" time="2.292"/>
  <testcase name="When click checkbox Terms of Use​​​​​" classname="bla.tm.definitions.site.pantheon.CreateNewAccountDefinition" time="1"/>
  <testcase name="When click Create New Account on Register Page​​​​​​" classname="bla.tm.definitions.site.pantheon.CreateNewAccountDefinition" time="0.887"/>
  <testcase name="Then the message Username field is required. is displayed" classname="bla.tm.definitions.site.pantheon.UserAppsDefinition" time="0.697"/>
  <testcase name="Then the message Username field is required. is displayed" classname="bla.tm.definitions.site.pantheon.UserAppsDefinition" time="0.123"/>
  <testcase name="Then the message Username field is required. is displayed" classname="bla.tm.definitions.site.pantheon.UserAppsDefinition" time="0.904"/>
  <testcase name="Then the message Username field is required. is displayed" classname="bla.tm.definitions.site.pantheon.UserAppsDefinition" time="0.139"/>
  <testcase name="Scenario: |developer-acct.ticketmaster.com/user/register| [Create New Account - Username validation]" classname="Scenario: |developer-acct.ticketmaster.com/user/register| [Create New Account - Username validation]" time="0.162"/>
  <testcase name="When enter register values on Create New Account Page:​​​​​​​" classname="bla.tm.definitions.site.pantheon.CreateNewAccountDefinition" time="2.07"/>
  <testcase name="When click checkbox Terms of Use​​​​​​" classname="bla.tm.definitions.site.pantheon.CreateNewAccountDefinition" time="0.999"/>
  <testcase name="When click Create New Account on Register Page​​​​​​​" classname="bla.tm.definitions.site.pantheon.CreateNewAccountDefinition" time="0.847"/>
  <testcase name="Then the message E-mail address field is required. is displayed" classname="bla.tm.definitions.site.pantheon.UserAppsDefinition" time="0.669"/>
  <testcase name="Then the message E-mail address field is required. is displayed" classname="bla.tm.definitions.site.pantheon.UserAppsDefinition" time="0.131"/>
  <testcase name="Then the message E-mail address field is required. is displayed" classname="bla.tm.definitions.site.pantheon.UserAppsDefinition" time="0.869"/>
  <testcase name="Then the message E-mail address field is required. is displayed" classname="bla.tm.definitions.site.pantheon.UserAppsDefinition" time="0.164"/>
  <testcase name="Scenario: |developer-acct.ticketmaster.com/user/register| [Create New Account - Email validation]" classname="Scenario: |developer-acct.ticketmaster.com/user/register| [Create New Account - Email validation]" time="0.198"/>
  <testcase name="CreateNewAccount.story" classname="CreateNewAccount.story" time="0.271"/>
  <testcase name="Given open Home page​​​​​​​​​​​​​​​​" classname="bla.tm.definitions.site.HomePageDefinition" time="2.255"/>
  <testcase name="When navigate to Pantheon LogIn page from Home page" classname="bla.tm.definitions.site.HomePageDefinition" time="0.76"/>
  <testcase name="When navigate to Pantheon User Account page from LogIn page" classname="bla.tm.definitions.site.pantheon.UserLogInDefinition" time="2.996"/>
  <testcase name="When navigate to Pantheon Edit Profile page from User Account page" classname="bla.tm.definitions.site.pantheon.UserAccountDefinition" time="2.905"/>
  <testcase name="Then check general page elements for Pantheon Edit Profile page" classname="bla.tm.definitions.site.pantheon.EditProfileDefinition" time="20.326"/>
  <testcase name="Scenario: |developer-acct.ticketmaster.com/user/1554/edit| Verification for general page&apos;s elements" classname="Scenario: |developer-acct.ticketmaster.com/user/1554/edit| Verification for general page&apos;s elements" time="20.354"/>
  <testcase name="EditProfile.story" classname="EditProfile.story" time="20.435"/>
  <testcase name="Given open Home page​​​​​​​​​​​​​​​​​" classname="bla.tm.definitions.site.HomePageDefinition" time="2.228"/>
  <testcase name="When navigate to Pantheon LogIn page from Home page​" classname="bla.tm.definitions.site.HomePageDefinition" time="0.864"/>
  <testcase name="When navigate to Pantheon Request New Password page from LogIn page" classname="bla.tm.definitions.site.pantheon.UserLogInDefinition" time="0.543"/>
  <testcase name="Then check general page elements for Pantheon Request New Password page" classname="bla.tm.definitions.site.pantheon.RequestNewPasswordDefinition" time="20.35"/>
  <testcase name="Scenario: |developer-acct.ticketmaster.com/user/password| Verification for general page&apos;s elements" classname="Scenario: |developer-acct.ticketmaster.com/user/password| Verification for general page&apos;s elements" time="20.38"/>
  <testcase name="RequestNewPassword.story" classname="RequestNewPassword.story" time="20.457"/>
  <testcase name="Given open Home page​​​​​​​​​​​​​​​​​​" classname="bla.tm.definitions.site.HomePageDefinition" time="3.997"/>
  <testcase name="When navigate to Pantheon LogIn page from Home page​​" classname="bla.tm.definitions.site.HomePageDefinition" time="1.151"/>
  <testcase name="When navigate to Pantheon User Account page from LogIn page​" classname="bla.tm.definitions.site.pantheon.UserLogInDefinition" time="2.554"/>
  <testcase name="Then check general page elements for Pantheon User Account page" classname="bla.tm.definitions.site.pantheon.UserAccountDefinition" time="20.412"/>
  <testcase name="Scenario: |developer-acct.ticketmaster.com/user/1554/apps| Verification for general page&apos;s elements [2.2.3.4 Login - Password field - enter valid password]" classname="Scenario: |developer-acct.ticketmaster.com/user/1554/apps| Verification for general page&apos;s elements [2.2.3.4 Login - Password field - enter valid password]" time="20.437"/>
  <testcase name="UserAccount.story" classname="UserAccount.story" time="20.507"/>
  <testcase name="When navigate to Pantheon Add New App page from User Account page" classname="bla.tm.definitions.site.pantheon.UserAccountDefinition" time="2.345"/>
  <testcase name="Then check general page elements for Pantheon Add New App page" classname="bla.tm.definitions.site.pantheon.UserAppsDefinition" time="0.94"/>
  <testcase name="Then check general page elements for Pantheon Add New App page" classname="bla.tm.definitions.site.pantheon.UserAppsDefinition" time="2.741"/>
  <testcase name="Then check general page elements for Pantheon Add New App page" classname="bla.tm.definitions.site.pantheon.UserAppsDefinition" time="1.428"/>
  <testcase name="Then check general page elements for Pantheon Add New App page" classname="bla.tm.definitions.site.pantheon.UserAppsDefinition" time="20.358"/>
  <testcase name="Scenario: |developer-acct.ticketmaster.com/user/1554/apps/add| Verification for general page&apos;s elements" classname="Scenario: |developer-acct.ticketmaster.com/user/1554/apps/add| Verification for general page&apos;s elements" time="20.418"/>
  <testcase name="Given navigate to Pantheon Add New App page from User Account page" classname="bla.tm.definitions.site.pantheon.UserAccountDefinition" time="4.711"/>
  <testcase name="When enter to the field &lt;appFormField&gt; value &lt;appName&gt;" classname="bla.tm.definitions.site.pantheon.UserAppsDefinition" time="1.626"/>
  <testcase name="When save changes on Edit App Page" classname="bla.tm.definitions.site.pantheon.UserAppsDefinition" time="3.024"/>
  <testcase name="Then the message &lt;message&gt; is displayed" classname="bla.tm.definitions.site.pantheon.UserAppsDefinition" time="1.388"/>
  <testcase name="Then the message &lt;message&gt; is displayed" classname="bla.tm.definitions.site.pantheon.UserAppsDefinition" time="0.245"/>
  <testcase name="Then the message &lt;message&gt; is displayed" classname="bla.tm.definitions.site.pantheon.UserAppsDefinition" time="1.942"/>
  <testcase name="Then the message &lt;message&gt; is displayed" classname="bla.tm.definitions.site.pantheon.UserAppsDefinition" time="0.516"/>
  <testcase name="Given navigate to Pantheon Add New App page from User Account page​" classname="bla.tm.definitions.site.pantheon.UserAccountDefinition" time="4.42"/>
  <testcase name="When enter to the field &lt;appFormField&gt; value &lt;appName&gt;​" classname="bla.tm.definitions.site.pantheon.UserAppsDefinition" time="1.509"/>
  <testcase name="When save changes on Edit App Page​" classname="bla.tm.definitions.site.pantheon.UserAppsDefinition" time="3.177"/>
  <testcase name="Then the message &lt;message&gt; is displayed​" classname="bla.tm.definitions.site.pantheon.UserAppsDefinition" time="1.547"/>
  <testcase name="Then the message &lt;message&gt; is displayed​" classname="bla.tm.definitions.site.pantheon.UserAppsDefinition" time="0.315"/>
  <testcase name="Then the message &lt;message&gt; is displayed​" classname="bla.tm.definitions.site.pantheon.UserAppsDefinition" time="1.679"/>
  <testcase name="Then the message &lt;message&gt; is displayed​" classname="bla.tm.definitions.site.pantheon.UserAppsDefinition" time="0.801"/>
  <testcase name="Scenario: |Pantheon|Add new App| Add new App negative [2.1.15 Add New App - The required field is empty]" classname="Scenario: |Pantheon|Add new App| Add new App negative [2.1.15 Add New App - The required field is empty]" time="0.877"/>
  <testcase name="Given navigate to Pantheon Add New App page from User Account page​​" classname="bla.tm.definitions.site.pantheon.UserAccountDefinition" time="3.393"/>
  <testcase name="When enter to the field Application name value uniqueApp" classname="bla.tm.definitions.site.pantheon.UserAppsDefinition" time="0.962"/>
  <testcase name="When enter to the field Redirect URI value https://oauth.ticketmaster.com" classname="bla.tm.definitions.site.pantheon.UserAppsDefinition" time="2.851"/>
  <testcase name="And save changes on Edit App Page" classname="bla.tm.definitions.site.pantheon.UserAppsDefinition" time="1.049"/>
  <testcase name="Then the message App Created! is displayed" classname="bla.tm.definitions.site.pantheon.UserAppsDefinition" time="0.203"/>
  <testcase name="Then open my Apps page" classname="bla.tm.definitions.site.pantheon.UserAppsDefinition" time="0.172"/>
  <testcase name="And the App is appeared in the list of apps" classname="bla.tm.definitions.site.pantheon.UserAppsDefinition" time="8.289"/>
  <testcase name="And the App is appeared in the list of apps" classname="bla.tm.definitions.site.pantheon.UserAppsDefinition" time="0.675"/>
  <testcase name="And the App is appeared in the list of apps" classname="bla.tm.definitions.site.pantheon.UserAppsDefinition" time="0.166"/>
  <testcase name="And the App is appeared in the list of apps" classname="bla.tm.definitions.site.pantheon.UserAppsDefinition" time="0.183"/>
  <testcase name="Scenario: |Pantheon|Add new App| [2.1.5 Add new App with values positive]" classname="Scenario: |Pantheon|Add new App| [2.1.5 Add new App with values positive]" time="0.215"/>
  <testcase name="Given open my Apps page" classname="bla.tm.definitions.site.pantheon.UserAppsDefinition" time="4.507"/>
  <testcase name="And open Edit App Page for the first application" classname="bla.tm.definitions.site.pantheon.UserAppsDefinition" time="0.981"/>
  <testcase name="When clear field &lt;appFormField&gt; on Edit App Page" classname="bla.tm.definitions.site.pantheon.UserAppsDefinition" time="4.503"/>
  <testcase name="And save changes on Edit App Page​" classname="bla.tm.definitions.site.pantheon.UserAppsDefinition" time="0.231"/>
  <testcase name="Then the message &lt;formError&gt; is displayed" classname="bla.tm.definitions.site.pantheon.UserAppsDefinition" time="0.4"/>
  <testcase name="Then the message &lt;formError&gt; is displayed" classname="bla.tm.definitions.site.pantheon.UserAppsDefinition" time="3.049"/>
  <testcase name="Then the message &lt;formError&gt; is displayed" classname="bla.tm.definitions.site.pantheon.UserAppsDefinition" time="3.17"/>
  <testcase name="Then the message &lt;formError&gt; is displayed" classname="bla.tm.definitions.site.pantheon.UserAppsDefinition" time="0.646"/>
  <testcase name="Given open my Apps page​" classname="bla.tm.definitions.site.pantheon.UserAppsDefinition" time="3.698"/>
  <testcase name="And open Edit App Page for the first application​" classname="bla.tm.definitions.site.pantheon.UserAppsDefinition" time="1.067"/>
  <testcase name="When clear field &lt;appFormField&gt; on Edit App Page​" classname="bla.tm.definitions.site.pantheon.UserAppsDefinition" time="3.684"/>
  <testcase name="And save changes on Edit App Page​​" classname="bla.tm.definitions.site.pantheon.UserAppsDefinition" time="0.388"/>
  <testcase name="Then the message &lt;formError&gt; is displayed​" classname="bla.tm.definitions.site.pantheon.UserAppsDefinition" time="0.324"/>
  <testcase name="Then the message &lt;formError&gt; is displayed​" classname="bla.tm.definitions.site.pantheon.UserAppsDefinition" time="2.713"/>
  <testcase name="Then the message &lt;formError&gt; is displayed​" classname="bla.tm.definitions.site.pantheon.UserAppsDefinition" time="3.498"/>
  <testcase name="Then the message &lt;formError&gt; is displayed​" classname="bla.tm.definitions.site.pantheon.UserAppsDefinition" time="0.571"/>
  <testcase name="Scenario: |Pantheon|Edit App| Edit app with empty required fields negative" classname="Scenario: |Pantheon|Edit App| Edit app with empty required fields negative" time="0.634"/>
  <testcase name="Given open my Apps page​​" classname="bla.tm.definitions.site.pantheon.UserAppsDefinition" time="3.714"/>
  <testcase name="And open Edit App Page for the first application​​" classname="bla.tm.definitions.site.pantheon.UserAppsDefinition" time="0.87"/>
  <testcase name="When clear field &lt;appFormField&gt; on Edit App Page​​" classname="bla.tm.definitions.site.pantheon.UserAppsDefinition" time="4.069"/>
  <testcase name="And enter to the field &lt;appFormField&gt; value &lt;appValue&gt;" classname="bla.tm.definitions.site.pantheon.UserAppsDefinition" time="0.247"/>
  <testcase name="And save changes on Edit App Page​​​" classname="bla.tm.definitions.site.pantheon.UserAppsDefinition" time="0.285"/>
  <testcase name="And the message App Updated! is displayed" classname="bla.tm.definitions.site.pantheon.UserAppsDefinition" time="3.088"/>
  <testcase name="And open my Apps page" classname="bla.tm.definitions.site.pantheon.UserAppsDefinition" time="0.056"/>
  <testcase name="And open Details tab on the application" classname="bla.tm.definitions.site.pantheon.UserAppsDefinition" time="8.112"/>
  <testcase name="Then &lt;detailName&gt; have been applied on Edit App Page with value &lt;appValue&gt;" classname="bla.tm.definitions.site.pantheon.UserAppsDefinition" time="0.681"/>
  <testcase name="Then &lt;detailName&gt; have been applied on Edit App Page with value &lt;appValue&gt;" classname="bla.tm.definitions.site.pantheon.UserAppsDefinition" time="0.12"/>
  <testcase name="Then &lt;detailName&gt; have been applied on Edit App Page with value &lt;appValue&gt;" classname="bla.tm.definitions.site.pantheon.UserAppsDefinition" time="0.248"/>
  <testcase name="Then &lt;detailName&gt; have been applied on Edit App Page with value &lt;appValue&gt;" classname="bla.tm.definitions.site.pantheon.UserAppsDefinition" time="0.656">
    <failure message="expected:&lt;[kggqhdie]&gt; but was:&lt;[mamax-Appdf]&gt;" type="org.junit.ComparisonFailure"><![CDATA[org.junit.ComparisonFailure: expected:<[kggqhdie]> but was:<[mamax-Appdf]>
	at bla.tm.definitions.site.pantheon.UserAppsDefinition.changesHaveApplied(UserAppsDefinition.java:63)
]]></failure>
    <system-out><![CDATA[And open Details tab on the application
]]></system-out>
  </testcase>
  <testcase name="Given open my Apps page​​​" classname="bla.tm.definitions.site.pantheon.UserAppsDefinition" time="2.31"/>
  <testcase name="And open Edit App Page for the first application​​​" classname="bla.tm.definitions.site.pantheon.UserAppsDefinition" time="0.839"/>
  <testcase name="When clear field &lt;appFormField&gt; on Edit App Page​​​" classname="bla.tm.definitions.site.pantheon.UserAppsDefinition" time="4.228"/>
  <testcase name="And enter to the field &lt;appFormField&gt; value &lt;appValue&gt;​" classname="bla.tm.definitions.site.pantheon.UserAppsDefinition" time="0.135"/>
  <testcase name="And save changes on Edit App Page​​​​" classname="bla.tm.definitions.site.pantheon.UserAppsDefinition" time="0.263"/>
  <testcase name="And the message App Updated! is displayed​" classname="bla.tm.definitions.site.pantheon.UserAppsDefinition" time="2.781"/>
  <testcase name="And open my Apps page​" classname="bla.tm.definitions.site.pantheon.UserAppsDefinition" time="0.097"/>
  <testcase name="And open Details tab on the application​" classname="bla.tm.definitions.site.pantheon.UserAppsDefinition" time="8.512"/>
  <testcase name="Then &lt;detailName&gt; have been applied on Edit App Page with value &lt;appValue&gt;​" classname="bla.tm.definitions.site.pantheon.UserAppsDefinition" time="0.658"/>
  <testcase name="Then &lt;detailName&gt; have been applied on Edit App Page with value &lt;appValue&gt;​" classname="bla.tm.definitions.site.pantheon.UserAppsDefinition" time="0.089"/>
  <testcase name="Then &lt;detailName&gt; have been applied on Edit App Page with value &lt;appValue&gt;​" classname="bla.tm.definitions.site.pantheon.UserAppsDefinition" time="0.16"/>
  <testcase name="Then &lt;detailName&gt; have been applied on Edit App Page with value &lt;appValue&gt;​" classname="bla.tm.definitions.site.pantheon.UserAppsDefinition" time="0.147"/>
  <testcase name="Scenario: |Pantheon|Edit App| Edit app positive [2.1.8 Edit application]" classname="Scenario: |Pantheon|Edit App| Edit app positive [2.1.8 Edit application]" time="0.215">
    <failure message="scenario failed!" type="java.lang.AssertionError">java.lang.AssertionError: scenario failed!
</failure>
    <system-out><![CDATA[Then Callback URL have been applied on Edit App Page with value https://oauth.ticketmaster.com

]]></system-out>
  </testcase>
  <testcase name="Given open my Apps page​​​​" classname="bla.tm.definitions.site.pantheon.UserAppsDefinition" time="3.809"/>
  <testcase name="When delete first App" classname="bla.tm.definitions.site.pantheon.UserAppsDefinition" time="0.808"/>
  <testcase name="Then the message App Deleted! is displayed" classname="bla.tm.definitions.site.pantheon.UserAppsDefinition" time="4.202"/>
  <testcase name="And the predefined app is removed from the list of apps" classname="bla.tm.definitions.site.pantheon.UserAppsDefinition" time="0.215"/>
  <testcase name="And the predefined app is removed from the list of apps" classname="bla.tm.definitions.site.pantheon.UserAppsDefinition" time="10.936"/>
  <testcase name="And the predefined app is removed from the list of apps" classname="bla.tm.definitions.site.pantheon.UserAppsDefinition" time="0.704"/>
  <testcase name="And the predefined app is removed from the list of apps" classname="bla.tm.definitions.site.pantheon.UserAppsDefinition" time="0.461">
    <failure type="java.lang.AssertionError">java.lang.AssertionError
	at bla.tm.definitions.site.pantheon.UserAppsDefinition.appIsRemovedFromTheListOfApps(UserAppsDefinition.java:84)
</failure>
    <system-out><![CDATA[Then the message App Deleted! is displayed
]]></system-out>
  </testcase>
  <testcase name="Scenario: |Pantheon|Delete App| Delete App positive [2.1.9 Delete application]" classname="Scenario: |Pantheon|Delete App| Delete App positive [2.1.9 Delete application]" time="0.478">
    <failure message="scenario failed!" type="java.lang.AssertionError">java.lang.AssertionError: scenario failed!
</failure>
    <system-out><![CDATA[And the predefined app is removed from the list of apps (FAILED)
(java.lang.AssertionError)
]]></system-out>
  </testcase>
  <testcase name="UserApps.story" classname="UserApps.story" time="0.556">
    <failure message="story failed!" type="java.lang.AssertionError">java.lang.AssertionError: story failed!
</failure>
    <system-out><![CDATA[
java.lang.AssertionError
	at org.junit.Assert.fail(Assert.java:86)
	at org.junit.Assert.assertTrue(Assert.java:41)
	at org.junit.Assert.assertFalse(Assert.java:64)
	at org.junit.Assert.assertFalse(Assert.java:74)
	at bla.tm.steps.pantheon.UserAppsSteps.checkIsAppNotExists(UserAppsSteps.java:76)
	at bla.tm.steps.pantheon.UserAppsSteps$$EnhancerByCGLIB$$50ba2e50.CGLIB$checkIsAppNotExists$12(<generated>)
	at bla.tm.steps.pantheon.UserAppsSteps$$EnhancerByCGLIB$$50ba2e50$$FastClassByCGLIB$$12002a3a.invoke(<generated>)
	at net.sf.cglib.proxy.MethodProxy.invokeSuper(MethodProxy.java:228)
	at net.thucydides.core.steps.StepInterceptor.invokeMethod(StepInterceptor.java:372)
	at net.thucydides.core.steps.StepInterceptor.executeTestStepMethod(StepInterceptor.java:357)
	at net.thucydides.core.steps.StepInterceptor.runTestStep(StepInterceptor.java:332)
	at net.thucydides.core.steps.StepInterceptor.testStepResult(StepInterceptor.java:134)
	at net.thucydides.core.steps.StepInterceptor.intercept(StepInterceptor.java:61)
	at bla.tm.steps.pantheon.UserAppsSteps$$EnhancerByCGLIB$$50ba2e50.checkIsAppNotExists(<generated>)
	at bla.tm.definitions.site.pantheon.UserAppsDefinition.appIsRemovedFromTheListOfApps(UserAppsDefinition.java:84)
	(reflection-invoke)
	at org.jbehave.core.steps.StepCreator$ParametrisedStep.perform(StepCreator.java:733)
	at org.jbehave.core.embedder.PerformableTree$FineSoFar.run(PerformableTree.java:346)
...
]]></system-out>
    <system-err><![CDATA[[pool-1-thread-1] ERROR net.serenitybdd.core.Serenity - 
           __  _____ _____ ____ _____   _____ _    ___ _     _____ ____  
  _       / / |_   _| ____/ ___|_   _| |  ___/ \  |_ _| |   | ____|  _ \ 
 (_)_____| |    | | |  _| \___ \ | |   | |_ / _ \  | || |   |  _| | | | |
  _|_____| |    | | | |___ ___) || |   |  _/ ___ \ | || |___| |___| |_| |
 (_)     | |    |_| |_____|____/ |_|   |_|/_/   \_\___|_____|_____|____/ 
          \_\                                                            

TEST FAILED: (Pantheon|Delete App) Delete App positive [2.1.9 Delete application]
--------------------------------------------------------------------------
[pool-1-thread-1] ERROR net.serenitybdd.core.Serenity - TEST FAILED AT STEP Check is app not exists
[pool-1-thread-1] ERROR net.serenitybdd.core.Serenity - 
]]></system-err>
  </testcase>
  <testcase name="Then check general page elements for Pantheon User LogIn page" classname="bla.tm.definitions.site.pantheon.UserLogInDefinition" time="2.422"/>
  <testcase name="Then check general page elements for Pantheon User LogIn page" classname="bla.tm.definitions.site.pantheon.UserLogInDefinition" time="0.958"/>
  <testcase name="Then check general page elements for Pantheon User LogIn page" classname="bla.tm.definitions.site.pantheon.UserLogInDefinition" time="20.245"/>
  <testcase name="Scenario: |developer-acct.ticketmaster.com/user/login| Verification for general page&apos;s elements" classname="Scenario: |developer-acct.ticketmaster.com/user/login| Verification for general page&apos;s elements" time="20.268"/>
  <testcase name="When login to Pantheon with invaliduserName and 1234567" classname="bla.tm.definitions.site.pantheon.UserLogInDefinition" time="3.48"/>
  <testcase name="Then the message Sorry, unrecognized username or password. Have you forgotten your password? is displayed" classname="bla.tm.definitions.site.pantheon.UserAppsDefinition" time="1.113"/>
  <testcase name="Then the message Sorry, unrecognized username or password. Have you forgotten your password? is displayed" classname="bla.tm.definitions.site.pantheon.UserAppsDefinition" time="0.706"/>
  <testcase name="Then the message Sorry, unrecognized username or password. Have you forgotten your password? is displayed" classname="bla.tm.definitions.site.pantheon.UserAppsDefinition" time="0.272"/>
  <testcase name="Scenario: |developer-acct.ticketmaster.com/user/login| [2.2.3.2 Login - Username/Email field - enter invalid username]" classname="Scenario: |developer-acct.ticketmaster.com/user/login| [2.2.3.2 Login - Username/Email field - enter invalid username]" time="0.31"/>
  <testcase name="When login to Pantheon using OpenID invalidOpenID" classname="bla.tm.definitions.site.pantheon.UserLogInDefinition" time="5.273"/>
  <testcase name="Then the message Sorry, that is not a valid OpenID. Ensure you have spelled your ID correctly. is displayed" classname="bla.tm.definitions.site.pantheon.UserAppsDefinition" time="0.873"/>
  <testcase name="Then the message Sorry, that is not a valid OpenID. Ensure you have spelled your ID correctly. is displayed" classname="bla.tm.definitions.site.pantheon.UserAppsDefinition" time="0.906"/>
  <testcase name="Then the message Sorry, that is not a valid OpenID. Ensure you have spelled your ID correctly. is displayed" classname="bla.tm.definitions.site.pantheon.UserAppsDefinition" time="0.358"/>
  <testcase name="Scenario: |developer-acct.ticketmaster.com/user/login| [2.2.3.8 Login - OpenID field - invalid OpenID]" classname="Scenario: |developer-acct.ticketmaster.com/user/login| [2.2.3.8 Login - OpenID field - invalid OpenID]" time="0.389"/>
  <testcase name="UserLogIn.story" classname="UserLogIn.story" time="0.454"/>
  <testcase name="Given open Partners page" classname="bla.tm.definitions.site.partners.PartnersDefinition" time="2.114"/>
  <testcase name="Then check general page elements for Partners Page, where DISQUS = false and LeftMenu = false" classname="bla.tm.definitions.site.partners.PartnersDefinition" time="20.289"/>
  <testcase name="Scenario: |/partners/| Verification for general page&apos;s elements" classname="Scenario: |/partners/| Verification for general page&apos;s elements" time="20.318"/>
  <testcase name="Partners.story" classname="Partners.story" time="20.38"/>
  <testcase name="Given open Certified Partners page" classname="bla.tm.definitions.site.partners.Partners_CertifiedPartnersDefinition" time="2.834"/>
  <testcase name="Then check general page elements for Certified Partners Page, where DISQUS = false and LeftMenu = true" classname="bla.tm.definitions.site.partners.Partners_CertifiedPartnersDefinition" time="10.29"/>
  <testcase name="Scenario: |/partners/certified-partners/| Verification for general page&apos;s elements" classname="Scenario: |/partners/certified-partners/| Verification for general page&apos;s elements" time="10.335"/>
  <testcase name="Partners_CertifiedPartners.story" classname="Partners_CertifiedPartners.story" time="10.401"/>
  <testcase name="Given open Distribution Partners page" classname="bla.tm.definitions.site.partners.Partners_DistributionPartnersDefinition" time="3.536"/>
  <testcase name="Then check general page elements for Distribution Partners Page, where DISQUS = true and LeftMenu = true" classname="bla.tm.definitions.site.partners.Partners_DistributionPartnersDefinition" time="0.603"/>
  <testcase name="Scenario: |/partners/distribution-partners/| Verification for general page&apos;s elements" classname="Scenario: |/partners/distribution-partners/| Verification for general page&apos;s elements" time="0.639"/>
  <testcase name="Partners_DistributionPartners.story" classname="Partners_DistributionPartners.story" time="0.707"/>
  <testcase name="Given open Join The Nexus Program page" classname="bla.tm.definitions.site.partners.Partners_NexusDefinition" time="2.044"/>
  <testcase name="Then check general page elements for Join The Nexus Program Page, where DISQUS = true and LeftMenu = true" classname="bla.tm.definitions.site.partners.Partners_NexusDefinition" time="0.749"/>
  <testcase name="Scenario: |/partners/certified-partners/nexus/| Verification for general page&apos;s elements" classname="Scenario: |/partners/certified-partners/nexus/| Verification for general page&apos;s elements" time="0.81"/>
  <testcase name="Partners_Nexus.story" classname="Partners_Nexus.story" time="0.941"/>
  <testcase name="Given open Startups and Developers page" classname="bla.tm.definitions.site.partners.Partners_StartupsDevelopersDefinition" time="4.776"/>
  <testcase name="Then check general page elements for Startups and Developers Page, where DISQUS = true and LeftMenu = true" classname="bla.tm.definitions.site.partners.Partners_StartupsDevelopersDefinition" time="0.399"/>
  <testcase name="Scenario: |/partners/startups-and-developers/| Verification for general page&apos;s elements" classname="Scenario: |/partners/startups-and-developers/| Verification for general page&apos;s elements" time="0.442"/>
  <testcase name="Partners_StartupsDevelopers.story" classname="Partners_StartupsDevelopers.story" time="0.504"/>
  <testcase name="Given open Products and Docs page" classname="bla.tm.definitions.site.products_and_docs.PD_Definition" time="1.964"/>
  <testcase name="Then check general page elements for Products and Docs Page, where DISQUS = false and LeftMenu = false" classname="bla.tm.definitions.site.products_and_docs.PD_Definition" time="40.284"/>
  <testcase name="Scenario: |/support/| Verification for general page&apos;s elements" classname="Scenario: |/support/| Verification for general page&apos;s elements" time="40.306"/>
  <testcase name="PD.story" classname="PD.story" time="40.368"/>
  <testcase name="Given open API Explorer page" classname="bla.tm.definitions.site.products_and_docs.PD_APIExplorerDefinition" time="3.554"/>
  <testcase name="Then check general page elements for API Explorer Page, where DISQUS = true and LeftMenu = false" classname="bla.tm.definitions.site.products_and_docs.PD_APIExplorerDefinition" time="10.848"/>
  <testcase name="Scenario: |/api-explorer/| Verification for general page&apos;s elements" classname="Scenario: |/api-explorer/| Verification for general page&apos;s elements" time="10.872"/>
  <testcase name="PD_APIExplorer.story" classname="PD_APIExplorer.story" time="10.935"/>
  <testcase name="Given open ChangeLog page" classname="bla.tm.definitions.site.products_and_docs.PD_ChangeLogDefinition" time="1.745"/>
  <testcase name="Then check general page elements for ChangeLog Page, where DISQUS = true and LeftMenu = true" classname="bla.tm.definitions.site.products_and_docs.PD_ChangeLogDefinition" time="0.256"/>
  <testcase name="Scenario: |/products-and-docs/apis/changelog/| Verification for general page&apos;s elements" classname="Scenario: |/products-and-docs/apis/changelog/| Verification for general page&apos;s elements" time="0.73"/>
  <testcase name="PD_ChangeLog.story" classname="PD_ChangeLog.story" time="0.805"/>
  <testcase name="Given open Commerce API page" classname="bla.tm.definitions.site.products_and_docs.PD_ComerceAPIDefinition" time="4.196"/>
  <testcase name="Then check general page elements for Commerce API Page, where DISQUS = true and LeftMenu = true" classname="bla.tm.definitions.site.products_and_docs.PD_ComerceAPIDefinition" time="0.979"/>
  <testcase name="Scenario: |/products-and-docs/apis/commerce/| Verification for general page&apos;s elements" classname="Scenario: |/products-and-docs/apis/commerce/| Verification for general page&apos;s elements" time="1.013"/>
  <testcase name="PD_CommerceAPI.story" classname="PD_CommerceAPI.story" time="1.086"/>
  <testcase name="Given open Deals API page" classname="bla.tm.definitions.site.products_and_docs.PD_DealsAPIDefinition" time="3.17"/>
  <testcase name="Then check general page elements for Deals API Page, where DISQUS = true and LeftMenu = true" classname="bla.tm.definitions.site.products_and_docs.PD_DealsAPIDefinition" time="0.457"/>
  <testcase name="Scenario: |/products-and-docs/apis/deals-api/| Verification for general page&apos;s elements" classname="Scenario: |/products-and-docs/apis/deals-api/| Verification for general page&apos;s elements" time="0.482"/>
  <testcase name="PD_DealsAPI.story" classname="PD_DealsAPI.story" time="0.546"/>
  <testcase name="Given open Discovery API v1 page" classname="bla.tm.definitions.site.products_and_docs.PD_DiscoveryAPIv1Definition" time="4.729"/>
  <testcase name="Then check general page elements for Discovery API v1 Page, where DISQUS = true and LeftMenu = true" classname="bla.tm.definitions.site.products_and_docs.PD_DiscoveryAPIv1Definition" time="0.687"/>
  <testcase name="Scenario: |/products-and-docs/apis/discovery-api/v1/| Verification for general page&apos;s elements" classname="Scenario: |/products-and-docs/apis/discovery-api/v1/| Verification for general page&apos;s elements" time="0.71"/>
  <testcase name="PD_DiscoveryAPIV1.story" classname="PD_DiscoveryAPIV1.story" time="0.772"/>
  <testcase name="Given open Discovery API v2 page" classname="bla.tm.definitions.site.products_and_docs.PD_DiscoveryAPIv2Definition" time="5.593"/>
  <testcase name="Then check general page elements for Discovery API v2 Page, where DISQUS = true and LeftMenu = true" classname="bla.tm.definitions.site.products_and_docs.PD_DiscoveryAPIv2Definition" time="1.882"/>
  <testcase name="Scenario: |/products-and-docs/apis/discovery/v2/| Verification for general page&apos;s elements" classname="Scenario: |/products-and-docs/apis/discovery/v2/| Verification for general page&apos;s elements" time="2.004"/>
  <testcase name="PD_DiscoveryAPIV2.story" classname="PD_DiscoveryAPIV2.story" time="2.069"/>
  <testcase name="Given open Commerce API page​" classname="bla.tm.definitions.site.products_and_docs.PD_ComerceAPIDefinition" time="3.304"/>
  <testcase name="When Commerce API menu has list of methods" classname="bla.tm.definitions.site.products_and_docs.PD_ComerceAPIDefinition" time="128.022"/>
  <testcase name="And open Getting Started page" classname="bla.tm.definitions.site.products_and_docs.PD_GettingStartedDefinition" time="0.593"/>
  <testcase name="Then all the Commerce API methods are shown on Getting Started page" classname="bla.tm.definitions.site.products_and_docs.PD_GettingStartedDefinition" time="41.204"/>
  <testcase name="Scenario: |/products-and-docs/apis/getting-started/| TKMDPA-874 Commerce API links in Available Resources table" classname="Scenario: |/products-and-docs/apis/getting-started/| TKMDPA-874 Commerce API links in Available Resources table" time="42.054"/>
  <testcase name="Given open Getting Started page" classname="bla.tm.definitions.site.products_and_docs.PD_GettingStartedDefinition" time="1.828"/>
  <testcase name="Then check general page elements for Getting Started Page, where DISQUS = true and LeftMenu = true" classname="bla.tm.definitions.site.products_and_docs.PD_GettingStartedDefinition" time="1.362"/>
  <testcase name="Scenario: |/products-and-docs/apis/getting-started/| Verification for general page&apos;s elements" classname="Scenario: |/products-and-docs/apis/getting-started/| Verification for general page&apos;s elements" time="1.445"/>
  <testcase name="PD_GettingStarted.story" classname="PD_GettingStarted.story" time="1.513"/>
  <testcase name="Given open International Discovery API page" classname="bla.tm.definitions.site.products_and_docs.PD_InternationalDiscoveryAPIDefinition" time="4.179"/>
  <testcase name="Then check general page elements for International Discovery API Page, where DISQUS = true and LeftMenu = true" classname="bla.tm.definitions.site.products_and_docs.PD_InternationalDiscoveryAPIDefinition" time="1.864"/>
  <testcase name="Scenario: |/products-and-docs/apis/international-discovery/| Verification for general page&apos;s elements" classname="Scenario: |/products-and-docs/apis/international-discovery/| Verification for general page&apos;s elements" time="1.916"/>
  <testcase name="PD_InternationalDiscoveryAPI.story" classname="PD_InternationalDiscoveryAPI.story" time="1.979"/>
  <testcase name="Given open Inventory Status API page" classname="bla.tm.definitions.site.products_and_docs.PD_InventoryStatusAPIDefinition" time="2.448"/>
  <testcase name="Then check general page elements for Inventory Status API Page, where DISQUS = true and LeftMenu = true" classname="bla.tm.definitions.site.products_and_docs.PD_InventoryStatusAPIDefinition" time="0.397"/>
  <testcase name="Scenario: |/products-and-docs/apis/inventory-status/| Verification for general page&apos;s elements" classname="Scenario: |/products-and-docs/apis/inventory-status/| Verification for general page&apos;s elements" time="0.48"/>
  <testcase name="PD_InventoryStatusAPI.story" classname="PD_InventoryStatusAPI.story" time="0.546"/>
  <testcase name="Given open Oauth API page" classname="bla.tm.definitions.site.products_and_docs.PD_OauthAPIDefinition" time="3.46"/>
  <testcase name="Then check general page elements for Oauth API Page, where DISQUS = true and LeftMenu = true" classname="bla.tm.definitions.site.products_and_docs.PD_OauthAPIDefinition" time="0.207"/>
  <testcase name="Scenario: |/products-and-docs/apis/oauth/| Verification for general page&apos;s elements" classname="Scenario: |/products-and-docs/apis/oauth/| Verification for general page&apos;s elements" time="0.23"/>
  <testcase name="PD_OauthAPI.story" classname="PD_OauthAPI.story" time="0.291"/>
  <testcase name="Given open Partner API page" classname="bla.tm.definitions.site.products_and_docs.PD_PartnerAPIDefinition" time="3.49"/>
  <testcase name="Then check general page elements for Partner API Page, where DISQUS = true and LeftMenu = true" classname="bla.tm.definitions.site.products_and_docs.PD_PartnerAPIDefinition" time="0.742"/>
  <testcase name="Scenario: |/products-and-docs/apis/partner/| Verification for general page&apos;s elements" classname="Scenario: |/products-and-docs/apis/partner/| Verification for general page&apos;s elements" time="0.765"/>
  <testcase name="PD_PartnerAPI.story" classname="PD_PartnerAPI.story" time="0.828"/>
  <testcase name="Given open Publish API page" classname="bla.tm.definitions.site.products_and_docs.PD_PublishAPIDefinition" time="3.433"/>
  <testcase name="Then check general page elements for Publish API Page, where DISQUS = true and LeftMenu = true" classname="bla.tm.definitions.site.products_and_docs.PD_PublishAPIDefinition" time="0.505"/>
  <testcase name="Scenario: |/products-and-docs/apis/publish/| Verification for general page&apos;s elements" classname="Scenario: |/products-and-docs/apis/publish/| Verification for general page&apos;s elements" time="0.539"/>
  <testcase name="PD_PublishAPI.story" classname="PD_PublishAPI.story" time="0.617"/>
  <testcase name="Given open SDKs page" classname="bla.tm.definitions.site.products_and_docs.PD_SDKsDefinition" time="2.548"/>
  <testcase name="Then check general page elements for SDKs Page, where DISQUS = true and LeftMenu = true" classname="bla.tm.definitions.site.products_and_docs.PD_SDKsDefinition" time="0.606"/>
  <testcase name="Scenario: |/products-and-docs/sdks/| Verification for general page&apos;s elements" classname="Scenario: |/products-and-docs/sdks/| Verification for general page&apos;s elements" time="0.645"/>
  <testcase name="Given open SDKs page​" classname="bla.tm.definitions.site.products_and_docs.PD_SDKsDefinition" time="3.176"/>
  <testcase name="When check visibility and click &lt;elementKey&gt; element of SDKs page" classname="bla.tm.definitions.site.products_and_docs.PD_SDKsDefinition" time="1.22"/>
  <testcase name="Then check that new page opened from SDKs page has &lt;pageURL&gt; and &lt;pageTitle&gt;" classname="bla.tm.definitions.site.products_and_docs.PD_SDKsDefinition" time="1.129"/>
  <testcase name="Given open SDKs page​​" classname="bla.tm.definitions.site.products_and_docs.PD_SDKsDefinition" time="2.693"/>
  <testcase name="When check visibility and click &lt;elementKey&gt; element of SDKs page​" classname="bla.tm.definitions.site.products_and_docs.PD_SDKsDefinition" time="1"/>
  <testcase name="Then check that new page opened from SDKs page has &lt;pageURL&gt; and &lt;pageTitle&gt;​" classname="bla.tm.definitions.site.products_and_docs.PD_SDKsDefinition" time="0.779"/>
  <testcase name="Given open SDKs page​​​" classname="bla.tm.definitions.site.products_and_docs.PD_SDKsDefinition" time="3.297"/>
  <testcase name="When check visibility and click &lt;elementKey&gt; element of SDKs page​​" classname="bla.tm.definitions.site.products_and_docs.PD_SDKsDefinition" time="1.044"/>
  <testcase name="Then check that new page opened from SDKs page has &lt;pageURL&gt; and &lt;pageTitle&gt;​​" classname="bla.tm.definitions.site.products_and_docs.PD_SDKsDefinition" time="1.139"/>
  <testcase name="Scenario: |products-and-docs/sdks/| Verification for all the page&apos;s links" classname="Scenario: |products-and-docs/sdks/| Verification for all the page&apos;s links" time="1.206"/>
  <testcase name="PD_SDKs.story" classname="PD_SDKs.story" time="1.208"/>
  <testcase name="Given open Season Ticketing API page" classname="bla.tm.definitions.site.products_and_docs.PD_SeasonTicketingAPIDefinition" time="1.928"/>
  <testcase name="Then check general page elements for Season Ticketing API Page, where DISQUS = true and LeftMenu = true" classname="bla.tm.definitions.site.products_and_docs.PD_SeasonTicketingAPIDefinition" time="0.938"/>
  <testcase name="Scenario: |/api-explorer/| Verification for general page&apos;s elements​" classname="Scenario: |/api-explorer/| Verification for general page&apos;s elements​" time="0.961"/>
  <testcase name="PD_SeasonTicketingAPI.story" classname="PD_SeasonTicketingAPI.story" time="1.035"/>
  <testcase name="Given open Top Picks API page" classname="bla.tm.definitions.site.products_and_docs.PD_TopPicksAPIDefinition" time="1.996"/>
  <testcase name="Then check general page elements for Top Picks API Page, where DISQUS = true and LeftMenu = true" classname="bla.tm.definitions.site.products_and_docs.PD_TopPicksAPIDefinition" time="0.64"/>
  <testcase name="Scenario: |/api-explorer/| Verification for general page&apos;s elements​​" classname="Scenario: |/api-explorer/| Verification for general page&apos;s elements​​" time="0.665"/>
  <testcase name="PD_TopPicksAPI.story" classname="PD_TopPicksAPI.story" time="0.775"/>
  <testcase name="Given open Tutorials page" classname="bla.tm.definitions.site.products_and_docs.PD_TutorialsDefinition" time="1.718"/>
  <testcase name="Then check general page elements for Tutorials Page, where DISQUS = false and LeftMenu = true" classname="bla.tm.definitions.site.products_and_docs.PD_TutorialsDefinition" time="10.179"/>
  <testcase name="Scenario: |/products-and-docs/tutorials/| Verification for general page&apos;s elements" classname="Scenario: |/products-and-docs/tutorials/| Verification for general page&apos;s elements" time="10.204"/>
  <testcase name="Given open Tutorials page​" classname="bla.tm.definitions.site.products_and_docs.PD_TutorialsDefinition" time="4.486"/>
  <testcase name="When check visibility and click &lt;elementKey&gt; element of Tutorials page" classname="bla.tm.definitions.site.products_and_docs.PD_TutorialsDefinition" time="3.86"/>
  <testcase name="Then check that new page opened from Tutorials page has &lt;pageURL&gt; and &lt;pageTitle&gt;" classname="bla.tm.definitions.site.products_and_docs.PD_TutorialsDefinition" time="0.066"/>
  <testcase name="Given open Tutorials page​​" classname="bla.tm.definitions.site.products_and_docs.PD_TutorialsDefinition" time="1.922"/>
  <testcase name="When check visibility and click &lt;elementKey&gt; element of Tutorials page​" classname="bla.tm.definitions.site.products_and_docs.PD_TutorialsDefinition" time="2.108"/>
  <testcase name="Then check that new page opened from Tutorials page has &lt;pageURL&gt; and &lt;pageTitle&gt;​" classname="bla.tm.definitions.site.products_and_docs.PD_TutorialsDefinition" time="0.104"/>
  <testcase name="Given open Tutorials page​​​" classname="bla.tm.definitions.site.products_and_docs.PD_TutorialsDefinition" time="2.447"/>
  <testcase name="When check visibility and click &lt;elementKey&gt; element of Tutorials page​​" classname="bla.tm.definitions.site.products_and_docs.PD_TutorialsDefinition" time="1.743"/>
  <testcase name="Then check that new page opened from Tutorials page has &lt;pageURL&gt; and &lt;pageTitle&gt;​​" classname="bla.tm.definitions.site.products_and_docs.PD_TutorialsDefinition" time="0.175"/>
  <testcase name="Given open Tutorials page​​​​" classname="bla.tm.definitions.site.products_and_docs.PD_TutorialsDefinition" time="1.77"/>
  <testcase name="When check visibility and click &lt;elementKey&gt; element of Tutorials page​​​" classname="bla.tm.definitions.site.products_and_docs.PD_TutorialsDefinition" time="3.339"/>
  <testcase name="Then check that new page opened from Tutorials page has &lt;pageURL&gt; and &lt;pageTitle&gt;​​​" classname="bla.tm.definitions.site.products_and_docs.PD_TutorialsDefinition" time="0.292"/>
  <testcase name="Given open Tutorials page​​​​​" classname="bla.tm.definitions.site.products_and_docs.PD_TutorialsDefinition" time="1.831"/>
  <testcase name="When check visibility and click &lt;elementKey&gt; element of Tutorials page​​​​" classname="bla.tm.definitions.site.products_and_docs.PD_TutorialsDefinition" time="1.767"/>
  <testcase name="Then check that new page opened from Tutorials page has &lt;pageURL&gt; and &lt;pageTitle&gt;​​​​" classname="bla.tm.definitions.site.products_and_docs.PD_TutorialsDefinition" time="0.177"/>
  <testcase name="Given open Tutorials page​​​​​​" classname="bla.tm.definitions.site.products_and_docs.PD_TutorialsDefinition" time="1.726"/>
  <testcase name="When check visibility and click &lt;elementKey&gt; element of Tutorials page​​​​​" classname="bla.tm.definitions.site.products_and_docs.PD_TutorialsDefinition" time="1.733"/>
  <testcase name="Then check that new page opened from Tutorials page has &lt;pageURL&gt; and &lt;pageTitle&gt;​​​​​" classname="bla.tm.definitions.site.products_and_docs.PD_TutorialsDefinition" time="0.244"/>
  <testcase name="Given open Tutorials page​​​​​​​" classname="bla.tm.definitions.site.products_and_docs.PD_TutorialsDefinition" time="2.374"/>
  <testcase name="When check visibility and click &lt;elementKey&gt; element of Tutorials page​​​​​​" classname="bla.tm.definitions.site.products_and_docs.PD_TutorialsDefinition" time="1.604"/>
  <testcase name="Then check that new page opened from Tutorials page has &lt;pageURL&gt; and &lt;pageTitle&gt;​​​​​​" classname="bla.tm.definitions.site.products_and_docs.PD_TutorialsDefinition" time="0.303"/>
  <testcase name="Given open Tutorials page​​​​​​​​" classname="bla.tm.definitions.site.products_and_docs.PD_TutorialsDefinition" time="1.919"/>
  <testcase name="When check visibility and click &lt;elementKey&gt; element of Tutorials page​​​​​​​" classname="bla.tm.definitions.site.products_and_docs.PD_TutorialsDefinition" time="3.574"/>
  <testcase name="Then check that new page opened from Tutorials page has &lt;pageURL&gt; and &lt;pageTitle&gt;​​​​​​​" classname="bla.tm.definitions.site.products_and_docs.PD_TutorialsDefinition" time="0.042"/>
  <testcase name="Given open Tutorials page​​​​​​​​​" classname="bla.tm.definitions.site.products_and_docs.PD_TutorialsDefinition" time="2.591"/>
  <testcase name="When check visibility and click &lt;elementKey&gt; element of Tutorials page​​​​​​​​" classname="bla.tm.definitions.site.products_and_docs.PD_TutorialsDefinition" time="3.349"/>
  <testcase name="Then check that new page opened from Tutorials page has &lt;pageURL&gt; and &lt;pageTitle&gt;​​​​​​​​" classname="bla.tm.definitions.site.products_and_docs.PD_TutorialsDefinition" time="0.062"/>
  <testcase name="Scenario: |/products-and-docs/tutorials/| Verification for all the page&apos;s links" classname="Scenario: |/products-and-docs/tutorials/| Verification for all the page&apos;s links" time="0.127"/>
  <testcase name="PD_Tutorials.story" classname="PD_Tutorials.story" time="0.128"/>
  <testcase name="Given open Tutorials EventSearch page" classname="bla.tm.definitions.site.products_and_docs.PD_Tutorials_EventSearchDefinition" time="2.772"/>
  <testcase name="Then check general page elements for Tutorials EventSearch Page, where DISQUS = false and LeftMenu = true" classname="bla.tm.definitions.site.products_and_docs.PD_Tutorials_EventSearchDefinition" time="10.177"/>
  <testcase name="Scenario: |/products-and-docs/tutorials/events-search/| Verification for general page&apos;s elements" classname="Scenario: |/products-and-docs/tutorials/events-search/| Verification for general page&apos;s elements" time="10.201"/>
  <testcase name="Given open Tutorials EventSearch page​" classname="bla.tm.definitions.site.products_and_docs.PD_Tutorials_EventSearchDefinition" time="1.714"/>
  <testcase name="When check visibility and click &lt;elementKey&gt; element of Tutorials EventSearch page" classname="bla.tm.definitions.site.products_and_docs.PD_Tutorials_EventSearchDefinition" time="2.625"/>
  <testcase name="Then check that new page opened from Tutorials EventSearch page has &lt;pageURL&gt; and &lt;pageTitle&gt;" classname="bla.tm.definitions.site.products_and_docs.PD_Tutorials_EventSearchDefinition" time="0.058"/>
  <testcase name="Given open Tutorials EventSearch page​​" classname="bla.tm.definitions.site.products_and_docs.PD_Tutorials_EventSearchDefinition" time="1.858"/>
  <testcase name="When check visibility and click &lt;elementKey&gt; element of Tutorials EventSearch page​" classname="bla.tm.definitions.site.products_and_docs.PD_Tutorials_EventSearchDefinition" time="1.67"/>
  <testcase name="Then check that new page opened from Tutorials EventSearch page has &lt;pageURL&gt; and &lt;pageTitle&gt;​" classname="bla.tm.definitions.site.products_and_docs.PD_Tutorials_EventSearchDefinition" time="0.131"/>
  <testcase name="Given open Tutorials EventSearch page​​​" classname="bla.tm.definitions.site.products_and_docs.PD_Tutorials_EventSearchDefinition" time="1.694"/>
  <testcase name="When check visibility and click &lt;elementKey&gt; element of Tutorials EventSearch page​​" classname="bla.tm.definitions.site.products_and_docs.PD_Tutorials_EventSearchDefinition" time="1.528"/>
  <testcase name="Then check that new page opened from Tutorials EventSearch page has &lt;pageURL&gt; and &lt;pageTitle&gt;​​" classname="bla.tm.definitions.site.products_and_docs.PD_Tutorials_EventSearchDefinition" time="0.602"/>
  <testcase name="Given open Tutorials EventSearch page​​​​" classname="bla.tm.definitions.site.products_and_docs.PD_Tutorials_EventSearchDefinition" time="2.881"/>
  <testcase name="When check visibility and click &lt;elementKey&gt; element of Tutorials EventSearch page​​​" classname="bla.tm.definitions.site.products_and_docs.PD_Tutorials_EventSearchDefinition" time="1.776"/>
  <testcase name="Then check that new page opened from Tutorials EventSearch page has &lt;pageURL&gt; and &lt;pageTitle&gt;​​​" classname="bla.tm.definitions.site.products_and_docs.PD_Tutorials_EventSearchDefinition" time="0.134"/>
  <testcase name="Given open Tutorials EventSearch page​​​​​" classname="bla.tm.definitions.site.products_and_docs.PD_Tutorials_EventSearchDefinition" time="1.666"/>
  <testcase name="When check visibility and click &lt;elementKey&gt; element of Tutorials EventSearch page​​​​" classname="bla.tm.definitions.site.products_and_docs.PD_Tutorials_EventSearchDefinition" time="1.791"/>
  <testcase name="Then check that new page opened from Tutorials EventSearch page has &lt;pageURL&gt; and &lt;pageTitle&gt;​​​​" classname="bla.tm.definitions.site.products_and_docs.PD_Tutorials_EventSearchDefinition" time="0.245"/>
  <testcase name="Given open Tutorials EventSearch page​​​​​​" classname="bla.tm.definitions.site.products_and_docs.PD_Tutorials_EventSearchDefinition" time="2.968"/>
  <testcase name="When check visibility and click &lt;elementKey&gt; element of Tutorials EventSearch page​​​​​" classname="bla.tm.definitions.site.products_and_docs.PD_Tutorials_EventSearchDefinition" time="2.798"/>
  <testcase name="Then check that new page opened from Tutorials EventSearch page has &lt;pageURL&gt; and &lt;pageTitle&gt;​​​​​" classname="bla.tm.definitions.site.products_and_docs.PD_Tutorials_EventSearchDefinition" time="0.082"/>
  <testcase name="Scenario: |/products-and-docs/tutorials/events-search/| Verification for all the page&apos;s links" classname="Scenario: |/products-and-docs/tutorials/events-search/| Verification for all the page&apos;s links" time="0.145"/>
  <testcase name="PD_Tutorials_EventSearch.story" classname="PD_Tutorials_EventSearch.story" time="0.147"/>
  <testcase name="Given open Tutorials EventSearch SearchEventInSomeLocation page" classname="bla.tm.definitions.site.products_and_docs.PD_Tutorials_EventSearch_SearchEventInSomeLocationDefinition" time="4.506"/>
  <testcase name="Then check general page elements for Tutorials EventSearch SearchEventInSomeLocation Page, where DISQUS = true and LeftMenu = true" classname="bla.tm.definitions.site.products_and_docs.PD_Tutorials_EventSearch_SearchEventInSomeLocationDefinition" time="0.203"/>
  <testcase name="Scenario: |/products-and-docs/tutorials/events-search/search_events_in_location_html| Verification for general page&apos;s elements" classname="Scenario: |/products-and-docs/tutorials/events-search/search_events_in_location_html| Verification for general page&apos;s elements" time="0.222"/>
  <testcase name="PD_Tutorials_EventSearch_SearchEventInSomeLocation.story" classname="PD_Tutorials_EventSearch_SearchEventInSomeLocation.story" time="0.283"/>
  <testcase name="Given open Tutorials EventSearch SearchEventWithDiscoveryAPI page" classname="bla.tm.definitions.site.products_and_docs.PD_Tutorials_EventSearch_SearchEventWithDiscoveryAPIDefinition" time="4.595"/>
  <testcase name="Then check general page elements for Tutorials EventSearch SearchEventWithDiscoveryAPI Page, where DISQUS = true and LeftMenu = true" classname="bla.tm.definitions.site.products_and_docs.PD_Tutorials_EventSearch_SearchEventWithDiscoveryAPIDefinition" time="0.63"/>
  <testcase name="Scenario: |/products-and-docs/tutorials/events-search/search_events_with_discovery_api_html| Verification for general page&apos;s elements" classname="Scenario: |/products-and-docs/tutorials/events-search/search_events_with_discovery_api_html| Verification for general page&apos;s elements" time="0.653"/>
  <testcase name="PD_Tutorials_EventSearch_SearchEventWithDiscoveryAPI.story" classname="PD_Tutorials_EventSearch_SearchEventWithDiscoveryAPI.story" time="0.716"/>
  <testcase name="Given open Tutorials Widgets page" classname="bla.tm.definitions.site.products_and_docs.PD_Tutorials_WidgetsDefinition" time="2.237"/>
  <testcase name="Then check general page elements for Tutorials Widgets Page, where DISQUS = false and LeftMenu = true" classname="bla.tm.definitions.site.products_and_docs.PD_Tutorials_WidgetsDefinition" time="10.26"/>
  <testcase name="Scenario: |/products-and-docs/tutorials/widgets/| Verification for general page&apos;s elements" classname="Scenario: |/products-and-docs/tutorials/widgets/| Verification for general page&apos;s elements" time="10.284"/>
  <testcase name="Given open Tutorials Widgets page​" classname="bla.tm.definitions.site.products_and_docs.PD_Tutorials_WidgetsDefinition" time="1.807"/>
  <testcase name="When check visibility and click &lt;elementKey&gt; element of Tutorials Widgets page" classname="bla.tm.definitions.site.products_and_docs.PD_Tutorials_WidgetsDefinition" time="1.321"/>
  <testcase name="Then check that new page opened from Tutorials Widgets page has &lt;pageURL&gt; and &lt;pageTitle&gt;" classname="bla.tm.definitions.site.products_and_docs.PD_Tutorials_WidgetsDefinition" time="0.124"/>
  <testcase name="Given open Tutorials Widgets page​​" classname="bla.tm.definitions.site.products_and_docs.PD_Tutorials_WidgetsDefinition" time="1.652"/>
  <testcase name="When check visibility and click &lt;elementKey&gt; element of Tutorials Widgets page​" classname="bla.tm.definitions.site.products_and_docs.PD_Tutorials_WidgetsDefinition" time="1.213"/>
  <testcase name="Then check that new page opened from Tutorials Widgets page has &lt;pageURL&gt; and &lt;pageTitle&gt;​" classname="bla.tm.definitions.site.products_and_docs.PD_Tutorials_WidgetsDefinition" time="0.101"/>
  <testcase name="Given open Tutorials Widgets page​​​" classname="bla.tm.definitions.site.products_and_docs.PD_Tutorials_WidgetsDefinition" time="1.768"/>
  <testcase name="When check visibility and click &lt;elementKey&gt; element of Tutorials Widgets page​​" classname="bla.tm.definitions.site.products_and_docs.PD_Tutorials_WidgetsDefinition" time="1.246"/>
  <testcase name="Then check that new page opened from Tutorials Widgets page has &lt;pageURL&gt; and &lt;pageTitle&gt;​​" classname="bla.tm.definitions.site.products_and_docs.PD_Tutorials_WidgetsDefinition" time="0.217"/>
  <testcase name="Scenario: |/products-and-docs/tutorials/widgets/| Verification for all the page&apos;s links" classname="Scenario: |/products-and-docs/tutorials/widgets/| Verification for all the page&apos;s links" time="0.295"/>
  <testcase name="PD_Tutorials_Widgets.story" classname="PD_Tutorials_Widgets.story" time="0.296"/>
  <testcase name="Given open Tutorials Widgets EventDiscoveryWidget page" classname="bla.tm.definitions.site.products_and_docs.PD_Tutorials_Widgets_EventDiscoveryWidgetDefinition" time="2.394"/>
  <testcase name="Then check general page elements for Tutorials Widgets EventDiscoveryWidget Page, where DISQUS = true and LeftMenu = true" classname="bla.tm.definitions.site.products_and_docs.PD_Tutorials_Widgets_EventDiscoveryWidgetDefinition" time="0.371"/>
  <testcase name="Scenario: |/products-and-docs/tutorials/widgets/Event_Discovery_Widget_html| Verification for general page&apos;s elements" classname="Scenario: |/products-and-docs/tutorials/widgets/Event_Discovery_Widget_html| Verification for general page&apos;s elements" time="0.395"/>
  <testcase name="PD_Tutorials_Widgets_EventDiscoveryWidget.story" classname="PD_Tutorials_Widgets_EventDiscoveryWidget.story" time="0.456"/>
  <testcase name="Given open Calendar Widget page" classname="bla.tm.definitions.site.products_and_docs.PD_Widget_CalendarDefinition" time="3.902"/>
  <testcase name="Then check general page elements for Calendar Widget Page, where DISQUS = true and LeftMenu = true" classname="bla.tm.definitions.site.products_and_docs.PD_Widget_CalendarDefinition" time="0.221"/>
  <testcase name="Scenario: |/products-and-docs/widgets/calendar/| [3.2.1.9 Disqus is present on calendar widget]" classname="Scenario: |/products-and-docs/widgets/calendar/| [3.2.1.9 Disqus is present on calendar widget]" time="0.242"/>
  <testcase name="PD_Widget_Calendar.story" classname="PD_Widget_Calendar.story" time="0.305"/>
  <testcase name="Given open Countdown Widget page" classname="bla.tm.definitions.site.products_and_docs.PD_Widget_CountdownDefinition" time="3.135"/>
  <testcase name="Then check general page elements for Countdown Widget Page, where DISQUS = true and LeftMenu = true" classname="bla.tm.definitions.site.products_and_docs.PD_Widget_CountdownDefinition" time="0.45"/>
  <testcase name="Scenario: |/products-and-docs/widgets/countdown/| Verification for general page&apos;s elements" classname="Scenario: |/products-and-docs/widgets/countdown/| Verification for general page&apos;s elements" time="0.492"/>
  <testcase name="PD_Widget_Countdown.story" classname="PD_Widget_Countdown.story" time="0.559"/>
  <testcase name="Given open Event Discovery Widget page" classname="bla.tm.definitions.site.products_and_docs.PD_Widget_EventDiscoveryDefinition" time="6.866"/>
  <testcase name="Then check general page elements for Event Discovery Widget Page, where DISQUS = true and LeftMenu = true" classname="bla.tm.definitions.site.products_and_docs.PD_Widget_EventDiscoveryDefinition" time="0.612"/>
  <testcase name="Scenario: |/products-and-docs/widgets/event-discovery/| Verification for general page&apos;s elements" classname="Scenario: |/products-and-docs/widgets/event-discovery/| Verification for general page&apos;s elements" time="0.639"/>
  <testcase name="PD_Widget_EventDiscovery.story" classname="PD_Widget_EventDiscovery.story" time="0.705"/>
  <testcase name="Given open Universal Checkout page" classname="bla.tm.definitions.site.products_and_docs.PD_Widget_UniversalCheckoutDefinition" time="3.38"/>
  <testcase name="Then check general page elements for Universal Checkout Page, where DISQUS = true and LeftMenu = true" classname="bla.tm.definitions.site.products_and_docs.PD_Widget_UniversalCheckoutDefinition" time="0.607"/>
  <testcase name="Scenario: |/products-and-docs/widgets/checkout/| [3.1.3 Widget checkout : Verification for general page&apos;s elements]" classname="Scenario: |/products-and-docs/widgets/checkout/| [3.1.3 Widget checkout : Verification for general page&apos;s elements]" time="0.68"/>
  <testcase name="PD_Widget_UniversalCheckout.story" classname="PD_Widget_UniversalCheckout.story" time="0.743"/>
  <testcase name="Given open WordPress Widget page" classname="bla.tm.definitions.site.products_and_docs.PD_Widget_WordPressDefinition" time="2.907"/>
  <testcase name="Then check general page elements for WordPress Widget Page, where DISQUS = true and LeftMenu = true" classname="bla.tm.definitions.site.products_and_docs.PD_Widget_WordPressDefinition" time="0.646"/>
  <testcase name="Scenario: |/products-and-docs/widgets/wordpress/| [3.1.4 Wordpress widget : Verification for general page&apos;s elements]" classname="Scenario: |/products-and-docs/widgets/wordpress/| [3.1.4 Wordpress widget : Verification for general page&apos;s elements]" time="0.681"/>
  <testcase name="PD_Widget_WordPress.story" classname="PD_Widget_WordPress.story" time="0.742"/>
  <testcase name="Given open Widgets page" classname="bla.tm.definitions.site.products_and_docs.PD_WidgetsDefinition" time="1.861"/>
  <testcase name="Then check general page elements for Widgets Page, where DISQUS = false and LeftMenu = true" classname="bla.tm.definitions.site.products_and_docs.PD_WidgetsDefinition" time="10.173"/>
  <testcase name="Scenario: |/products-and-docs/widgets/| Verification for general page&apos;s elements" classname="Scenario: |/products-and-docs/widgets/| Verification for general page&apos;s elements" time="10.196"/>
  <testcase name="Given open Widgets page​" classname="bla.tm.definitions.site.products_and_docs.PD_WidgetsDefinition" time="1.931"/>
  <testcase name="When check visibility and click DirectPaymentButton element of Widgets page" classname="bla.tm.definitions.site.products_and_docs.PD_WidgetsDefinition" time="0.782"/>
  <testcase name="Then check that new page opened from Direct Payment Button has has appropriate url" classname="bla.tm.definitions.site.products_and_docs.PD_WidgetsDefinition" time="1.037"/>
  <testcase name="Scenario: |/products-and-docs/widgets/| Verification for Direct Payment Button element" classname="Scenario: |/products-and-docs/widgets/| Verification for Direct Payment Button element" time="1.059"/>
  <testcase name="Given open Widgets page​​" classname="bla.tm.definitions.site.products_and_docs.PD_WidgetsDefinition" time="2.018"/>
  <testcase name="When check visibility and click &lt;elementKey&gt; element of Widgets page" classname="bla.tm.definitions.site.products_and_docs.PD_WidgetsDefinition" time="2.004"/>
  <testcase name="Then check that new page opened from Widgets page has &lt;pageURL&gt; and &lt;pageTitle&gt;" classname="bla.tm.definitions.site.products_and_docs.PD_WidgetsDefinition" time="0.567"/>
  <testcase name="Given open Widgets page​​​" classname="bla.tm.definitions.site.products_and_docs.PD_WidgetsDefinition" time="3.213"/>
  <testcase name="When check visibility and click &lt;elementKey&gt; element of Widgets page​" classname="bla.tm.definitions.site.products_and_docs.PD_WidgetsDefinition" time="5.127"/>
  <testcase name="Then check that new page opened from Widgets page has &lt;pageURL&gt; and &lt;pageTitle&gt;​" classname="bla.tm.definitions.site.products_and_docs.PD_WidgetsDefinition" time="0.049"/>
  <testcase name="Given open Widgets page​​​​" classname="bla.tm.definitions.site.products_and_docs.PD_WidgetsDefinition" time="4.931"/>
  <testcase name="When check visibility and click &lt;elementKey&gt; element of Widgets page​​" classname="bla.tm.definitions.site.products_and_docs.PD_WidgetsDefinition" time="1.769"/>
  <testcase name="Then check that new page opened from Widgets page has &lt;pageURL&gt; and &lt;pageTitle&gt;​​" classname="bla.tm.definitions.site.products_and_docs.PD_WidgetsDefinition" time="0.722"/>
  <testcase name="Given open Widgets page​​​​​" classname="bla.tm.definitions.site.products_and_docs.PD_WidgetsDefinition" time="2.368"/>
  <testcase name="When check visibility and click &lt;elementKey&gt; element of Widgets page​​​" classname="bla.tm.definitions.site.products_and_docs.PD_WidgetsDefinition" time="3.18"/>
  <testcase name="Then check that new page opened from Widgets page has &lt;pageURL&gt; and &lt;pageTitle&gt;​​​" classname="bla.tm.definitions.site.products_and_docs.PD_WidgetsDefinition" time="0.097"/>
  <testcase name="Given open Widgets page​​​​​​" classname="bla.tm.definitions.site.products_and_docs.PD_WidgetsDefinition" time="2.07"/>
  <testcase name="When check visibility and click &lt;elementKey&gt; element of Widgets page​​​​" classname="bla.tm.definitions.site.products_and_docs.PD_WidgetsDefinition" time="1.379"/>
  <testcase name="Then check that new page opened from Widgets page has &lt;pageURL&gt; and &lt;pageTitle&gt;​​​​" classname="bla.tm.definitions.site.products_and_docs.PD_WidgetsDefinition" time="0.512"/>
  <testcase name="Scenario: |/products-and-docs/widgets/| Verification for all the page&apos;s links" classname="Scenario: |/products-and-docs/widgets/| Verification for all the page&apos;s links" time="0.623"/>
  <testcase name="PD_Widgets.story" classname="PD_Widgets.story" time="0.624"/>
  <testcase name="Given open Support page" classname="bla.tm.definitions.site.support.SupportDefinition" time="3.58"/>
  <testcase name="Then check general page elements for Support Page, where DISQUS = true and LeftMenu = true" classname="bla.tm.definitions.site.support.SupportDefinition" time="0.784"/>
  <testcase name="Scenario: |/support/| Verification for general page&apos;s elements​" classname="Scenario: |/support/| Verification for general page&apos;s elements​" time="0.881"/>
  <testcase name="Support.story" classname="Support.story" time="0.947"/>
  <testcase name="Given open Branding Guide page" classname="bla.tm.definitions.site.support.Support_BrandingGuideDefinition" time="2.785"/>
  <testcase name="Then check general page elements for Branding Guide Page, where DISQUS = true and LeftMenu = true" classname="bla.tm.definitions.site.support.Support_BrandingGuideDefinition" time="0.41"/>
  <testcase name="Scenario: |/support/branding-guide/| Verification for general page&apos;s elements" classname="Scenario: |/support/branding-guide/| Verification for general page&apos;s elements" time="0.549"/>
  <testcase name="Support_BrandingGuide.story" classname="Support_BrandingGuide.story" time="0.619"/>
  <testcase name="Given open Contact Us page" classname="bla.tm.definitions.site.support.Support_ContactUsDefinition" time="2.245"/>
  <testcase name="Then check general page elements for Contact Us Page, where DISQUS = false and LeftMenu = true" classname="bla.tm.definitions.site.support.Support_ContactUsDefinition" time="10.23"/>
  <testcase name="Scenario: |/support/contact-us/| Verification for general page&apos;s elements" classname="Scenario: |/support/contact-us/| Verification for general page&apos;s elements" time="10.261"/>
  <testcase name="Support_ContactUs.story" classname="Support_ContactUs.story" time="10.327"/>
  <testcase name="Given open FAQ page" classname="bla.tm.definitions.site.support.Support_FAQDefinition" time="4.373"/>
  <testcase name="Then check general page elements for FAQ Page, where DISQUS = true and LeftMenu = true" classname="bla.tm.definitions.site.support.Support_FAQDefinition" time="0.34"/>
  <testcase name="Scenario: |/support/faq/| Verification for general page&apos;s elements" classname="Scenario: |/support/faq/| Verification for general page&apos;s elements" time="0.371"/>
  <testcase name="Support_FAQ.story" classname="Support_FAQ.story" time="0.434"/>
  <testcase name="Given open General Terms Of Use page" classname="bla.tm.definitions.site.support.Support_GeneralTermsOfUseDefinition" time="4.234"/>
  <testcase name="Then check general page elements for General Terms Of Use Page, where DISQUS = true and LeftMenu = true" classname="bla.tm.definitions.site.support.Support_GeneralTermsOfUseDefinition" time="0.481"/>
  <testcase name="Scenario: |/support/terms-of-use/| Verification for general page&apos;s elements" classname="Scenario: |/support/terms-of-use/| Verification for general page&apos;s elements" time="0.521"/>
  <testcase name="Support_GeneralTermsOfUse.story" classname="Support_GeneralTermsOfUse.story" time="0.584"/>
  <testcase name="Given open Partner API Terms Of Use page" classname="bla.tm.definitions.site.support.Support_PartnerAPITermsOfUseDefinition" time="3.098"/>
  <testcase name="Then check general page elements for Partner API Terms Of Use Page, where DISQUS = true and LeftMenu = true" classname="bla.tm.definitions.site.support.Support_PartnerAPITermsOfUseDefinition" time="0.534"/>
  <testcase name="Scenario: |/support/terms-of-use/partner/| Verification for general page&apos;s elements" classname="Scenario: |/support/terms-of-use/partner/| Verification for general page&apos;s elements" time="0.577"/>
  <testcase name="Support_PartnerAPITermsOfUse.story" classname="Support_PartnerAPITermsOfUse.story" time="0.65"/>
  <testcase name="Given open Calendar Widget page​​​" classname="bla.tm.definitions.site.products_and_docs.PD_Widget_CalendarDefinition" time="3.724"/>
  <testcase name="Then the required fields are not empty on the Calendar Widget page" classname="bla.tm.definitions.site.widgets.CalendarWidgetDefinition" time="0.298"/>
  <testcase name="Scenario: |/products-and-docs/widgets/calendar/| TECHNICAL TAB - Check that required fields are not empty" classname="Scenario: |/products-and-docs/widgets/calendar/| TECHNICAL TAB - Check that required fields are not empty" time="0.356"/>
  <testcase name="Given open Calendar Widget page​​​​" classname="bla.tm.definitions.site.products_and_docs.PD_Widget_CalendarDefinition" time="3.67"/>
  <testcase name="And change values for: apiKey,keyword,postalCodeApi" classname="bla.tm.definitions.site.widgets.CalendarWidgetDefinition" time="2.307"/>
  <testcase name="And store values of: apiKey,keyword,postalCodeApi" classname="bla.tm.definitions.site.widgets.CalendarWidgetDefinition" time="0.17"/>
  <testcase name="When click on &quot;Get code&quot; button" classname="bla.tm.definitions.site.widgets.CountdownWidgetDefinition" time="0.783"/>
  <testcase name="Then the pop-up Embedded Code is opened" classname="bla.tm.definitions.site.widgets.CountdownWidgetDefinition" time="1.73"/>
  <testcase name="And embedded html code contains stored values of: apiKey,keyword,postalCodeApi" classname="bla.tm.definitions.site.widgets.CalendarWidgetDefinition" time="0.192"/>
  <testcase name="Scenario: |/products-and-docs/widgets/calendar/| TECHNICAL TAB - Check that embed code functionality works properly" classname="Scenario: |/products-and-docs/widgets/calendar/| TECHNICAL TAB - Check that embed code functionality works properly" time="0.216"/>
  <testcase name="Given open Calendar Widget page​​​​​" classname="bla.tm.definitions.site.products_and_docs.PD_Widget_CalendarDefinition" time="3.103"/>
  <testcase name="And store values of: apiKey,keyword,postalCodeApi​" classname="bla.tm.definitions.site.widgets.CalendarWidgetDefinition" time="0.452"/>
  <testcase name="And change values for: apiKey,keyword,postalCodeApi​" classname="bla.tm.definitions.site.widgets.CalendarWidgetDefinition" time="2.077"/>
  <testcase name="When click reset button" classname="bla.tm.definitions.site.widgets.CountdownWidgetDefinition" time="2.739"/>
  <testcase name="Then values of fields: apiKey,keyword,postalCodeApi equals stored values" classname="bla.tm.definitions.site.widgets.CalendarWidgetDefinition" time="0.138"/>
  <testcase name="Scenario: |/products-and-docs/widgets/calendar/| TECHNICAL TAB - Check RESET button functionality" classname="Scenario: |/products-and-docs/widgets/calendar/| TECHNICAL TAB - Check RESET button functionality" time="0.168"/>
  <testcase name="Given open Calendar Widget page​​​​​​" classname="bla.tm.definitions.site.products_and_docs.PD_Widget_CalendarDefinition" time="3.669"/>
  <testcase name="And store values of: apiKey,keyword,postalCodeApi​​" classname="bla.tm.definitions.site.widgets.CalendarWidgetDefinition" time="0.31"/>
  <testcase name="And change values for: apiKey,keyword,postalCodeApi​​" classname="bla.tm.definitions.site.widgets.CalendarWidgetDefinition" time="2.011"/>
  <testcase name="When click reset button on Calendar Widget Page" classname="bla.tm.definitions.site.widgets.CalendarWidgetDefinition" time="0.588"/>
  <testcase name="And click on &quot;Get code&quot; button" classname="bla.tm.definitions.site.widgets.CountdownWidgetDefinition" time="0.749"/>
  <testcase name="Then the pop-up Embedded Code is opened​" classname="bla.tm.definitions.site.widgets.CountdownWidgetDefinition" time="1.399"/>
  <testcase name="And embedded html code contains stored values of: apiKey,keyword,postalCodeApi​" classname="bla.tm.definitions.site.widgets.CalendarWidgetDefinition" time="0.374"/>
  <testcase name="Scenario: |/products-and-docs/widgets/calendar/| Check RESET button functionality on Embedded Code Pop-up window" classname="Scenario: |/products-and-docs/widgets/calendar/| Check RESET button functionality on Embedded Code Pop-up window" time="0.408"/>
  <testcase name="Given open Calendar Widget page​​​​​​​" classname="bla.tm.definitions.site.products_and_docs.PD_Widget_CalendarDefinition" time="4.397"/>
  <testcase name="When I click on the &apos;Get your own&apos; link to get api key" classname="bla.tm.definitions.site.widgets.CountdownWidgetDefinition" time="0.307"/>
  <testcase name="Then The page is opened with url https://developer-acct.ticketmaster.com" classname="bla.tm.definitions.site.widgets.CountdownWidgetDefinition" time="0.871"/>
  <testcase name="Scenario: |/products-and-docs/widgets/calendar/| TECHNICAL TAB - Check links" classname="Scenario: |/products-and-docs/widgets/calendar/| TECHNICAL TAB - Check links" time="0.896"/>
  <testcase name="Given open Calendar Widget page​​​​​​​​" classname="bla.tm.definitions.site.products_and_docs.PD_Widget_CalendarDefinition" time="3.551"/>
  <testcase name="And enter custom ApiKey invalidApiKey123" classname="bla.tm.definitions.site.widgets.CountdownWidgetDefinition" time="0.449"/>
  <testcase name="Then the event message is shown &quot;No results were found&quot;" classname="bla.tm.definitions.site.widgets.CountdownWidgetDefinition" time="1.636"/>
  <testcase name="Scenario: |/products-and-docs/widgets/calendar/| Event message - Check event message for invalid API Key" classname="Scenario: |/products-and-docs/widgets/calendar/| Event message - Check event message for invalid API Key" time="1.676"/>
  <testcase name="CalendarWidget.story" classname="CalendarWidget.story" time="1.742"/>
  <testcase name="Given open Countdown Widget page​​​" classname="bla.tm.definitions.site.products_and_docs.PD_Widget_CountdownDefinition" time="2.701"/>
  <testcase name="Then the required fields are not empty on the Countdown Widget page" classname="bla.tm.definitions.site.widgets.CountdownWidgetDefinition" time="0.251"/>
  <testcase name="Scenario: |/products-and-docs/widgets/countdown/| TECHNICAL TAB - Check that required fields are not empty" classname="Scenario: |/products-and-docs/widgets/countdown/| TECHNICAL TAB - Check that required fields are not empty" time="0.323"/>
  <testcase name="Given open Countdown Widget page​​​​" classname="bla.tm.definitions.site.products_and_docs.PD_Widget_CountdownDefinition" time="2.514"/>
  <testcase name="And store ApiKey and EventId on Countdown Widget page" classname="bla.tm.definitions.site.widgets.CountdownWidgetDefinition" time="0.197"/>
  <testcase name="When click on &quot;Get code&quot; button​" classname="bla.tm.definitions.site.widgets.CountdownWidgetDefinition" time="0.896"/>
  <testcase name="Then the pop-up Embedded Code is opened​​" classname="bla.tm.definitions.site.widgets.CountdownWidgetDefinition" time="1.389"/>
  <testcase name="And embedded html code contains stored ApiKey and EventId" classname="bla.tm.definitions.site.widgets.CountdownWidgetDefinition" time="0.128"/>
  <testcase name="Scenario: |/products-and-docs/widgets/countdown/| TECHNICAL TAB - Verification of default embed code" classname="Scenario: |/products-and-docs/widgets/countdown/| TECHNICAL TAB - Verification of default embed code" time="0.153"/>
  <testcase name="Given open Countdown Widget page​​​​​" classname="bla.tm.definitions.site.products_and_docs.PD_Widget_CountdownDefinition" time="2.129"/>
  <testcase name="And change value for ApiKey and EventId on Countdown Widget page" classname="bla.tm.definitions.site.widgets.CountdownWidgetDefinition" time="1.127"/>
  <testcase name="And store ApiKey and EventId on Countdown Widget page​" classname="bla.tm.definitions.site.widgets.CountdownWidgetDefinition" time="0.154"/>
  <testcase name="When click on &quot;Get code&quot; button​​" classname="bla.tm.definitions.site.widgets.CountdownWidgetDefinition" time="0.741"/>
  <testcase name="Then the pop-up Embedded Code is opened​​​" classname="bla.tm.definitions.site.widgets.CountdownWidgetDefinition" time="1.332"/>
  <testcase name="And embedded html code contains stored ApiKey and EventId​" classname="bla.tm.definitions.site.widgets.CountdownWidgetDefinition" time="0.109"/>
  <testcase name="Scenario: |/products-and-docs/widgets/countdown/| TECHNICAL TAB - Check that embed code functionality works properly" classname="Scenario: |/products-and-docs/widgets/countdown/| TECHNICAL TAB - Check that embed code functionality works properly" time="0.129"/>
  <testcase name="Given open Countdown Widget page​​​​​​" classname="bla.tm.definitions.site.products_and_docs.PD_Widget_CountdownDefinition" time="2.062"/>
  <testcase name="And store ApiKey and EventId on Countdown Widget page​​" classname="bla.tm.definitions.site.widgets.CountdownWidgetDefinition" time="0.717"/>
  <testcase name="And change value for ApiKey and EventId on Countdown Widget page​" classname="bla.tm.definitions.site.widgets.CountdownWidgetDefinition" time="0.589"/>
  <testcase name="When submit form" classname="bla.tm.definitions.site.widgets.CountdownWidgetDefinition" time="0.074"/>
  <testcase name="And click reset button" classname="bla.tm.definitions.site.widgets.CountdownWidgetDefinition" time="2.733"/>
  <testcase name="Then the ApiKey and EventId fields have stored values" classname="bla.tm.definitions.site.widgets.CountdownWidgetDefinition" time="0.071"/>
  <testcase name="Scenario: |/products-and-docs/widgets/countdown/| TECHNICAL TAB - Check RESET button functionality" classname="Scenario: |/products-and-docs/widgets/countdown/| TECHNICAL TAB - Check RESET button functionality" time="0.093"/>
  <testcase name="Given open Countdown Widget page​​​​​​​" classname="bla.tm.definitions.site.products_and_docs.PD_Widget_CountdownDefinition" time="2.549"/>
  <testcase name="And store ApiKey and EventId on Countdown Widget page​​​" classname="bla.tm.definitions.site.widgets.CountdownWidgetDefinition" time="0.219"/>
  <testcase name="And change value for ApiKey and EventId on Countdown Widget page​​" classname="bla.tm.definitions.site.widgets.CountdownWidgetDefinition" time="0.505"/>
  <testcase name="When submit form​" classname="bla.tm.definitions.site.widgets.CountdownWidgetDefinition" time="0.091"/>
  <testcase name="And click reset button​" classname="bla.tm.definitions.site.widgets.CountdownWidgetDefinition" time="2.763"/>
  <testcase name="And click on &quot;Get code&quot; button​" classname="bla.tm.definitions.site.widgets.CountdownWidgetDefinition" time="0.694"/>
  <testcase name="Then the pop-up Embedded Code is opened​​​​" classname="bla.tm.definitions.site.widgets.CountdownWidgetDefinition" time="1.986"/>
  <testcase name="And embedded html code contains stored ApiKey and EventId​​" classname="bla.tm.definitions.site.widgets.CountdownWidgetDefinition" time="0.112"/>
  <testcase name="Scenario: |/products-and-docs/widgets/countdown/| TECHNICAL TAB - Check RESET button functionality on Embedded Code Pop-up window" classname="Scenario: |/products-and-docs/widgets/countdown/| TECHNICAL TAB - Check RESET button functionality on Embedded Code Pop-up window" time="0.134"/>
  <testcase name="Given open Countdown Widget page​​​​​​​​" classname="bla.tm.definitions.site.products_and_docs.PD_Widget_CountdownDefinition" time="3.176"/>
  <testcase name="When get eventId by keyword ZZ TOP" classname="bla.tm.definitions.site.widgets.CountdownWidgetDefinition" time="1.197"/>
  <testcase name="And set first eventId from list" classname="bla.tm.definitions.site.widgets.CountdownWidgetDefinition" time="2.675"/>
  <testcase name="Then the event poster contains ZZ TOP" classname="bla.tm.definitions.site.widgets.CountdownWidgetDefinition" time="0.233"/>
  <testcase name="Scenario: |/products-and-docs/widgets/countdown/| TECHNICAL TAB - Get new EventId" classname="Scenario: |/products-and-docs/widgets/countdown/| TECHNICAL TAB - Get new EventId" time="0.259"/>
  <testcase name="Given open Countdown Widget page​​​​​​​​​" classname="bla.tm.definitions.site.products_and_docs.PD_Widget_CountdownDefinition" time="2.869"/>
  <testcase name="When I click on the &apos;Get your own&apos; link to get api key​" classname="bla.tm.definitions.site.widgets.CountdownWidgetDefinition" time="0.299"/>
  <testcase name="Then The page is opened with url https://developer-acct.ticketmaster.com​" classname="bla.tm.definitions.site.widgets.CountdownWidgetDefinition" time="0.614"/>
  <testcase name="Scenario: |/products-and-docs/widgets/countdown/| TECHNICAL TAB - Check links" classname="Scenario: |/products-and-docs/widgets/countdown/| TECHNICAL TAB - Check links" time="0.755"/>
  <testcase name="Given open Countdown Widget page​​​​​​​​​​" classname="bla.tm.definitions.site.products_and_docs.PD_Widget_CountdownDefinition" time="3.223"/>
  <testcase name="And switch to VISUAL Tab" classname="bla.tm.definitions.site.widgets.CountdownWidgetDefinition" time="0.781"/>
  <testcase name="And set theme to full-width" classname="bla.tm.definitions.site.widgets.CountdownWidgetDefinition" time="10.966">
    <error message="Timed out after 5 seconds. Element not found&#10;For documentation on this error, please visit: http://seleniumhq.org/exceptions/no_such_element.html&#10;Build info: version: &apos;2.53.0&apos;, revision: &apos;35ae25b1534ae328c771e0856c93e187490ca824&apos;, time: &apos;2016-03-15 10:43:46&apos;&#10;System info: host: &apos;testing-docker-967748ae-091a-4b2e-bf7f-cf8d456ac9b9&apos;, ip: &apos;172.17.0.14&apos;, os.name: &apos;Linux&apos;, os.arch: &apos;amd64&apos;, os.version: &apos;4.8.12-040812-generic&apos;, java.version: &apos;1.8.0_31&apos;&#10;Driver info: driver.version: unknown" type="net.serenitybdd.core.exceptions.SerenityManagedException">net.serenitybdd.core.exceptions.SerenityManagedException: 
Timed out after 5 seconds. Element not found
For documentation on this error, please visit: http://seleniumhq.org/exceptions/no_such_element.html
Build info: version: '2.53.0', revision: '35ae25b1534ae328c771e0856c93e187490ca824', time: '2016-03-15 10:43:46'
System info: host: 'testing-docker-967748ae-091a-4b2e-bf7f-cf8d456ac9b9', ip: '172.17.0.14', os.name: 'Linux', os.arch: 'amd64', os.version: '4.8.12-040812-generic', java.version: '1.8.0_31'
Driver info: driver.version: unknown
	at bla.tm.definitions.site.widgets.CountdownWidgetDefinition.setThemeToFullWidth(CountdownWidgetDefinition.java:55)
</error>
    <system-out><![CDATA[And switch to VISUAL Tab
]]></system-out>
  </testcase>
  <testcase name="When click on &quot;Get code&quot; button​​​" classname="bla.tm.definitions.site.widgets.CountdownWidgetDefinition" time="0">
    <skipped/>
    <system-out><![CDATA[And set theme to full-width (FAILED)
(net.serenitybdd.core.exceptions.SerenityManagedException: Timed out after 5 seconds. Element not found
For documentation on this error, please visit: http://seleniumhq.org/exceptions/no_such_element.html
Build info: version: '2.53.0', revision: '35ae25b1534ae328c771e0856c93e187490ca824', time: '2016-03-15 10:43:46'
System info: host: 'testing-docker-967748ae-091a-4b2e-bf7f-cf8d456ac9b9', ip: '172.17.0.14', os.name: 'Linux', os.arch: 'amd64', os.version: '4.8.12-040812-generic', java.version: '1.8.0_31'
Driver info: driver.version: unknown)
]]></system-out>
  </testcase>
  <testcase name="Then the pop-up Embedded Code is opened​​​​​" classname="bla.tm.definitions.site.widgets.CountdownWidgetDefinition" time="0">
    <skipped/>
    <system-out><![CDATA[When click on "Get code" button (NOT PERFORMED)
]]></system-out>
  </testcase>
  <testcase name="And embedded html code contains stored theme" classname="bla.tm.definitions.site.widgets.CountdownWidgetDefinition" time="0">
    <skipped/>
    <system-out><![CDATA[Then the pop-up Embedded Code is opened (NOT PERFORMED)
]]></system-out>
  </testcase>
  <testcase name="Scenario: |/products-and-docs/widgets/countdown/| VISUAL TAB - Check Full-width mode" classname="Scenario: |/products-and-docs/widgets/countdown/| VISUAL TAB - Check Full-width mode" time="10.973">
    <failure message="scenario failed!" type="java.lang.AssertionError">java.lang.AssertionError: scenario failed!
</failure>
    <system-out><![CDATA[And embedded html code contains stored theme (NOT PERFORMED)
]]></system-out>
  </testcase>
  <testcase name="Given open Countdown Widget page​​​​​​​​​​​" classname="bla.tm.definitions.site.products_and_docs.PD_Widget_CountdownDefinition" time="2.408"/>
  <testcase name="And switch to VISUAL Tab​" classname="bla.tm.definitions.site.widgets.CountdownWidgetDefinition" time="1.048"/>
  <testcase name="And set theme to poster" classname="bla.tm.definitions.site.widgets.CountdownWidgetDefinition" time="11.088">
    <error message="Timed out after 5 seconds. Element not found&#10;For documentation on this error, please visit: http://seleniumhq.org/exceptions/no_such_element.html&#10;Build info: version: &apos;2.53.0&apos;, revision: &apos;35ae25b1534ae328c771e0856c93e187490ca824&apos;, time: &apos;2016-03-15 10:43:46&apos;&#10;System info: host: &apos;testing-docker-967748ae-091a-4b2e-bf7f-cf8d456ac9b9&apos;, ip: &apos;172.17.0.14&apos;, os.name: &apos;Linux&apos;, os.arch: &apos;amd64&apos;, os.version: &apos;4.8.12-040812-generic&apos;, java.version: &apos;1.8.0_31&apos;&#10;Driver info: driver.version: unknown" type="net.serenitybdd.core.exceptions.SerenityManagedException">net.serenitybdd.core.exceptions.SerenityManagedException: 
Timed out after 5 seconds. Element not found
For documentation on this error, please visit: http://seleniumhq.org/exceptions/no_such_element.html
Build info: version: '2.53.0', revision: '35ae25b1534ae328c771e0856c93e187490ca824', time: '2016-03-15 10:43:46'
System info: host: 'testing-docker-967748ae-091a-4b2e-bf7f-cf8d456ac9b9', ip: '172.17.0.14', os.name: 'Linux', os.arch: 'amd64', os.version: '4.8.12-040812-generic', java.version: '1.8.0_31'
Driver info: driver.version: unknown
	at bla.tm.definitions.site.widgets.CountdownWidgetDefinition.setThemeToPoster(CountdownWidgetDefinition.java:60)
</error>
    <system-out><![CDATA[And switch to VISUAL Tab
]]></system-out>
  </testcase>
  <testcase name="And set layout resolution to &lt;layoutResolution&gt;" classname="bla.tm.definitions.site.widgets.CountdownWidgetDefinition" time="0">
    <skipped/>
    <system-out><![CDATA[And set theme to poster (FAILED)
(net.serenitybdd.core.exceptions.SerenityManagedException: Timed out after 5 seconds. Element not found
For documentation on this error, please visit: http://seleniumhq.org/exceptions/no_such_element.html
Build info: version: '2.53.0', revision: '35ae25b1534ae328c771e0856c93e187490ca824', time: '2016-03-15 10:43:46'
System info: host: 'testing-docker-967748ae-091a-4b2e-bf7f-cf8d456ac9b9', ip: '172.17.0.14', os.name: 'Linux', os.arch: 'amd64', os.version: '4.8.12-040812-generic', java.version: '1.8.0_31'
Driver info: driver.version: unknown)
]]></system-out>
  </testcase>
  <testcase name="When click on &quot;Get code&quot; button​​​​" classname="bla.tm.definitions.site.widgets.CountdownWidgetDefinition" time="0">
    <skipped/>
    <system-out><![CDATA[And set layout resolution to 300x600 (NOT PERFORMED)
]]></system-out>
  </testcase>
  <testcase name="Then the pop-up Embedded Code is opened​​​​​​" classname="bla.tm.definitions.site.widgets.CountdownWidgetDefinition" time="0">
    <skipped/>
    <system-out><![CDATA[When click on "Get code" button (NOT PERFORMED)
]]></system-out>
  </testcase>
  <testcase name="And embedded html code contains stored layout resolution" classname="bla.tm.definitions.site.widgets.CountdownWidgetDefinition" time="0">
    <skipped/>
    <system-out><![CDATA[Then the pop-up Embedded Code is opened (NOT PERFORMED)
]]></system-out>
  </testcase>
  <testcase name="Given open Countdown Widget page​​​​​​​​​​​​" classname="bla.tm.definitions.site.products_and_docs.PD_Widget_CountdownDefinition" time="3.841"/>
  <testcase name="And switch to VISUAL Tab​​" classname="bla.tm.definitions.site.widgets.CountdownWidgetDefinition" time="0.798"/>
  <testcase name="And set theme to poster​" classname="bla.tm.definitions.site.widgets.CountdownWidgetDefinition" time="11.381">
    <error message="Timed out after 5 seconds. Element not found&#10;For documentation on this error, please visit: http://seleniumhq.org/exceptions/no_such_element.html&#10;Build info: version: &apos;2.53.0&apos;, revision: &apos;35ae25b1534ae328c771e0856c93e187490ca824&apos;, time: &apos;2016-03-15 10:43:46&apos;&#10;System info: host: &apos;testing-docker-967748ae-091a-4b2e-bf7f-cf8d456ac9b9&apos;, ip: &apos;172.17.0.14&apos;, os.name: &apos;Linux&apos;, os.arch: &apos;amd64&apos;, os.version: &apos;4.8.12-040812-generic&apos;, java.version: &apos;1.8.0_31&apos;&#10;Driver info: driver.version: unknown" type="net.serenitybdd.core.exceptions.SerenityManagedException">net.serenitybdd.core.exceptions.SerenityManagedException: 
Timed out after 5 seconds. Element not found
For documentation on this error, please visit: http://seleniumhq.org/exceptions/no_such_element.html
Build info: version: '2.53.0', revision: '35ae25b1534ae328c771e0856c93e187490ca824', time: '2016-03-15 10:43:46'
System info: host: 'testing-docker-967748ae-091a-4b2e-bf7f-cf8d456ac9b9', ip: '172.17.0.14', os.name: 'Linux', os.arch: 'amd64', os.version: '4.8.12-040812-generic', java.version: '1.8.0_31'
Driver info: driver.version: unknown
	at bla.tm.definitions.site.widgets.CountdownWidgetDefinition.setThemeToPoster(CountdownWidgetDefinition.java:60)
</error>
    <system-out><![CDATA[And switch to VISUAL Tab
]]></system-out>
  </testcase>
  <testcase name="And set layout resolution to &lt;layoutResolution&gt;​" classname="bla.tm.definitions.site.widgets.CountdownWidgetDefinition" time="0">
    <skipped/>
    <system-out><![CDATA[And set theme to poster (FAILED)
(net.serenitybdd.core.exceptions.SerenityManagedException: Timed out after 5 seconds. Element not found
For documentation on this error, please visit: http://seleniumhq.org/exceptions/no_such_element.html
Build info: version: '2.53.0', revision: '35ae25b1534ae328c771e0856c93e187490ca824', time: '2016-03-15 10:43:46'
System info: host: 'testing-docker-967748ae-091a-4b2e-bf7f-cf8d456ac9b9', ip: '172.17.0.14', os.name: 'Linux', os.arch: 'amd64', os.version: '4.8.12-040812-generic', java.version: '1.8.0_31'
Driver info: driver.version: unknown)
]]></system-out>
  </testcase>
  <testcase name="When click on &quot;Get code&quot; button​​​​​" classname="bla.tm.definitions.site.widgets.CountdownWidgetDefinition" time="0">
    <skipped/>
    <system-out><![CDATA[And set layout resolution to 300x250 (NOT PERFORMED)
]]></system-out>
  </testcase>
  <testcase name="Then the pop-up Embedded Code is opened​​​​​​​" classname="bla.tm.definitions.site.widgets.CountdownWidgetDefinition" time="0">
    <skipped/>
    <system-out><![CDATA[When click on "Get code" button (NOT PERFORMED)
]]></system-out>
  </testcase>
  <testcase name="And embedded html code contains stored layout resolution​" classname="bla.tm.definitions.site.widgets.CountdownWidgetDefinition" time="0">
    <skipped/>
    <system-out><![CDATA[Then the pop-up Embedded Code is opened (NOT PERFORMED)
]]></system-out>
  </testcase>
  <testcase name="Given open Countdown Widget page​​​​​​​​​​​​​" classname="bla.tm.definitions.site.products_and_docs.PD_Widget_CountdownDefinition" time="2.549"/>
  <testcase name="And switch to VISUAL Tab​​​" classname="bla.tm.definitions.site.widgets.CountdownWidgetDefinition" time="1.199"/>
  <testcase name="And set theme to poster​​" classname="bla.tm.definitions.site.widgets.CountdownWidgetDefinition" time="10.936">
    <error message="Timed out after 5 seconds. Element not found&#10;For documentation on this error, please visit: http://seleniumhq.org/exceptions/no_such_element.html&#10;Build info: version: &apos;2.53.0&apos;, revision: &apos;35ae25b1534ae328c771e0856c93e187490ca824&apos;, time: &apos;2016-03-15 10:43:46&apos;&#10;System info: host: &apos;testing-docker-967748ae-091a-4b2e-bf7f-cf8d456ac9b9&apos;, ip: &apos;172.17.0.14&apos;, os.name: &apos;Linux&apos;, os.arch: &apos;amd64&apos;, os.version: &apos;4.8.12-040812-generic&apos;, java.version: &apos;1.8.0_31&apos;&#10;Driver info: driver.version: unknown" type="net.serenitybdd.core.exceptions.SerenityManagedException">net.serenitybdd.core.exceptions.SerenityManagedException: 
Timed out after 5 seconds. Element not found
For documentation on this error, please visit: http://seleniumhq.org/exceptions/no_such_element.html
Build info: version: '2.53.0', revision: '35ae25b1534ae328c771e0856c93e187490ca824', time: '2016-03-15 10:43:46'
System info: host: 'testing-docker-967748ae-091a-4b2e-bf7f-cf8d456ac9b9', ip: '172.17.0.14', os.name: 'Linux', os.arch: 'amd64', os.version: '4.8.12-040812-generic', java.version: '1.8.0_31'
Driver info: driver.version: unknown
	at bla.tm.definitions.site.widgets.CountdownWidgetDefinition.setThemeToPoster(CountdownWidgetDefinition.java:60)
</error>
    <system-out><![CDATA[And switch to VISUAL Tab
]]></system-out>
  </testcase>
  <testcase name="And set layout resolution to &lt;layoutResolution&gt;​​" classname="bla.tm.definitions.site.widgets.CountdownWidgetDefinition" time="0">
    <skipped/>
    <system-out><![CDATA[And set theme to poster (FAILED)
(net.serenitybdd.core.exceptions.SerenityManagedException: Timed out after 5 seconds. Element not found
For documentation on this error, please visit: http://seleniumhq.org/exceptions/no_such_element.html
Build info: version: '2.53.0', revision: '35ae25b1534ae328c771e0856c93e187490ca824', time: '2016-03-15 10:43:46'
System info: host: 'testing-docker-967748ae-091a-4b2e-bf7f-cf8d456ac9b9', ip: '172.17.0.14', os.name: 'Linux', os.arch: 'amd64', os.version: '4.8.12-040812-generic', java.version: '1.8.0_31'
Driver info: driver.version: unknown)
]]></system-out>
  </testcase>
  <testcase name="When click on &quot;Get code&quot; button​​​​​​" classname="bla.tm.definitions.site.widgets.CountdownWidgetDefinition" time="0">
    <skipped/>
    <system-out><![CDATA[And set layout resolution to custom (NOT PERFORMED)
]]></system-out>
  </testcase>
  <testcase name="Then the pop-up Embedded Code is opened​​​​​​​​" classname="bla.tm.definitions.site.widgets.CountdownWidgetDefinition" time="0">
    <skipped/>
    <system-out><![CDATA[When click on "Get code" button (NOT PERFORMED)
]]></system-out>
  </testcase>
  <testcase name="And embedded html code contains stored layout resolution​​" classname="bla.tm.definitions.site.widgets.CountdownWidgetDefinition" time="0">
    <skipped/>
    <system-out><![CDATA[Then the pop-up Embedded Code is opened (NOT PERFORMED)
]]></system-out>
  </testcase>
  <testcase name="Scenario: |/products-and-docs/widgets/countdown/| VISUAL TAB - Check Layout Resolutions" classname="Scenario: |/products-and-docs/widgets/countdown/| VISUAL TAB - Check Layout Resolutions" time="11.239">
    <failure message="scenario failed!" type="java.lang.AssertionError">java.lang.AssertionError: scenario failed!
</failure>
    <system-out><![CDATA[And embedded html code contains stored layout resolution (NOT PERFORMED)

]]></system-out>
  </testcase>
  <testcase name="Given open Countdown Widget page​​​​​​​​​​​​​​" classname="bla.tm.definitions.site.products_and_docs.PD_Widget_CountdownDefinition" time="2.527"/>
  <testcase name="And switch to VISUAL Tab​​​​" classname="bla.tm.definitions.site.widgets.CountdownWidgetDefinition" time="0.819"/>
  <testcase name="And set theme to poster​​​" classname="bla.tm.definitions.site.widgets.CountdownWidgetDefinition" time="10.962">
    <error message="Timed out after 5 seconds. Element not found&#10;For documentation on this error, please visit: http://seleniumhq.org/exceptions/no_such_element.html&#10;Build info: version: &apos;2.53.0&apos;, revision: &apos;35ae25b1534ae328c771e0856c93e187490ca824&apos;, time: &apos;2016-03-15 10:43:46&apos;&#10;System info: host: &apos;testing-docker-967748ae-091a-4b2e-bf7f-cf8d456ac9b9&apos;, ip: &apos;172.17.0.14&apos;, os.name: &apos;Linux&apos;, os.arch: &apos;amd64&apos;, os.version: &apos;4.8.12-040812-generic&apos;, java.version: &apos;1.8.0_31&apos;&#10;Driver info: driver.version: unknown" type="net.serenitybdd.core.exceptions.SerenityManagedException">net.serenitybdd.core.exceptions.SerenityManagedException: 
Timed out after 5 seconds. Element not found
For documentation on this error, please visit: http://seleniumhq.org/exceptions/no_such_element.html
Build info: version: '2.53.0', revision: '35ae25b1534ae328c771e0856c93e187490ca824', time: '2016-03-15 10:43:46'
System info: host: 'testing-docker-967748ae-091a-4b2e-bf7f-cf8d456ac9b9', ip: '172.17.0.14', os.name: 'Linux', os.arch: 'amd64', os.version: '4.8.12-040812-generic', java.version: '1.8.0_31'
Driver info: driver.version: unknown
	at bla.tm.definitions.site.widgets.CountdownWidgetDefinition.setThemeToPoster(CountdownWidgetDefinition.java:60)
</error>
    <system-out><![CDATA[And switch to VISUAL Tab
]]></system-out>
  </testcase>
  <testcase name="And set layout orientation to &lt;orientation&gt;" classname="bla.tm.definitions.site.widgets.CountdownWidgetDefinition" time="0">
    <skipped/>
    <system-out><![CDATA[And set theme to poster (FAILED)
(net.serenitybdd.core.exceptions.SerenityManagedException: Timed out after 5 seconds. Element not found
For documentation on this error, please visit: http://seleniumhq.org/exceptions/no_such_element.html
Build info: version: '2.53.0', revision: '35ae25b1534ae328c771e0856c93e187490ca824', time: '2016-03-15 10:43:46'
System info: host: 'testing-docker-967748ae-091a-4b2e-bf7f-cf8d456ac9b9', ip: '172.17.0.14', os.name: 'Linux', os.arch: 'amd64', os.version: '4.8.12-040812-generic', java.version: '1.8.0_31'
Driver info: driver.version: unknown)
]]></system-out>
  </testcase>
  <testcase name="When click on &quot;Get code&quot; button​​​​​​​" classname="bla.tm.definitions.site.widgets.CountdownWidgetDefinition" time="0">
    <skipped/>
    <system-out><![CDATA[And set layout orientation to horizontal (NOT PERFORMED)
]]></system-out>
  </testcase>
  <testcase name="Then the pop-up Embedded Code is opened​​​​​​​​​" classname="bla.tm.definitions.site.widgets.CountdownWidgetDefinition" time="0">
    <skipped/>
    <system-out><![CDATA[When click on "Get code" button (NOT PERFORMED)
]]></system-out>
  </testcase>
  <testcase name="And embedded html code contains stored layout orientation" classname="bla.tm.definitions.site.widgets.CountdownWidgetDefinition" time="0">
    <skipped/>
    <system-out><![CDATA[Then the pop-up Embedded Code is opened (NOT PERFORMED)
]]></system-out>
  </testcase>
  <testcase name="Given open Countdown Widget page​​​​​​​​​​​​​​​" classname="bla.tm.definitions.site.products_and_docs.PD_Widget_CountdownDefinition" time="4.629"/>
  <testcase name="And switch to VISUAL Tab​​​​​" classname="bla.tm.definitions.site.widgets.CountdownWidgetDefinition" time="0.742"/>
  <testcase name="And set theme to poster​​​​" classname="bla.tm.definitions.site.widgets.CountdownWidgetDefinition" time="11.017">
    <error message="Timed out after 5 seconds. Element not found&#10;For documentation on this error, please visit: http://seleniumhq.org/exceptions/no_such_element.html&#10;Build info: version: &apos;2.53.0&apos;, revision: &apos;35ae25b1534ae328c771e0856c93e187490ca824&apos;, time: &apos;2016-03-15 10:43:46&apos;&#10;System info: host: &apos;testing-docker-967748ae-091a-4b2e-bf7f-cf8d456ac9b9&apos;, ip: &apos;172.17.0.14&apos;, os.name: &apos;Linux&apos;, os.arch: &apos;amd64&apos;, os.version: &apos;4.8.12-040812-generic&apos;, java.version: &apos;1.8.0_31&apos;&#10;Driver info: driver.version: unknown" type="net.serenitybdd.core.exceptions.SerenityManagedException">net.serenitybdd.core.exceptions.SerenityManagedException: 
Timed out after 5 seconds. Element not found
For documentation on this error, please visit: http://seleniumhq.org/exceptions/no_such_element.html
Build info: version: '2.53.0', revision: '35ae25b1534ae328c771e0856c93e187490ca824', time: '2016-03-15 10:43:46'
System info: host: 'testing-docker-967748ae-091a-4b2e-bf7f-cf8d456ac9b9', ip: '172.17.0.14', os.name: 'Linux', os.arch: 'amd64', os.version: '4.8.12-040812-generic', java.version: '1.8.0_31'
Driver info: driver.version: unknown
	at bla.tm.definitions.site.widgets.CountdownWidgetDefinition.setThemeToPoster(CountdownWidgetDefinition.java:60)
</error>
    <system-out><![CDATA[And switch to VISUAL Tab
]]></system-out>
  </testcase>
  <testcase name="And set layout orientation to &lt;orientation&gt;​" classname="bla.tm.definitions.site.widgets.CountdownWidgetDefinition" time="0">
    <skipped/>
    <system-out><![CDATA[And set theme to poster (FAILED)
(net.serenitybdd.core.exceptions.SerenityManagedException: Timed out after 5 seconds. Element not found
For documentation on this error, please visit: http://seleniumhq.org/exceptions/no_such_element.html
Build info: version: '2.53.0', revision: '35ae25b1534ae328c771e0856c93e187490ca824', time: '2016-03-15 10:43:46'
System info: host: 'testing-docker-967748ae-091a-4b2e-bf7f-cf8d456ac9b9', ip: '172.17.0.14', os.name: 'Linux', os.arch: 'amd64', os.version: '4.8.12-040812-generic', java.version: '1.8.0_31'
Driver info: driver.version: unknown)
]]></system-out>
  </testcase>
  <testcase name="When click on &quot;Get code&quot; button​​​​​​​​" classname="bla.tm.definitions.site.widgets.CountdownWidgetDefinition" time="0">
    <skipped/>
    <system-out><![CDATA[And set layout orientation to vertical (NOT PERFORMED)
]]></system-out>
  </testcase>
  <testcase name="Then the pop-up Embedded Code is opened​​​​​​​​​​" classname="bla.tm.definitions.site.widgets.CountdownWidgetDefinition" time="0">
    <skipped/>
    <system-out><![CDATA[When click on "Get code" button (NOT PERFORMED)
]]></system-out>
  </testcase>
  <testcase name="And embedded html code contains stored layout orientation​" classname="bla.tm.definitions.site.widgets.CountdownWidgetDefinition" time="0">
    <skipped/>
    <system-out><![CDATA[Then the pop-up Embedded Code is opened (NOT PERFORMED)
]]></system-out>
  </testcase>
  <testcase name="Scenario: |/products-and-docs/widgets/countdown/| VISUAL TAB - Check Layout Orientations" classname="Scenario: |/products-and-docs/widgets/countdown/| VISUAL TAB - Check Layout Orientations" time="11.085">
    <failure message="scenario failed!" type="java.lang.AssertionError">java.lang.AssertionError: scenario failed!
</failure>
    <system-out><![CDATA[And embedded html code contains stored layout orientation (NOT PERFORMED)

]]></system-out>
  </testcase>
  <testcase name="Given open Countdown Widget page​​​​​​​​​​​​​​​​" classname="bla.tm.definitions.site.products_and_docs.PD_Widget_CountdownDefinition" time="4.304"/>
  <testcase name="And enter custom ApiKey {InvalidApiKey123}" classname="bla.tm.definitions.site.widgets.CountdownWidgetDefinition" time="0.469"/>
  <testcase name="When submit form​​" classname="bla.tm.definitions.site.widgets.CountdownWidgetDefinition" time="0.149"/>
  <testcase name="Then the event message is shown &quot;No results were found&quot;​" classname="bla.tm.definitions.site.widgets.CountdownWidgetDefinition" time="0.348"/>
  <testcase name="Scenario: |/products-and-docs/widgets/countdown/| Event message - Check event message for invalid API Key" classname="Scenario: |/products-and-docs/widgets/countdown/| Event message - Check event message for invalid API Key" time="0.382"/>
  <testcase name="Given open Countdown Widget page​​​​​​​​​​​​​​​​​" classname="bla.tm.definitions.site.products_and_docs.PD_Widget_CountdownDefinition" time="2.995"/>
  <testcase name="And enter custom EventId &quot;invalidEventId123&quot;" classname="bla.tm.definitions.site.widgets.CountdownWidgetDefinition" time="0.399"/>
  <testcase name="When submit form​​​" classname="bla.tm.definitions.site.widgets.CountdownWidgetDefinition" time="0.123"/>
  <testcase name="Then the event message is shown &quot;No results were found&quot;​​" classname="bla.tm.definitions.site.widgets.CountdownWidgetDefinition" time="0.54"/>
  <testcase name="Scenario: |/products-and-docs/widgets/countdown/| Event message - Check event message for invalid Event ID" classname="Scenario: |/products-and-docs/widgets/countdown/| Event message - Check event message for invalid Event ID" time="0.574"/>
  <testcase name="CountdownWidget.story" classname="CountdownWidget.story" time="0.639">
    <failure message="story failed!" type="java.lang.AssertionError">java.lang.AssertionError: story failed!
</failure>
    <system-out><![CDATA[
]]></system-out>
    <system-err><![CDATA[[pool-1-thread-1] INFO net.serenitybdd.core.Serenity - 
        __    _____ _____ ____ _____   ____   _    ____  ____  _____ ____  
  _     \ \  |_   _| ____/ ___|_   _| |  _ \ / \  / ___|/ ___|| ____|  _ \ 
 (_)_____| |   | | |  _| \___ \ | |   | |_) / _ \ \___ \\___ \|  _| | | | |
  _|_____| |   | | | |___ ___) || |   |  __/ ___ \ ___) |___) | |___| |_| |
 (_)     | |   |_| |_____|____/ |_|   |_| /_/   \_\____/|____/|_____|____/ 
        /_/                                                                

TEST PASSED: (/products-and-docs/widgets/countdown/) Event message - Check event message for invalid Event ID
----------------------------------------------------------------------------
]]></system-err>
  </testcase>
  <testcase name="Given open Event Discovery Widget page​​​" classname="bla.tm.definitions.site.products_and_docs.PD_Widget_EventDiscoveryDefinition" time="6.247"/>
  <testcase name="Then the required fields are not empty and have default values on the Event Discovery Widget page" classname="bla.tm.definitions.site.widgets.EventDiscoveryWidgetDefinition" time="0.384"/>
  <testcase name="Scenario: |/products-and-docs/widgets/event-discovery/| TECHNICAL TAB - Check that required fields are not empty and have default values" classname="Scenario: |/products-and-docs/widgets/event-discovery/| TECHNICAL TAB - Check that required fields are not empty and have default values" time="0.42"/>
  <testcase name="Given open Event Discovery Widget page​​​​" classname="bla.tm.definitions.site.products_and_docs.PD_Widget_EventDiscoveryDefinition" time="4.87"/>
  <testcase name="And change all possible fields on the Event Discovery Widget page:" classname="bla.tm.definitions.site.widgets.EventDiscoveryWidgetDefinition" time="9.333"/>
  <testcase name="And store all fields values on the Event Discovery Widget page" classname="bla.tm.definitions.site.widgets.EventDiscoveryWidgetDefinition" time="0.353"/>
  <testcase name="When click on &quot;Get code&quot; button​​​​​​​​​" classname="bla.tm.definitions.site.widgets.CountdownWidgetDefinition" time="0.807"/>
  <testcase name="Then the pop-up Embedded Code is opened​​​​​​​​​​​" classname="bla.tm.definitions.site.widgets.CountdownWidgetDefinition" time="1.531"/>
  <testcase name="And embedded html code contains stored values on the Event Discovery Widget page" classname="bla.tm.definitions.site.widgets.EventDiscoveryWidgetDefinition" time="0.791"/>
  <testcase name="Scenario: |/products-and-docs/widgets/event-discovery/| TECHNICAL TAB - Check that embed code functionality works properly" classname="Scenario: |/products-and-docs/widgets/event-discovery/| TECHNICAL TAB - Check that embed code functionality works properly" time="0.814"/>
  <testcase name="Given open Event Discovery Widget page​​​​​" classname="bla.tm.definitions.site.products_and_docs.PD_Widget_EventDiscoveryDefinition" time="5.031"/>
  <testcase name="When search events by keyword &lt;keyword&gt; on Event Discovery Widget page" classname="bla.tm.definitions.site.widgets.EventDiscoveryWidgetDefinition" time="0.436"/>
  <testcase name="Then found events contains &lt;keyword&gt; on Event Discovery Widget page" classname="bla.tm.definitions.site.widgets.EventDiscoveryWidgetDefinition" time="2.34"/>
  <testcase name="Given open Event Discovery Widget page​​​​​​" classname="bla.tm.definitions.site.products_and_docs.PD_Widget_EventDiscoveryDefinition" time="5.198"/>
  <testcase name="When search events by keyword &lt;keyword&gt; on Event Discovery Widget page​" classname="bla.tm.definitions.site.widgets.EventDiscoveryWidgetDefinition" time="0.236"/>
  <testcase name="Then found events contains &lt;keyword&gt; on Event Discovery Widget page​" classname="bla.tm.definitions.site.widgets.EventDiscoveryWidgetDefinition" time="2.239"/>
  <testcase name="Scenario: |/products-and-docs/widgets/event-discovery/| TECHNICAL TAB - Check that KEYWORD field functionality works properly" classname="Scenario: |/products-and-docs/widgets/event-discovery/| TECHNICAL TAB - Check that KEYWORD field functionality works properly" time="2.304"/>
  <testcase name="Given open Event Discovery Widget page​​​​​​​" classname="bla.tm.definitions.site.products_and_docs.PD_Widget_EventDiscoveryDefinition" time="5.258"/>
  <testcase name="When set Event Count &lt;value&gt; on Event Discovery Widget page" classname="bla.tm.definitions.site.widgets.EventDiscoveryWidgetDefinition" time="2.388"/>
  <testcase name="Then the number of events equals or less than Event Count &lt;value&gt;" classname="bla.tm.definitions.site.widgets.EventDiscoveryWidgetDefinition" time="0.042"/>
  <testcase name="Given open Event Discovery Widget page​​​​​​​​" classname="bla.tm.definitions.site.products_and_docs.PD_Widget_EventDiscoveryDefinition" time="5.047"/>
  <testcase name="When set Event Count &lt;value&gt; on Event Discovery Widget page​" classname="bla.tm.definitions.site.widgets.EventDiscoveryWidgetDefinition" time="2.631"/>
  <testcase name="Then the number of events equals or less than Event Count &lt;value&gt;​" classname="bla.tm.definitions.site.widgets.EventDiscoveryWidgetDefinition" time="0.647"/>
  <testcase name="Scenario: |/products-and-docs/widgets/event-discovery/| TECHNICAL TAB - Check that EVENT COUNT works properly" classname="Scenario: |/products-and-docs/widgets/event-discovery/| TECHNICAL TAB - Check that EVENT COUNT works properly" time="0.715"/>
  <testcase name="Given open Event Discovery Widget page​​​​​​​​​" classname="bla.tm.definitions.site.products_and_docs.PD_Widget_EventDiscoveryDefinition" time="6.709"/>
  <testcase name="When set Event Count &lt;value&gt; on Event Discovery Widget page​​" classname="bla.tm.definitions.site.widgets.EventDiscoveryWidgetDefinition" time="2.736"/>
  <testcase name="Then the number of events equals Event Count &lt;actualValue&gt;" classname="bla.tm.definitions.site.widgets.EventDiscoveryWidgetDefinition" time="0.071"/>
  <testcase name="Given open Event Discovery Widget page​​​​​​​​​​" classname="bla.tm.definitions.site.products_and_docs.PD_Widget_EventDiscoveryDefinition" time="4.757"/>
  <testcase name="When set Event Count &lt;value&gt; on Event Discovery Widget page​​​" classname="bla.tm.definitions.site.widgets.EventDiscoveryWidgetDefinition" time="4.095"/>
  <testcase name="Then the number of events equals Event Count &lt;actualValue&gt;​" classname="bla.tm.definitions.site.widgets.EventDiscoveryWidgetDefinition" time="0.067"/>
  <testcase name="Given open Event Discovery Widget page​​​​​​​​​​​" classname="bla.tm.definitions.site.products_and_docs.PD_Widget_EventDiscoveryDefinition" time="7.486"/>
  <testcase name="When set Event Count &lt;value&gt; on Event Discovery Widget page​​​​" classname="bla.tm.definitions.site.widgets.EventDiscoveryWidgetDefinition" time="2.58"/>
  <testcase name="Then the number of events equals Event Count &lt;actualValue&gt;​​" classname="bla.tm.definitions.site.widgets.EventDiscoveryWidgetDefinition" time="0.419"/>
  <testcase name="Given open Event Discovery Widget page​​​​​​​​​​​​" classname="bla.tm.definitions.site.products_and_docs.PD_Widget_EventDiscoveryDefinition" time="6.779"/>
  <testcase name="When set Event Count &lt;value&gt; on Event Discovery Widget page​​​​​" classname="bla.tm.definitions.site.widgets.EventDiscoveryWidgetDefinition" time="2.53"/>
  <testcase name="Then the number of events equals Event Count &lt;actualValue&gt;​​​" classname="bla.tm.definitions.site.widgets.EventDiscoveryWidgetDefinition" time="0.694"/>
  <testcase name="Scenario: |/products-and-docs/widgets/event-discovery/| TECHNICAL TAB - Check boundary values of EVENT COUNT" classname="Scenario: |/products-and-docs/widgets/event-discovery/| TECHNICAL TAB - Check boundary values of EVENT COUNT" time="0.766"/>
  <testcase name="Given open Event Discovery Widget page​​​​​​​​​​​​​" classname="bla.tm.definitions.site.products_and_docs.PD_Widget_EventDiscoveryDefinition" time="7.551"/>
  <testcase name="When change value of ZipCode 90015 on Event Discovery Widget Page" classname="bla.tm.definitions.site.widgets.EventDiscoveryWidgetDefinition" time="0.938"/>
  <testcase name="And use GeoPosition on Event Discovery Widget page" classname="bla.tm.definitions.site.widgets.EventDiscoveryWidgetDefinition" time="0.377"/>
  <testcase name="And set Radius &lt;setValue&gt; on Event Discovery Widget page" classname="bla.tm.definitions.site.widgets.EventDiscoveryWidgetDefinition" time="0.168"/>
  <testcase name="Then Radius value is &lt;actualValue&gt; on Event Discovery Widget page" classname="bla.tm.definitions.site.widgets.EventDiscoveryWidgetDefinition" time="0.1"/>
  <testcase name="Given open Event Discovery Widget page​​​​​​​​​​​​​​" classname="bla.tm.definitions.site.products_and_docs.PD_Widget_EventDiscoveryDefinition" time="5.132"/>
  <testcase name="When change value of ZipCode 90015 on Event Discovery Widget Page​" classname="bla.tm.definitions.site.widgets.EventDiscoveryWidgetDefinition" time="1.116"/>
  <testcase name="And use GeoPosition on Event Discovery Widget page​" classname="bla.tm.definitions.site.widgets.EventDiscoveryWidgetDefinition" time="0.44"/>
  <testcase name="And set Radius &lt;setValue&gt; on Event Discovery Widget page​" classname="bla.tm.definitions.site.widgets.EventDiscoveryWidgetDefinition" time="0.173"/>
  <testcase name="Then Radius value is &lt;actualValue&gt; on Event Discovery Widget page​" classname="bla.tm.definitions.site.widgets.EventDiscoveryWidgetDefinition" time="0.097"/>
  <testcase name="Given open Event Discovery Widget page​​​​​​​​​​​​​​​" classname="bla.tm.definitions.site.products_and_docs.PD_Widget_EventDiscoveryDefinition" time="4.856"/>
  <testcase name="When change value of ZipCode 90015 on Event Discovery Widget Page​​" classname="bla.tm.definitions.site.widgets.EventDiscoveryWidgetDefinition" time="1.304"/>
  <testcase name="And use GeoPosition on Event Discovery Widget page​​" classname="bla.tm.definitions.site.widgets.EventDiscoveryWidgetDefinition" time="0.595"/>
  <testcase name="And set Radius &lt;setValue&gt; on Event Discovery Widget page​​" classname="bla.tm.definitions.site.widgets.EventDiscoveryWidgetDefinition" time="0.221"/>
  <testcase name="Then Radius value is &lt;actualValue&gt; on Event Discovery Widget page​​" classname="bla.tm.definitions.site.widgets.EventDiscoveryWidgetDefinition" time="0.137"/>
  <testcase name="Given open Event Discovery Widget page​​​​​​​​​​​​​​​​" classname="bla.tm.definitions.site.products_and_docs.PD_Widget_EventDiscoveryDefinition" time="5.903"/>
  <testcase name="Given open Event Discovery Widget page​​​​​​​​​​​​​​​​" classname="bla.tm.definitions.site.products_and_docs.PD_Widget_EventDiscoveryDefinition" time="5.89"/>
  <testcase name="Given open Event Discovery Widget page​​​​​​​​​​​​​​​​" classname="bla.tm.definitions.site.products_and_docs.PD_Widget_EventDiscoveryDefinition" time="4.279"/>
  <testcase name="Given open Event Discovery Widget page​​​​​​​​​​​​​​​​" classname="bla.tm.definitions.site.products_and_docs.PD_Widget_EventDiscoveryDefinition" time="4.933"/>
  <testcase name="When change value of ZipCode 90015 on Event Discovery Widget Page​​​" classname="bla.tm.definitions.site.widgets.EventDiscoveryWidgetDefinition" time="1.058"/>
  <testcase name="When change value of ZipCode 90015 on Event Discovery Widget Page​​​" classname="bla.tm.definitions.site.widgets.EventDiscoveryWidgetDefinition" time="0.79"/>
  <testcase name="When change value of ZipCode 90015 on Event Discovery Widget Page​​​" classname="bla.tm.definitions.site.widgets.EventDiscoveryWidgetDefinition" time="0.982"/>
  <testcase name="When change value of ZipCode 90015 on Event Discovery Widget Page​​​" classname="bla.tm.definitions.site.widgets.EventDiscoveryWidgetDefinition" time="0.981"/>
  <testcase name="And use GeoPosition on Event Discovery Widget page​​​" classname="bla.tm.definitions.site.widgets.EventDiscoveryWidgetDefinition" time="0.43"/>
  <testcase name="And use GeoPosition on Event Discovery Widget page​​​" classname="bla.tm.definitions.site.widgets.EventDiscoveryWidgetDefinition" time="0.482"/>
  <testcase name="And use GeoPosition on Event Discovery Widget page​​​" classname="bla.tm.definitions.site.widgets.EventDiscoveryWidgetDefinition" time="0.398"/>
  <testcase name="And use GeoPosition on Event Discovery Widget page​​​" classname="bla.tm.definitions.site.widgets.EventDiscoveryWidgetDefinition" time="0.383"/>
  <testcase name="And set Radius &lt;setValue&gt; on Event Discovery Widget page​​​" classname="bla.tm.definitions.site.widgets.EventDiscoveryWidgetDefinition" time="0.372"/>
  <testcase name="And set Radius &lt;setValue&gt; on Event Discovery Widget page​​​" classname="bla.tm.definitions.site.widgets.EventDiscoveryWidgetDefinition" time="0.721"/>
  <testcase name="And set Radius &lt;setValue&gt; on Event Discovery Widget page​​​" classname="bla.tm.definitions.site.widgets.EventDiscoveryWidgetDefinition" time="0.724"/>
  <testcase name="And set Radius &lt;setValue&gt; on Event Discovery Widget page​​​" classname="bla.tm.definitions.site.widgets.EventDiscoveryWidgetDefinition" time="1.077"/>
  <testcase name="Then Radius value is &lt;actualValue&gt; on Event Discovery Widget page​​​" classname="bla.tm.definitions.site.widgets.EventDiscoveryWidgetDefinition" time="0.134"/>
  <testcase name="Then Radius value is &lt;actualValue&gt; on Event Discovery Widget page​​​" classname="bla.tm.definitions.site.widgets.EventDiscoveryWidgetDefinition" time="0.805"/>
  <testcase name="Then Radius value is &lt;actualValue&gt; on Event Discovery Widget page​​​" classname="bla.tm.definitions.site.widgets.EventDiscoveryWidgetDefinition" time="1.896"/>
  <testcase name="Then Radius value is &lt;actualValue&gt; on Event Discovery Widget page​​​" classname="bla.tm.definitions.site.widgets.EventDiscoveryWidgetDefinition" time="0.379"/>
  <testcase name="Then Radius value is &lt;actualValue&gt; on Event Discovery Widget page​​​" classname="bla.tm.definitions.site.widgets.EventDiscoveryWidgetDefinition" time="1.154"/>
  <testcase name="Then Radius value is &lt;actualValue&gt; on Event Discovery Widget page​​​" classname="bla.tm.definitions.site.widgets.EventDiscoveryWidgetDefinition" time="1.307"/>
  <testcase name="Then Radius value is &lt;actualValue&gt; on Event Discovery Widget page​​​" classname="bla.tm.definitions.site.widgets.EventDiscoveryWidgetDefinition" time="0.197"/>
  <testcase name="Then Radius value is &lt;actualValue&gt; on Event Discovery Widget page​​​" classname="bla.tm.definitions.site.widgets.EventDiscoveryWidgetDefinition" time="0.959"/>
  <testcase name="Then Radius value is &lt;actualValue&gt; on Event Discovery Widget page​​​" classname="bla.tm.definitions.site.widgets.EventDiscoveryWidgetDefinition" time="1.291"/>
  <testcase name="Then Radius value is &lt;actualValue&gt; on Event Discovery Widget page​​​" classname="bla.tm.definitions.site.widgets.EventDiscoveryWidgetDefinition" time="0.067"/>
  <testcase name="Scenario: |/products-and-docs/widgets/event-discovery/| TECHNICAL TAB - Check boundary values of RADIUS" classname="Scenario: |/products-and-docs/widgets/event-discovery/| TECHNICAL TAB - Check boundary values of RADIUS" time="0.231"/>
  <testcase name="Given open Event Discovery Widget page​​​​​​​​​​​​​​​​​" classname="bla.tm.definitions.site.products_and_docs.PD_Widget_EventDiscoveryDefinition" time="6.918"/>
  <testcase name="And store all fields values on the Event Discovery Widget page​" classname="bla.tm.definitions.site.widgets.EventDiscoveryWidgetDefinition" time="0.432"/>
  <testcase name="And change all possible fields on the Event Discovery Widget page:​" classname="bla.tm.definitions.site.widgets.EventDiscoveryWidgetDefinition" time="0.708"/>
  <testcase name="Scenario: |/products-and-docs/widgets/event-discovery/| TECHNICAL TAB - Check that RESET button works properly" classname="Scenario: |/products-and-docs/widgets/event-discovery/| TECHNICAL TAB - Check that RESET button works properly" time="0.839"/>
  <testcase name="Scenario: |/products-and-docs/widgets/event-discovery/| TECHNICAL TAB - Check links" classname="Scenario: |/products-and-docs/widgets/event-discovery/| TECHNICAL TAB - Check links" time="0.131"/>
  <testcase name="Given open Event Discovery Widget page​​​​​​​​​​​​​​​​​​​" classname="bla.tm.definitions.site.products_and_docs.PD_Widget_EventDiscoveryDefinition" time="5.68"/>
  <testcase name="And switch to VISUAL Tab​​​​​​" classname="bla.tm.definitions.site.widgets.CountdownWidgetDefinition" time="1.043"/>
  <testcase name="And set theme to poster​​​​​" classname="bla.tm.definitions.site.widgets.CountdownWidgetDefinition" time="0.383"/>
  <testcase name="And set layout resolution to &lt;layoutResolution&gt;​​​" classname="bla.tm.definitions.site.widgets.CountdownWidgetDefinition" time="0.738"/>
  <testcase name="When click on &quot;Get code&quot; button​​​​​​​​​​" classname="bla.tm.definitions.site.widgets.CountdownWidgetDefinition" time="1.055"/>
  <testcase name="Then the pop-up Embedded Code is opened​​​​​​​​​​​​" classname="bla.tm.definitions.site.widgets.CountdownWidgetDefinition" time="1.377"/>
  <testcase name="And embedded html code contains stored layout resolution​​​" classname="bla.tm.definitions.site.widgets.CountdownWidgetDefinition" time="0.897"/>
  <testcase name="Given open Event Discovery Widget page​​​​​​​​​​​​​​​​​​​​" classname="bla.tm.definitions.site.products_and_docs.PD_Widget_EventDiscoveryDefinition" time="6.145"/>
  <testcase name="And switch to VISUAL Tab​​​​​​​" classname="bla.tm.definitions.site.widgets.CountdownWidgetDefinition" time="1.029"/>
  <testcase name="And set theme to poster​​​​​​" classname="bla.tm.definitions.site.widgets.CountdownWidgetDefinition" time="0.601"/>
  <testcase name="And set layout resolution to &lt;layoutResolution&gt;​​​​" classname="bla.tm.definitions.site.widgets.CountdownWidgetDefinition" time="0.705"/>
  <testcase name="When click on &quot;Get code&quot; button​​​​​​​​​​​" classname="bla.tm.definitions.site.widgets.CountdownWidgetDefinition" time="1.016"/>
  <testcase name="Then the pop-up Embedded Code is opened​​​​​​​​​​​​​" classname="bla.tm.definitions.site.widgets.CountdownWidgetDefinition" time="1.511"/>
  <testcase name="And embedded html code contains stored layout resolution​​​​" classname="bla.tm.definitions.site.widgets.CountdownWidgetDefinition" time="0.092"/>
  <testcase name="And embedded html code contains stored layout resolution​​​​" classname="bla.tm.definitions.site.widgets.CountdownWidgetDefinition" time="6.582"/>
  <testcase name="And embedded html code contains stored layout resolution​​​​" classname="bla.tm.definitions.site.widgets.CountdownWidgetDefinition" time="0.644"/>
  <testcase name="And embedded html code contains stored layout resolution​​​​" classname="bla.tm.definitions.site.widgets.CountdownWidgetDefinition" time="0.644"/>
  <testcase name="Scenario: |/products-and-docs/widgets/event-discovery/| VISUAL TAB - Check Layout Resolutions" classname="Scenario: |/products-and-docs/widgets/event-discovery/| VISUAL TAB - Check Layout Resolutions" time="0.16"/>
  <testcase name="Scenario: |/products-and-docs/widgets/event-discovery/| VISUAL TAB - Check Layout Orientations" classname="Scenario: |/products-and-docs/widgets/event-discovery/| VISUAL TAB - Check Layout Orientations" time="0.668"/>
  <testcase name="EventDiscoveryWidget.story" classname="EventDiscoveryWidget.story" time="0.736"/>
  <testcase name="Given open Tutorials Widgets page​​​​" classname="bla.tm.definitions.site.products_and_docs.PD_Tutorials_WidgetsDefinition" time="1.73"/>
  <testcase name="[PENDING] And Feedback widget is not shown" classname="[PENDING] And Feedback widget is not shown" time="0">
    <skipped/>
    <system-out><![CDATA[Given open Tutorials Widgets page
]]></system-out>
  </testcase>
  <testcase name="When click Feedback button of Tutorials Widgets page" classname="bla.tm.definitions.site.products_and_docs.PD_Tutorials_WidgetsDefinition" time="0">
    <skipped/>
    <system-out><![CDATA[And Feedback widget is not shown (PENDING)
]]></system-out>
    <system-err><![CDATA[[pool-1-thread-1] INFO net.serenitybdd.core.Serenity - TEST PENDING
]]></system-err>
  </testcase>
  <testcase name="[PENDING] Then Feedback widget elements are shown" classname="[PENDING] Then Feedback widget elements are shown" time="0">
    <skipped/>
    <system-out><![CDATA[When click Feedback button of Tutorials Widgets page (NOT PERFORMED)
]]></system-out>
  </testcase>
  <testcase name="Scenario: |feedback widget| Check that Feedback widget Elements are shown" classname="Scenario: |feedback widget| Check that Feedback widget Elements are shown" time="1.751"/>
  <testcase name="Given open Tutorials Widgets page​​​​​" classname="bla.tm.definitions.site.products_and_docs.PD_Tutorials_WidgetsDefinition" time="1.783"/>
  <testcase name="When click Feedback button of Tutorials Widgets page​" classname="bla.tm.definitions.site.products_and_docs.PD_Tutorials_WidgetsDefinition" time="0.119"/>
  <testcase name="[PENDING] Then click close button of Feedback widget" classname="[PENDING] Then click close button of Feedback widget" time="0">
    <skipped/>
    <system-out><![CDATA[When click Feedback button of Tutorials Widgets page
]]></system-out>
  </testcase>
  <testcase name="[PENDING] And Feedback widget is not shown​" classname="[PENDING] And Feedback widget is not shown​" time="0">
    <skipped/>
    <system-out><![CDATA[Then click close button of Feedback widget (PENDING)
]]></system-out>
    <system-err><![CDATA[[pool-1-thread-1] INFO net.serenitybdd.core.Serenity - TEST PENDING
]]></system-err>
  </testcase>
  <testcase name="Scenario: |feedback widget| Feedback widget Close button" classname="Scenario: |feedback widget| Feedback widget Close button" time="0.132"/>
  <testcase name="Given open Tutorials Widgets page​​​​​​" classname="bla.tm.definitions.site.products_and_docs.PD_Tutorials_WidgetsDefinition" time="1.646"/>
  <testcase name="And click Feedback button of Tutorials Widgets page" classname="bla.tm.definitions.site.products_and_docs.PD_Tutorials_WidgetsDefinition" time="0.119"/>
  <testcase name="When all fields except Name are populated" classname="bla.tm.definitions.site.products_and_docs.PD_Tutorials_WidgetsDefinition" time="0.413"/>
  <testcase name="[PENDING] And click send button of Feedback widget" classname="[PENDING] And click send button of Feedback widget" time="0">
    <skipped/>
    <system-out><![CDATA[When all fields except Name are populated
]]></system-out>
  </testcase>
  <testcase name="[PENDING] Then error notification is shown for Feedback widget" classname="[PENDING] Then error notification is shown for Feedback widget" time="0">
    <skipped/>
    <system-out><![CDATA[And click send button of Feedback widget (PENDING)
]]></system-out>
    <system-err><![CDATA[[pool-1-thread-1] INFO net.serenitybdd.core.Serenity - TEST PENDING
]]></system-err>
  </testcase>
  <testcase name="Scenario: |feedback widget| Feedback widget error notifications for NAME field" classname="Scenario: |feedback widget| Feedback widget error notifications for NAME field" time="0.423"/>
  <testcase name="Given open Tutorials Widgets page​​​​​​​" classname="bla.tm.definitions.site.products_and_docs.PD_Tutorials_WidgetsDefinition" time="3.494"/>
  <testcase name="And click Feedback button of Tutorials Widgets page​" classname="bla.tm.definitions.site.products_and_docs.PD_Tutorials_WidgetsDefinition" time="0.121"/>
  <testcase name="When all fields except Email are populated" classname="bla.tm.definitions.site.products_and_docs.PD_Tutorials_WidgetsDefinition" time="0.401"/>
  <testcase name="[PENDING] And click send button of Feedback widget​" classname="[PENDING] And click send button of Feedback widget​" time="0">
    <skipped/>
    <system-out><![CDATA[When all fields except Email are populated
]]></system-out>
  </testcase>
  <testcase name="[PENDING] Then error notification is shown for Feedback widget​" classname="[PENDING] Then error notification is shown for Feedback widget​" time="0">
    <skipped/>
    <system-out><![CDATA[And click send button of Feedback widget (PENDING)
]]></system-out>
    <system-err><![CDATA[[pool-1-thread-1] INFO net.serenitybdd.core.Serenity - TEST PENDING
]]></system-err>
  </testcase>
  <testcase name="Scenario: |feedback widget| Feedback widget error notifications for Email field" classname="Scenario: |feedback widget| Feedback widget error notifications for Email field" time="0.411"/>
  <testcase name="FeedbackWidget.story" classname="FeedbackWidget.story" time="0.472"/>
  <testcase name="Given open Map Widget page" classname="bla.tm.definitions.site.products_and_docs.PD_Widget_MapDefinition" time="4.275"/>
  <testcase name="Then the required fields are not empty on the Map Widget page" classname="bla.tm.definitions.site.products_and_docs.PD_Widget_MapDefinition" time="0.245"/>
  <testcase name="Scenario: |/products-and-docs/widgets/map/| [3.7.1 Map widget : Check that required fields are not empty]" classname="Scenario: |/products-and-docs/widgets/map/| [3.7.1 Map widget : Check that required fields are not empty]" time="0.28"/>
  <testcase name="Given open Map Widget page​" classname="bla.tm.definitions.site.products_and_docs.PD_Widget_MapDefinition" time="3.849"/>
  <testcase name="And change all possible fields on the Map Widget page:" classname="bla.tm.definitions.site.products_and_docs.PD_Widget_MapDefinition" time="6.567"/>
  <testcase name="And store all fields values on the Map Widget page" classname="bla.tm.definitions.site.products_and_docs.PD_Widget_MapDefinition" time="0.63"/>
  <testcase name="When click on &quot;Get code&quot; button​​​​​​​​​​​​​​​" classname="bla.tm.definitions.site.widgets.CountdownWidgetDefinition" time="0.764"/>
  <testcase name="Then the pop-up Embedded Code is opened​​​​​​​​​​​​​​​​​" classname="bla.tm.definitions.site.widgets.CountdownWidgetDefinition" time="1.738"/>
  <testcase name="And embedded html code contains stored values on the Map Widget page" classname="bla.tm.definitions.site.products_and_docs.PD_Widget_MapDefinition" time="0.784"/>
  <testcase name="Scenario: |/products-and-docs/widgets/map/| [3.7.2 Map widget : Embedded code functionality works properly]" classname="Scenario: |/products-and-docs/widgets/map/| [3.7.2 Map widget : Embedded code functionality works properly]" time="0.808"/>
  <testcase name="Given open Map Widget page​​" classname="bla.tm.definitions.site.products_and_docs.PD_Widget_MapDefinition" time="4.278"/>
  <testcase name="And store values on Map Widget page: apiKey,keyword,zipCode" classname="bla.tm.definitions.site.products_and_docs.PD_Widget_MapDefinition" time="0.193"/>
  <testcase name="And change values for on Map Widget page: apiKey,keyword,zipCode" classname="bla.tm.definitions.site.products_and_docs.PD_Widget_MapDefinition" time="2.263"/>
  <testcase name="When click reset button​​" classname="bla.tm.definitions.site.widgets.CountdownWidgetDefinition" time="2.739"/>
  <testcase name="Then values equals to stored values of fields on Map Widget page: apiKey,keyword,zipCode" classname="bla.tm.definitions.site.products_and_docs.PD_Widget_MapDefinition" time="0.115"/>
  <testcase name="Scenario: |/products-and-docs/widgets/map/| [3.7.3 Map widget : Check RESET button functionality]" classname="Scenario: |/products-and-docs/widgets/map/| [3.7.3 Map widget : Check RESET button functionality]" time="0.138"/>
  <testcase name="Given open Map Widget page​​​" classname="bla.tm.definitions.site.products_and_docs.PD_Widget_MapDefinition" time="4.361"/>
  <testcase name="And store values on Map Widget page: apiKey,keyword,zipCode​" classname="bla.tm.definitions.site.products_and_docs.PD_Widget_MapDefinition" time="0.294"/>
  <testcase name="And change values for on Map Widget page: apiKey,keyword,zipCode​" classname="bla.tm.definitions.site.products_and_docs.PD_Widget_MapDefinition" time="2.202"/>
  <testcase name="When click reset button​​​" classname="bla.tm.definitions.site.widgets.CountdownWidgetDefinition" time="2.73"/>
  <testcase name="And click on &quot;Get code&quot; button​​" classname="bla.tm.definitions.site.widgets.CountdownWidgetDefinition" time="1.16"/>
  <testcase name="Then the pop-up Embedded Code is opened​​​​​​​​​​​​​​​​​​" classname="bla.tm.definitions.site.widgets.CountdownWidgetDefinition" time="1.423"/>
  <testcase name="And embedded html code on Map Widget contains stored values of: apiKey,keyword,zipCode" classname="bla.tm.definitions.site.products_and_docs.PD_Widget_MapDefinition" time="0.225"/>
  <testcase name="Scenario: |/products-and-docs/widgets/map/| [3.7.4 Map widget : Check RESET button functionality on embedded pop-up window]" classname="Scenario: |/products-and-docs/widgets/map/| [3.7.4 Map widget : Check RESET button functionality on embedded pop-up window]" time="0.249"/>
  <testcase name="Given open Map Widget page​​​​" classname="bla.tm.definitions.site.products_and_docs.PD_Widget_MapDefinition" time="3.787"/>
  <testcase name="When I click on the &apos;Get your own&apos; link to get api key​​​" classname="bla.tm.definitions.site.widgets.CountdownWidgetDefinition" time="0.277"/>
  <testcase name="Then The page is opened with url https://developer-acct.ticketmaster.com​​​" classname="bla.tm.definitions.site.widgets.CountdownWidgetDefinition" time="0.677"/>
  <testcase name="Scenario: |/products-and-docs/widgets/map/| [3.7.7 Map widget : Check links]" classname="Scenario: |/products-and-docs/widgets/map/| [3.7.7 Map widget : Check links]" time="0.734"/>
  <testcase name="Given open Map Widget page​​​​​" classname="bla.tm.definitions.site.products_and_docs.PD_Widget_MapDefinition" time="4.281"/>
  <testcase name="And enter custom ApiKey invalidApiKey123​" classname="bla.tm.definitions.site.widgets.CountdownWidgetDefinition" time="0.388"/>
  <testcase name="Then the event message is shown &quot;No results were found&quot;​​​" classname="bla.tm.definitions.site.widgets.CountdownWidgetDefinition" time="0.499"/>
  <testcase name="Scenario: |/products-and-docs/widgets/map/| Event message - Check event message for invalid API Key" classname="Scenario: |/products-and-docs/widgets/map/| Event message - Check event message for invalid API Key" time="0.52"/>
  <testcase name="MapWidget.story" classname="MapWidget.story" time="0.581"/>
  <testcase name="Given open Getting Started page​​​​​" classname="bla.tm.definitions.site.products_and_docs.PD_GettingStartedDefinition" time="4.457"/>
  <testcase name="Then Summary widget is shown for Getting Started page" classname="bla.tm.definitions.site.products_and_docs.PD_GettingStartedDefinition" time="0.132"/>
  <testcase name="Scenario: |summary widget| TKMDPA-870 Summary widget check for Getting Started page" classname="Scenario: |summary widget| TKMDPA-870 Summary widget check for Getting Started page" time="0.163"/>
  <testcase name="Given open Home page​​​​​​​​​​​​​​​​​​​" classname="bla.tm.definitions.site.HomePageDefinition" time="3.495"/>
  <testcase name="Then Summary widget is shown for Home page" classname="bla.tm.definitions.site.HomePageDefinition" time="0.077"/>
  <testcase name="Scenario: |summary widget| TKMDPA-870 Summary widget check for Home page" classname="Scenario: |summary widget| TKMDPA-870 Summary widget check for Home page" time="0.105"/>
  <testcase name="Given open API Explorer page​​​" classname="bla.tm.definitions.site.products_and_docs.PD_APIExplorerDefinition" time="4.569"/>
  <testcase name="Then Summary widget is shown for API Explorer page" classname="bla.tm.definitions.site.products_and_docs.PD_APIExplorerDefinition" time="0.519"/>
  <testcase name="Scenario: |summary widget| TKMDPA-870 Summary widget check for API Explorer page" classname="Scenario: |summary widget| TKMDPA-870 Summary widget check for API Explorer page" time="0.637"/>
  <testcase name="SummaryWidget.story" classname="SummaryWidget.story" time="0.712"/>
  <testcase name="AfterStories" classname="java.lang.Object" time="0.001"/>
  <testcase name="bla.tm.DevSiteTestsRunner" classname="org.apache.maven.surefire.junit4.JUnit4Provider" time="4.373">
    <error message="net.thucydides.core.reports.ReportGenerationFailedError: Failed to generate configuration report" type="java.lang.RuntimeException">java.lang.RuntimeException: net.thucydides.core.reports.ReportGenerationFailedError: Failed to generate configuration report
	at org.apache.maven.surefire.junit4.JUnit4Provider.execute(JUnit4Provider.java:367)
	at org.apache.maven.surefire.junit4.JUnit4Provider.executeWithRerun(JUnit4Provider.java:274)
	at org.apache.maven.surefire.junit4.JUnit4Provider.executeTestSet(JUnit4Provider.java:238)
	at org.apache.maven.surefire.junit4.JUnit4Provider.invoke(JUnit4Provider.java:161)
Caused by: net.thucydides.core.reports.ReportGenerationFailedError: Failed to generate configuration report
	at org.apache.maven.surefire.junit4.JUnit4Provider.execute(JUnit4Provider.java:367)
	at org.apache.maven.surefire.junit4.JUnit4Provider.executeWithRerun(JUnit4Provider.java:274)
	at org.apache.maven.surefire.junit4.JUnit4Provider.executeTestSet(JUnit4Provider.java:238)
	at org.apache.maven.surefire.junit4.JUnit4Provider.invoke(JUnit4Provider.java:161)
Caused by: java.util.concurrent.ExecutionException: net.thucydides.core.reports.ReportGenerationFailedError: Failed to generate reports using net.thucydides.core.reports.html.HtmlAcceptanceTestReporter@386ec37d
	at org.apache.maven.surefire.junit4.JUnit4Provider.execute(JUnit4Provider.java:367)
	at org.apache.maven.surefire.junit4.JUnit4Provider.executeWithRerun(JUnit4Provider.java:274)
	at org.apache.maven.surefire.junit4.JUnit4Provider.executeTestSet(JUnit4Provider.java:238)
	at org.apache.maven.surefire.junit4.JUnit4Provider.invoke(JUnit4Provider.java:161)
Caused by: net.thucydides.core.reports.ReportGenerationFailedError: Failed to generate reports using net.thucydides.core.reports.html.HtmlAcceptanceTestReporter@386ec37d
Caused by: java.lang.NullPointerException
</error>
    <system-out><![CDATA[Generating reports view to '/home/travis/build/ticketmaster-api-staging/ticketmaster-api-staging.github.io/tests/serenity/target/jbehave' using formats '[stats, console, html, xml, serenityreporter, junitscenarioreporter]' and view properties '{decorateNonHtml=true}'
Reports view generated with 57 stories (of which 1 pending) containing 115 scenarios (of which 4 pending)
Failures in reports view: 5 scenarios failed
]]></system-out>
    <system-err><![CDATA[[pool-2-thread-9] INFO net.thucydides.core.reports.json.JSONTestOutcomeReporter - Generating JSON report for (developer-acct.ticketmaster.com/user/register) [2.2.3.14 Create New Account - fail the CAPTCHA check] to file /home/travis/build/ticketmaster-api-staging/ticketmaster-api-staging.github.io/./tests/serenity/target/site/serenity/e0ee64c183f64c5995ef87fd2be848c3.json (using temp file /home/travis/build/ticketmaster-api-staging/ticketmaster-api-staging.github.io/./tests/serenity/target/site/serenity/e0ee64c183f64c5995ef87fd2be848c3.json2f63c13b-9f94-482c-8338-59d42be58b81)
[pool-2-thread-3] INFO net.thucydides.core.reports.json.JSONTestOutcomeReporter - Generating JSON report for (/Home Page/) Verification for general page elements to file /home/travis/build/ticketmaster-api-staging/ticketmaster-api-staging.github.io/./tests/serenity/target/site/serenity/21ec9c673c93728fed6719612a544b66.json (using temp file /home/travis/build/ticketmaster-api-staging/ticketmaster-api-staging.github.io/./tests/serenity/target/site/serenity/21ec9c673c93728fed6719612a544b66.json600bdc20-dcec-4cbc-a7f7-bcf652a0019c)
[pool-2-thread-10] INFO net.thucydides.core.reports.json.JSONTestOutcomeReporter - Generating JSON report for (developer-acct.ticketmaster.com/user/register) [2.2.3.31 Edit Profile - I Agree To The Terms & Conditions checkbox] to file /home/travis/build/ticketmaster-api-staging/ticketmaster-api-staging.github.io/./tests/serenity/target/site/serenity/b20ca4515a2cc778551c5d9845fb4eb9.json (using temp file /home/travis/build/ticketmaster-api-staging/ticketmaster-api-staging.github.io/./tests/serenity/target/site/serenity/b20ca4515a2cc778551c5d9845fb4eb9.jsone8e2cf8e-97e7-4ac6-8828-b910aed2391c)
[pool-2-thread-7] INFO net.thucydides.core.reports.json.JSONTestOutcomeReporter - Generating JSON report for (/search/) Verification for general page's elements to file /home/travis/build/ticketmaster-api-staging/ticketmaster-api-staging.github.io/./tests/serenity/target/site/serenity/eec7cea11f6cf20c9f6a6a763dbaac97.json (using temp file /home/travis/build/ticketmaster-api-staging/ticketmaster-api-staging.github.io/./tests/serenity/target/site/serenity/eec7cea11f6cf20c9f6a6a763dbaac97.jsone0915e67-9b13-4093-bfa2-253f0a3d36b7)
[pool-2-thread-6] INFO net.thucydides.core.reports.json.JSONTestOutcomeReporter - Generating JSON report for (/blogs/) Verification for general page's elements to file /home/travis/build/ticketmaster-api-staging/ticketmaster-api-staging.github.io/./tests/serenity/target/site/serenity/c36fef7414f8462413103cd6cbc2cd52.json (using temp file /home/travis/build/ticketmaster-api-staging/ticketmaster-api-staging.github.io/./tests/serenity/target/site/serenity/c36fef7414f8462413103cd6cbc2cd52.json39fcc82f-c8ea-46af-b39f-a0d3bc669d99)
[pool-2-thread-2] INFO net.thucydides.core.reports.json.JSONTestOutcomeReporter - Generating JSON report for (/events/) Verification for general page's elements to file /home/travis/build/ticketmaster-api-staging/ticketmaster-api-staging.github.io/./tests/serenity/target/site/serenity/c7094a19f6eaf818d628e03bb8c8d677.json (using temp file /home/travis/build/ticketmaster-api-staging/ticketmaster-api-staging.github.io/./tests/serenity/target/site/serenity/c7094a19f6eaf818d628e03bb8c8d677.json56f42c44-6b37-4e34-b9ae-74f08b1b841d)
[pool-2-thread-8] INFO net.thucydides.core.reports.json.JSONTestOutcomeReporter - Generating JSON report for (developer-acct.ticketmaster.com/user/register) Verification for general page's elements to file /home/travis/build/ticketmaster-api-staging/ticketmaster-api-staging.github.io/./tests/serenity/target/site/serenity/764099519e08f237597bb00bd02625ac.json (using temp file /home/travis/build/ticketmaster-api-staging/ticketmaster-api-staging.github.io/./tests/serenity/target/site/serenity/764099519e08f237597bb00bd02625ac.jsonc05b3048-1a64-4e7d-9362-dcd6da73f8d6)
[pool-2-thread-4] INFO net.thucydides.core.reports.json.JSONTestOutcomeReporter - Generating JSON report for (/Home Page/) Verification for twitter's list of events to file /home/travis/build/ticketmaster-api-staging/ticketmaster-api-staging.github.io/./tests/serenity/target/site/serenity/03cd3ae24ea4fa1eed2d26f4537d29c1.json (using temp file /home/travis/build/ticketmaster-api-staging/ticketmaster-api-staging.github.io/./tests/serenity/target/site/serenity/03cd3ae24ea4fa1eed2d26f4537d29c1.jsonf193915f-e12e-4410-904e-1f90cef34d63)
[pool-2-thread-5] INFO net.thucydides.core.reports.json.JSONTestOutcomeReporter - Generating JSON report for (/Home Page/) Verification for all the page links to file /home/travis/build/ticketmaster-api-staging/ticketmaster-api-staging.github.io/./tests/serenity/target/site/serenity/a3475ae74e0328ef3ae1fa0e7c56d52d.json (using temp file /home/travis/build/ticketmaster-api-staging/ticketmaster-api-staging.github.io/./tests/serenity/target/site/serenity/a3475ae74e0328ef3ae1fa0e7c56d52d.json77a0c731-9dae-4dc9-805d-ae47fa1651a0)
[pool-2-thread-1] INFO net.thucydides.core.reports.json.JSONTestOutcomeReporter - Generating JSON report for (/blogs/) Verification for general page's elements to file /home/travis/build/ticketmaster-api-staging/ticketmaster-api-staging.github.io/./tests/serenity/target/site/serenity/c7b95fb901459b052277f6b7237da95c.json (using temp file /home/travis/build/ticketmaster-api-staging/ticketmaster-api-staging.github.io/./tests/serenity/target/site/serenity/c7b95fb901459b052277f6b7237da95c.jsonf2372a58-8301-47e9-bd9a-24bb35ec7d91)
[pool-2-thread-12] INFO net.thucydides.core.reports.json.JSONTestOutcomeReporter - Generating JSON report for (developer-acct.ticketmaster.com/user/register) [Create New Account - Company Name validation] to file /home/travis/build/ticketmaster-api-staging/ticketmaster-api-staging.github.io/./tests/serenity/target/site/serenity/5b7f8592cd5752777e91750cbd174e9d.json (using temp file /home/travis/build/ticketmaster-api-staging/ticketmaster-api-staging.github.io/./tests/serenity/target/site/serenity/5b7f8592cd5752777e91750cbd174e9d.json883d9032-4622-41c5-91ad-c85dbdc6cfc2)
[pool-2-thread-13] INFO net.thucydides.core.reports.json.JSONTestOutcomeReporter - Generating JSON report for (developer-acct.ticketmaster.com/user/register) [Create New Account - Company Name validation] to file /home/travis/build/ticketmaster-api-staging/ticketmaster-api-staging.github.io/./tests/serenity/target/site/serenity/5b7f8592cd5752777e91750cbd174e9d.json (using temp file /home/travis/build/ticketmaster-api-staging/ticketmaster-api-staging.github.io/./tests/serenity/target/site/serenity/5b7f8592cd5752777e91750cbd174e9d.jsonbaf1caeb-42b6-4a0b-b52b-d2c06302c9b2)
[pool-2-thread-11] INFO net.thucydides.core.reports.json.JSONTestOutcomeReporter - Generating JSON report for (developer-acct.ticketmaster.com/user/register) [Create New Account - First Name validation] to file /home/travis/build/ticketmaster-api-staging/ticketmaster-api-staging.github.io/./tests/serenity/target/site/serenity/11b6ef9115fcc8a5ecd0ac3d6711f39c.json (using temp file /home/travis/build/ticketmaster-api-staging/ticketmaster-api-staging.github.io/./tests/serenity/target/site/serenity/11b6ef9115fcc8a5ecd0ac3d6711f39c.jsona4251b1c-13e3-49e2-8403-a7aa6ce10505)
[pool-2-thread-14] INFO net.thucydides.core.reports.json.JSONTestOutcomeReporter - Generating JSON report for (developer-acct.ticketmaster.com/user/register) [Create New Account - Company Site URL validation] to file /home/travis/build/ticketmaster-api-staging/ticketmaster-api-staging.github.io/./tests/serenity/target/site/serenity/399b5465deb9b93bdc218272c931b138.json (using temp file /home/travis/build/ticketmaster-api-staging/ticketmaster-api-staging.github.io/./tests/serenity/target/site/serenity/399b5465deb9b93bdc218272c931b138.jsone14ad279-f50f-4f26-ad08-0a3ad3e8565f)
[pool-2-thread-16] INFO net.thucydides.core.reports.json.JSONTestOutcomeReporter - Generating JSON report for (developer-acct.ticketmaster.com/user/register) [Create New Account - Email validation] to file /home/travis/build/ticketmaster-api-staging/ticketmaster-api-staging.github.io/./tests/serenity/target/site/serenity/93ba354a8e51e7ca6872028fad374165.json (using temp file /home/travis/build/ticketmaster-api-staging/ticketmaster-api-staging.github.io/./tests/serenity/target/site/serenity/93ba354a8e51e7ca6872028fad374165.jsonb1490df0-55df-4d45-aa9a-57cef401ab5e)
[pool-2-thread-18] INFO net.thucydides.core.reports.json.JSONTestOutcomeReporter - Generating JSON report for (developer-acct.ticketmaster.com/user/password) Verification for general page's elements to file /home/travis/build/ticketmaster-api-staging/ticketmaster-api-staging.github.io/./tests/serenity/target/site/serenity/e708c9ea45a9673a3cf991e89fab2c5c.json (using temp file /home/travis/build/ticketmaster-api-staging/ticketmaster-api-staging.github.io/./tests/serenity/target/site/serenity/e708c9ea45a9673a3cf991e89fab2c5c.jsonbaabfe44-35b3-4c47-97b0-c61b11163e14)
[pool-2-thread-15] INFO net.thucydides.core.reports.json.JSONTestOutcomeReporter - Generating JSON report for (developer-acct.ticketmaster.com/user/register) [Create New Account - Username validation] to file /home/travis/build/ticketmaster-api-staging/ticketmaster-api-staging.github.io/./tests/serenity/target/site/serenity/e1525e103c225b1eb47ac1d3a14a28b5.json (using temp file /home/travis/build/ticketmaster-api-staging/ticketmaster-api-staging.github.io/./tests/serenity/target/site/serenity/e1525e103c225b1eb47ac1d3a14a28b5.jsond871d9a3-6e01-4bb7-8d95-9fe1f501a141)
[pool-2-thread-20] INFO net.thucydides.core.reports.json.JSONTestOutcomeReporter - Generating JSON report for (developer-acct.ticketmaster.com/user/1554/apps/add) Verification for general page's elements to file /home/travis/build/ticketmaster-api-staging/ticketmaster-api-staging.github.io/./tests/serenity/target/site/serenity/d3f457734471a14ef7260b0bad3af41c.json (using temp file /home/travis/build/ticketmaster-api-staging/ticketmaster-api-staging.github.io/./tests/serenity/target/site/serenity/d3f457734471a14ef7260b0bad3af41c.jsonb3031eaa-4de0-4cf0-b2e7-ef3f750b0f1c)
[pool-2-thread-17] INFO net.thucydides.core.reports.json.JSONTestOutcomeReporter - Generating JSON report for (developer-acct.ticketmaster.com/user/1554/edit) Verification for general page's elements to file /home/travis/build/ticketmaster-api-staging/ticketmaster-api-staging.github.io/./tests/serenity/target/site/serenity/fab1df9f6c2b1ea1616aeaae56912f56.json (using temp file /home/travis/build/ticketmaster-api-staging/ticketmaster-api-staging.github.io/./tests/serenity/target/site/serenity/fab1df9f6c2b1ea1616aeaae56912f56.json5689f30f-cc26-4b8b-846a-a69c49b9f746)
[pool-2-thread-21] INFO net.thucydides.core.reports.json.JSONTestOutcomeReporter - Generating JSON report for (Pantheon|Add new App) Add new App negative [2.1.15 Add New App - The required field is empty] to file /home/travis/build/ticketmaster-api-staging/ticketmaster-api-staging.github.io/./tests/serenity/target/site/serenity/fa69596958236dcfbce078bd98d6694a.json (using temp file /home/travis/build/ticketmaster-api-staging/ticketmaster-api-staging.github.io/./tests/serenity/target/site/serenity/fa69596958236dcfbce078bd98d6694a.json437b9562-77df-4678-8b9b-03d718ddc6ea)
[pool-2-thread-19] INFO net.thucydides.core.reports.json.JSONTestOutcomeReporter - Generating JSON report for (developer-acct.ticketmaster.com/user/1554/apps) Verification for general page's elements [2.2.3.4 Login - Password field - enter valid password] to file /home/travis/build/ticketmaster-api-staging/ticketmaster-api-staging.github.io/./tests/serenity/target/site/serenity/397efff9031ca7e6d1c51c408a4be5cd.json (using temp file /home/travis/build/ticketmaster-api-staging/ticketmaster-api-staging.github.io/./tests/serenity/target/site/serenity/397efff9031ca7e6d1c51c408a4be5cd.jsoneca8e729-fbfe-4e90-ac39-2301bd68f9c7)
[pool-2-thread-24] INFO net.thucydides.core.reports.json.JSONTestOutcomeReporter - Generating JSON report for (Pantheon|Edit App) Edit app positive [2.1.8 Edit application] to file /home/travis/build/ticketmaster-api-staging/ticketmaster-api-staging.github.io/./tests/serenity/target/site/serenity/c99bd03489915a3f97fb4976803f67e7.json (using temp file /home/travis/build/ticketmaster-api-staging/ticketmaster-api-staging.github.io/./tests/serenity/target/site/serenity/c99bd03489915a3f97fb4976803f67e7.json9d8f6c4b-53d9-42e4-af6a-8758d5abcb64)
[pool-2-thread-29] INFO net.thucydides.core.reports.json.JSONTestOutcomeReporter - Generating JSON report for (/partners/) Verification for general page's elements to file /home/travis/build/ticketmaster-api-staging/ticketmaster-api-staging.github.io/./tests/serenity/target/site/serenity/4dca8232304f23390ec1a1d083a551f2.json (using temp file /home/travis/build/ticketmaster-api-staging/ticketmaster-api-staging.github.io/./tests/serenity/target/site/serenity/4dca8232304f23390ec1a1d083a551f2.json0a6bfbd9-8525-4155-9789-3171b8b3ba6c)
[pool-2-thread-26] INFO net.thucydides.core.reports.json.JSONTestOutcomeReporter - Generating JSON report for (developer-acct.ticketmaster.com/user/login) Verification for general page's elements to file /home/travis/build/ticketmaster-api-staging/ticketmaster-api-staging.github.io/./tests/serenity/target/site/serenity/37566b06670201d5240a333efa955f79.json (using temp file /home/travis/build/ticketmaster-api-staging/ticketmaster-api-staging.github.io/./tests/serenity/target/site/serenity/37566b06670201d5240a333efa955f79.jsond2ccbad9-6505-4f02-8ec3-a5d908b7c5e9)
[pool-2-thread-28] INFO net.thucydides.core.reports.json.JSONTestOutcomeReporter - Generating JSON report for (developer-acct.ticketmaster.com/user/login) [2.2.3.8 Login - OpenID field - invalid OpenID] to file /home/travis/build/ticketmaster-api-staging/ticketmaster-api-staging.github.io/./tests/serenity/target/site/serenity/5a3230d05fb92e3906450d2e337a7447.json (using temp file /home/travis/build/ticketmaster-api-staging/ticketmaster-api-staging.github.io/./tests/serenity/target/site/serenity/5a3230d05fb92e3906450d2e337a7447.json22d979dc-1fe5-424d-b45d-20bf9f4ffef8)
[pool-2-thread-25] INFO net.thucydides.core.reports.json.JSONTestOutcomeReporter - Generating JSON report for (Pantheon|Delete App) Delete App positive [2.1.9 Delete application] to file /home/travis/build/ticketmaster-api-staging/ticketmaster-api-staging.github.io/./tests/serenity/target/site/serenity/715edb4776d7edc5171f17ff15786aaf.json (using temp file /home/travis/build/ticketmaster-api-staging/ticketmaster-api-staging.github.io/./tests/serenity/target/site/serenity/715edb4776d7edc5171f17ff15786aaf.jsonaf577178-cead-4f97-ba42-f9139c449f7e)
[pool-2-thread-22] INFO net.thucydides.core.reports.json.JSONTestOutcomeReporter - Generating JSON report for (Pantheon|Add new App) [2.1.5 Add new App with values positive] to file /home/travis/build/ticketmaster-api-staging/ticketmaster-api-staging.github.io/./tests/serenity/target/site/serenity/d287c15af4c1d2b02659c2832b968c64.json (using temp file /home/travis/build/ticketmaster-api-staging/ticketmaster-api-staging.github.io/./tests/serenity/target/site/serenity/d287c15af4c1d2b02659c2832b968c64.json1040f432-0a95-4617-937b-1bc18fe2431c)
[pool-2-thread-23] INFO net.thucydides.core.reports.json.JSONTestOutcomeReporter - Generating JSON report for (Pantheon|Edit App) Edit app with empty required fields negative to file /home/travis/build/ticketmaster-api-staging/ticketmaster-api-staging.github.io/./tests/serenity/target/site/serenity/6b0bebcfc0d1e5888a5cc4480dba09a4.json (using temp file /home/travis/build/ticketmaster-api-staging/ticketmaster-api-staging.github.io/./tests/serenity/target/site/serenity/6b0bebcfc0d1e5888a5cc4480dba09a4.json49b61864-29b6-4376-8091-cdff53f641ed)
[pool-2-thread-30] INFO net.thucydides.core.reports.json.JSONTestOutcomeReporter - Generating JSON report for (/partners/certified-partners/) Verification for general page's elements to file /home/travis/build/ticketmaster-api-staging/ticketmaster-api-staging.github.io/./tests/serenity/target/site/serenity/377ddc6cbd2d5543f89f8054fcd95baf.json (using temp file /home/travis/build/ticketmaster-api-staging/ticketmaster-api-staging.github.io/./tests/serenity/target/site/serenity/377ddc6cbd2d5543f89f8054fcd95baf.jsond285c96f-5637-497b-982c-027cd1d9566b)
[pool-2-thread-32] INFO net.thucydides.core.reports.json.JSONTestOutcomeReporter - Generating JSON report for (/partners/certified-partners/nexus/) Verification for general page's elements to file /home/travis/build/ticketmaster-api-staging/ticketmaster-api-staging.github.io/./tests/serenity/target/site/serenity/5f7a06aa7f68b3c87fb86bc07f6c54b8.json (using temp file /home/travis/build/ticketmaster-api-staging/ticketmaster-api-staging.github.io/./tests/serenity/target/site/serenity/5f7a06aa7f68b3c87fb86bc07f6c54b8.json5a749935-43f1-4db1-8159-c5f156e627a7)
[pool-2-thread-31] INFO net.thucydides.core.reports.json.JSONTestOutcomeReporter - Generating JSON report for (/partners/distribution-partners/) Verification for general page's elements to file /home/travis/build/ticketmaster-api-staging/ticketmaster-api-staging.github.io/./tests/serenity/target/site/serenity/cd99e40bc4bd7c66f7dc9f689e462b71.json (using temp file /home/travis/build/ticketmaster-api-staging/ticketmaster-api-staging.github.io/./tests/serenity/target/site/serenity/cd99e40bc4bd7c66f7dc9f689e462b71.jsonc9cd708e-4edc-4856-82bd-276d343a14df)
[pool-2-thread-27] INFO net.thucydides.core.reports.json.JSONTestOutcomeReporter - Generating JSON report for (developer-acct.ticketmaster.com/user/login) [2.2.3.2 Login - Username/Email field - enter invalid username] to file /home/travis/build/ticketmaster-api-staging/ticketmaster-api-staging.github.io/./tests/serenity/target/site/serenity/2c476a2d1190b0d5ed7ccb39c749f73c.json (using temp file /home/travis/build/ticketmaster-api-staging/ticketmaster-api-staging.github.io/./tests/serenity/target/site/serenity/2c476a2d1190b0d5ed7ccb39c749f73c.json6317d2ae-6e09-45b0-a241-ffa220021729)
[pool-2-thread-29] INFO net.thucydides.core.reports.json.JSONTestOutcomeReporter - Generating JSON report for (/support/) Verification for general page's elements to file /home/travis/build/ticketmaster-api-staging/ticketmaster-api-staging.github.io/./tests/serenity/target/site/serenity/28ae1ecca5268091112a06d6373516b7.json (using temp file /home/travis/build/ticketmaster-api-staging/ticketmaster-api-staging.github.io/./tests/serenity/target/site/serenity/28ae1ecca5268091112a06d6373516b7.json87ce7d71-8896-4192-a37a-d34135cfd52b)
[pool-2-thread-32] INFO net.thucydides.core.reports.json.JSONTestOutcomeReporter - Generating JSON report for (/api-explorer/) Verification for general page's elements to file /home/travis/build/ticketmaster-api-staging/ticketmaster-api-staging.github.io/./tests/serenity/target/site/serenity/52b6d3c7f400eab9aa00e7aa3353bad5.json (using temp file /home/travis/build/ticketmaster-api-staging/ticketmaster-api-staging.github.io/./tests/serenity/target/site/serenity/52b6d3c7f400eab9aa00e7aa3353bad5.json637d686d-1301-4d23-b731-cefe1205ea2a)
[pool-2-thread-27] INFO net.thucydides.core.reports.json.JSONTestOutcomeReporter - Generating JSON report for (/products-and-docs/apis/changelog/) Verification for general page's elements to file /home/travis/build/ticketmaster-api-staging/ticketmaster-api-staging.github.io/./tests/serenity/target/site/serenity/7f413d7d362f962d0b841134e57ce5b2.json (using temp file /home/travis/build/ticketmaster-api-staging/ticketmaster-api-staging.github.io/./tests/serenity/target/site/serenity/7f413d7d362f962d0b841134e57ce5b2.json58c1bd8d-c5db-4592-90b2-4f8715c33b72)
[pool-2-thread-32] INFO net.thucydides.core.reports.json.JSONTestOutcomeReporter - Generating JSON report for (/products-and-docs/apis/deals-api/) Verification for general page's elements to file /home/travis/build/ticketmaster-api-staging/ticketmaster-api-staging.github.io/./tests/serenity/target/site/serenity/c6fe5172b0aea18b56e076682f87534d.json (using temp file /home/travis/build/ticketmaster-api-staging/ticketmaster-api-staging.github.io/./tests/serenity/target/site/serenity/c6fe5172b0aea18b56e076682f87534d.json785defda-c18d-45a2-b4f0-aa259fa1d4c0)
[pool-2-thread-29] INFO net.thucydides.core.reports.json.JSONTestOutcomeReporter - Generating JSON report for (/products-and-docs/apis/discovery-api/v1/) Verification for general page's elements to file /home/travis/build/ticketmaster-api-staging/ticketmaster-api-staging.github.io/./tests/serenity/target/site/serenity/75f10943c7bcaa4144b40ec2a8b03286.json (using temp file /home/travis/build/ticketmaster-api-staging/ticketmaster-api-staging.github.io/./tests/serenity/target/site/serenity/75f10943c7bcaa4144b40ec2a8b03286.json910a6b45-6a57-407c-88d1-925ed40986cd)
[pool-2-thread-27] INFO net.thucydides.core.reports.json.JSONTestOutcomeReporter - Generating JSON report for (/products-and-docs/apis/discovery/v2/) Verification for general page's elements to file /home/travis/build/ticketmaster-api-staging/ticketmaster-api-staging.github.io/./tests/serenity/target/site/serenity/ae09ef0217adff17762283aaef6c8348.json (using temp file /home/travis/build/ticketmaster-api-staging/ticketmaster-api-staging.github.io/./tests/serenity/target/site/serenity/ae09ef0217adff17762283aaef6c8348.json03e94a63-7a6f-4a22-8e2b-c67e033160e6)
[pool-2-thread-20] INFO net.thucydides.core.reports.json.JSONTestOutcomeReporter - Generating JSON report for (/products-and-docs/apis/commerce/) Verification for general page's elements to file /home/travis/build/ticketmaster-api-staging/ticketmaster-api-staging.github.io/./tests/serenity/target/site/serenity/dcf1532aefbc5e655d442101ad3ee6ee.json (using temp file /home/travis/build/ticketmaster-api-staging/ticketmaster-api-staging.github.io/./tests/serenity/target/site/serenity/dcf1532aefbc5e655d442101ad3ee6ee.json0337dfaa-169b-45b0-97dc-5ff52a3dc0b3)
[pool-2-thread-18] INFO net.thucydides.core.reports.json.JSONTestOutcomeReporter - Generating JSON report for (/products-and-docs/apis/getting-started/) TKMDPA-874 Commerce API links in Available Resources table to file /home/travis/build/ticketmaster-api-staging/ticketmaster-api-staging.github.io/./tests/serenity/target/site/serenity/751179c3bcf6969947bf2ae17f2c2da9.json (using temp file /home/travis/build/ticketmaster-api-staging/ticketmaster-api-staging.github.io/./tests/serenity/target/site/serenity/751179c3bcf6969947bf2ae17f2c2da9.jsonde749aaf-acf3-4748-8a7d-beb363ed06ad)
[pool-2-thread-19] INFO net.thucydides.core.reports.json.JSONTestOutcomeReporter - Generating JSON report for (/products-and-docs/apis/getting-started/) Verification for general page's elements to file /home/travis/build/ticketmaster-api-staging/ticketmaster-api-staging.github.io/./tests/serenity/target/site/serenity/3a28a0866a60882e078b178d9df156a2.json (using temp file /home/travis/build/ticketmaster-api-staging/ticketmaster-api-staging.github.io/./tests/serenity/target/site/serenity/3a28a0866a60882e078b178d9df156a2.json8a417fc0-07a4-4a45-be10-3eaad06a3b95)
[pool-2-thread-27] INFO net.thucydides.core.reports.json.JSONTestOutcomeReporter - Generating JSON report for (/products-and-docs/apis/international-discovery/) Verification for general page's elements to file /home/travis/build/ticketmaster-api-staging/ticketmaster-api-staging.github.io/./tests/serenity/target/site/serenity/aa2ef9e2685a6e26b77126968ceaa46a.json (using temp file /home/travis/build/ticketmaster-api-staging/ticketmaster-api-staging.github.io/./tests/serenity/target/site/serenity/aa2ef9e2685a6e26b77126968ceaa46a.json9a4e7c20-8ab0-4528-b980-d37a6959d225)
[pool-2-thread-25] INFO net.thucydides.core.reports.json.JSONTestOutcomeReporter - Generating JSON report for (/products-and-docs/apis/inventory-status/) Verification for general page's elements to file /home/travis/build/ticketmaster-api-staging/ticketmaster-api-staging.github.io/./tests/serenity/target/site/serenity/972e22cd30141efbd015378cbea68c89.json (using temp file /home/travis/build/ticketmaster-api-staging/ticketmaster-api-staging.github.io/./tests/serenity/target/site/serenity/972e22cd30141efbd015378cbea68c89.json765ed3db-0fe1-4f7a-8fc8-0fca28aa8cbb)
[pool-2-thread-19] INFO net.thucydides.core.reports.json.JSONTestOutcomeReporter - Generating JSON report for (/products-and-docs/apis/oauth/) Verification for general page's elements to file /home/travis/build/ticketmaster-api-staging/ticketmaster-api-staging.github.io/./tests/serenity/target/site/serenity/d03b5aa9a02863ee1e939aba54cce758.json (using temp file /home/travis/build/ticketmaster-api-staging/ticketmaster-api-staging.github.io/./tests/serenity/target/site/serenity/d03b5aa9a02863ee1e939aba54cce758.json30317456-fc76-429d-94b8-5e3dacad7cb2)
[pool-2-thread-20] INFO net.thucydides.core.reports.json.JSONTestOutcomeReporter - Generating JSON report for (/products-and-docs/apis/partner/) Verification for general page's elements to file /home/travis/build/ticketmaster-api-staging/ticketmaster-api-staging.github.io/./tests/serenity/target/site/serenity/e079f86be10b6b8d2af2b48d79fce43e.json (using temp file /home/travis/build/ticketmaster-api-staging/ticketmaster-api-staging.github.io/./tests/serenity/target/site/serenity/e079f86be10b6b8d2af2b48d79fce43e.json882a2750-ea3f-4e39-a084-802163547b38)
[pool-2-thread-19] INFO net.thucydides.core.reports.json.JSONTestOutcomeReporter - Generating JSON report for (/products-and-docs/apis/publish/) Verification for general page's elements to file /home/travis/build/ticketmaster-api-staging/ticketmaster-api-staging.github.io/./tests/serenity/target/site/serenity/9bd00d0483c9239c4c10dfe48c1578fe.json (using temp file /home/travis/build/ticketmaster-api-staging/ticketmaster-api-staging.github.io/./tests/serenity/target/site/serenity/9bd00d0483c9239c4c10dfe48c1578fe.json261d7b71-d3ae-4ec5-bec9-f693f093d872)
[pool-2-thread-20] INFO net.thucydides.core.reports.json.JSONTestOutcomeReporter - Generating JSON report for (/products-and-docs/sdks/) Verification for general page's elements to file /home/travis/build/ticketmaster-api-staging/ticketmaster-api-staging.github.io/./tests/serenity/target/site/serenity/2db19279f14301aa853b788c73ce3829.json (using temp file /home/travis/build/ticketmaster-api-staging/ticketmaster-api-staging.github.io/./tests/serenity/target/site/serenity/2db19279f14301aa853b788c73ce3829.json9d12d0ff-c114-475d-b163-d423f03f8204)
[pool-2-thread-25] INFO net.thucydides.core.reports.json.JSONTestOutcomeReporter - Generating JSON report for (products-and-docs/sdks/) Verification for all the page's links to file /home/travis/build/ticketmaster-api-staging/ticketmaster-api-staging.github.io/./tests/serenity/target/site/serenity/d07bb5f471a39ea442c55094e4972188.json (using temp file /home/travis/build/ticketmaster-api-staging/ticketmaster-api-staging.github.io/./tests/serenity/target/site/serenity/d07bb5f471a39ea442c55094e4972188.json19c1ca15-ae6b-4300-bb63-35db77c36854)
[pool-2-thread-27] INFO net.thucydides.core.reports.json.JSONTestOutcomeReporter - Generating JSON report for (/api-explorer/) Verification for general page's elements to file /home/travis/build/ticketmaster-api-staging/ticketmaster-api-staging.github.io/./tests/serenity/target/site/serenity/edfd248e8f9e9a5cf6755e5b8427a74b.json (using temp file /home/travis/build/ticketmaster-api-staging/ticketmaster-api-staging.github.io/./tests/serenity/target/site/serenity/edfd248e8f9e9a5cf6755e5b8427a74b.jsonf1d0599a-fe1f-4dd6-8c91-fb31f9e6609c)
[pool-2-thread-14] INFO net.thucydides.core.reports.json.JSONTestOutcomeReporter - Generating JSON report for (/api-explorer/) Verification for general page's elements to file /home/travis/build/ticketmaster-api-staging/ticketmaster-api-staging.github.io/./tests/serenity/target/site/serenity/b4d8c182c1e92cf8c534e5520be6f86a.json (using temp file /home/travis/build/ticketmaster-api-staging/ticketmaster-api-staging.github.io/./tests/serenity/target/site/serenity/b4d8c182c1e92cf8c534e5520be6f86a.jsona0773fbc-8b2a-464d-8412-649204fd85d1)
[pool-2-thread-10] INFO net.thucydides.core.reports.json.JSONTestOutcomeReporter - Generating JSON report for (/products-and-docs/tutorials/) Verification for general page's elements to file /home/travis/build/ticketmaster-api-staging/ticketmaster-api-staging.github.io/./tests/serenity/target/site/serenity/5157f7d09bc74acb49c96ab2d6f45810.json (using temp file /home/travis/build/ticketmaster-api-staging/ticketmaster-api-staging.github.io/./tests/serenity/target/site/serenity/5157f7d09bc74acb49c96ab2d6f45810.jsond78184f0-e209-478a-8ee3-772007fd5f82)
[pool-2-thread-14] INFO net.thucydides.core.reports.json.JSONTestOutcomeReporter - Generating JSON report for (/products-and-docs/tutorials/) Verification for all the page's links to file /home/travis/build/ticketmaster-api-staging/ticketmaster-api-staging.github.io/./tests/serenity/target/site/serenity/f9936441078560a56e8413400b9ce8bc.json (using temp file /home/travis/build/ticketmaster-api-staging/ticketmaster-api-staging.github.io/./tests/serenity/target/site/serenity/f9936441078560a56e8413400b9ce8bc.jsonbcdbd87c-3649-4745-a797-6971c0c4b97f)
[pool-2-thread-13] INFO net.thucydides.core.reports.json.JSONTestOutcomeReporter - Generating JSON report for (/products-and-docs/tutorials/events-search/) Verification for general page's elements to file /home/travis/build/ticketmaster-api-staging/ticketmaster-api-staging.github.io/./tests/serenity/target/site/serenity/272d625aa923b7250c90e4c7aedd31fd.json (using temp file /home/travis/build/ticketmaster-api-staging/ticketmaster-api-staging.github.io/./tests/serenity/target/site/serenity/272d625aa923b7250c90e4c7aedd31fd.json44b3db09-810c-46dc-b86b-eb930b22b563)
[pool-2-thread-26] INFO net.thucydides.core.reports.json.JSONTestOutcomeReporter - Generating JSON report for (/products-and-docs/tutorials/events-search/) Verification for all the page's links to file /home/travis/build/ticketmaster-api-staging/ticketmaster-api-staging.github.io/./tests/serenity/target/site/serenity/1d1d18ff3da42dda8217119fb4850fb6.json (using temp file /home/travis/build/ticketmaster-api-staging/ticketmaster-api-staging.github.io/./tests/serenity/target/site/serenity/1d1d18ff3da42dda8217119fb4850fb6.jsonacda6ef5-2564-4c1e-b364-2a7c92fe8e8c)
[pool-2-thread-2] INFO net.thucydides.core.reports.json.JSONTestOutcomeReporter - Generating JSON report for (/products-and-docs/tutorials/events-search/search_events_in_location_html) Verification for general page's elements to file /home/travis/build/ticketmaster-api-staging/ticketmaster-api-staging.github.io/./tests/serenity/target/site/serenity/17a54574f8409b47fc77eda6c5ce0414.json (using temp file /home/travis/build/ticketmaster-api-staging/ticketmaster-api-staging.github.io/./tests/serenity/target/site/serenity/17a54574f8409b47fc77eda6c5ce0414.jsone8c2ccb3-57f2-473a-9222-fb7fc9d4adbf)
[pool-2-thread-30] INFO net.thucydides.core.reports.json.JSONTestOutcomeReporter - Generating JSON report for (/products-and-docs/tutorials/events-search/search_events_with_discovery_api_html) Verification for general page's elements to file /home/travis/build/ticketmaster-api-staging/ticketmaster-api-staging.github.io/./tests/serenity/target/site/serenity/5dbd3125fd27cb3a4ccba5b7ad7e777d.json (using temp file /home/travis/build/ticketmaster-api-staging/ticketmaster-api-staging.github.io/./tests/serenity/target/site/serenity/5dbd3125fd27cb3a4ccba5b7ad7e777d.json0fb3e380-4276-4cbc-b3c5-877474c76947)
[pool-2-thread-13] INFO net.thucydides.core.reports.json.JSONTestOutcomeReporter - Generating JSON report for (/products-and-docs/tutorials/widgets/) Verification for general page's elements to file /home/travis/build/ticketmaster-api-staging/ticketmaster-api-staging.github.io/./tests/serenity/target/site/serenity/c74a407a6cf020722c8ced5f2ad46ed7.json (using temp file /home/travis/build/ticketmaster-api-staging/ticketmaster-api-staging.github.io/./tests/serenity/target/site/serenity/c74a407a6cf020722c8ced5f2ad46ed7.json224dc44d-702f-4b92-9d25-f5076dacd5bf)
[pool-2-thread-13] INFO net.thucydides.core.reports.json.JSONTestOutcomeReporter - Generating JSON report for (/products-and-docs/tutorials/widgets/) Verification for all the page's links to file /home/travis/build/ticketmaster-api-staging/ticketmaster-api-staging.github.io/./tests/serenity/target/site/serenity/8d43f155d68df0122025b88902deb81c.json (using temp file /home/travis/build/ticketmaster-api-staging/ticketmaster-api-staging.github.io/./tests/serenity/target/site/serenity/8d43f155d68df0122025b88902deb81c.json29f7b40e-ce65-4a65-96be-f04fc2a25ffe)
[pool-2-thread-8] INFO net.thucydides.core.reports.json.JSONTestOutcomeReporter - Generating JSON report for (/products-and-docs/widgets/calendar/) [3.2.1.9 Disqus is present on calendar widget] to file /home/travis/build/ticketmaster-api-staging/ticketmaster-api-staging.github.io/./tests/serenity/target/site/serenity/31992e8df233693ae7820baeb1f1f9f1.json (using temp file /home/travis/build/ticketmaster-api-staging/ticketmaster-api-staging.github.io/./tests/serenity/target/site/serenity/31992e8df233693ae7820baeb1f1f9f1.jsond146a13f-4b61-45d5-ad05-38d43dc08b21)
[pool-2-thread-4] INFO net.thucydides.core.reports.json.JSONTestOutcomeReporter - Generating JSON report for (/products-and-docs/widgets/countdown/) Verification for general page's elements to file /home/travis/build/ticketmaster-api-staging/ticketmaster-api-staging.github.io/./tests/serenity/target/site/serenity/a122ee30a2e587acd2b84eb452111cae.json (using temp file /home/travis/build/ticketmaster-api-staging/ticketmaster-api-staging.github.io/./tests/serenity/target/site/serenity/a122ee30a2e587acd2b84eb452111cae.json284224ff-e66f-4598-8063-3254c1484ca0)
[pool-2-thread-8] INFO net.thucydides.core.reports.json.JSONTestOutcomeReporter - Generating JSON report for (/products-and-docs/widgets/event-discovery/) Verification for general page's elements to file /home/travis/build/ticketmaster-api-staging/ticketmaster-api-staging.github.io/./tests/serenity/target/site/serenity/deb115249b3a28b84987f190d5dbd1ca.json (using temp file /home/travis/build/ticketmaster-api-staging/ticketmaster-api-staging.github.io/./tests/serenity/target/site/serenity/deb115249b3a28b84987f190d5dbd1ca.json5281ad0e-aa11-45ab-926f-4c0ee1beec27)
[pool-2-thread-4] INFO net.thucydides.core.reports.json.JSONTestOutcomeReporter - Generating JSON report for (/products-and-docs/widgets/checkout/) [3.1.3 Widget checkout  to file /home/travis/build/ticketmaster-api-staging/ticketmaster-api-staging.github.io/./tests/serenity/target/site/serenity/fb61c43083438f218b39869fec551c83.json (using temp file /home/travis/build/ticketmaster-api-staging/ticketmaster-api-staging.github.io/./tests/serenity/target/site/serenity/fb61c43083438f218b39869fec551c83.json05462d18-ab0e-49d8-9675-3b4a785a1867)
[pool-2-thread-8] INFO net.thucydides.core.reports.json.JSONTestOutcomeReporter - Generating JSON report for (/products-and-docs/widgets/wordpress/) [3.1.4 Wordpress widget  to file /home/travis/build/ticketmaster-api-staging/ticketmaster-api-staging.github.io/./tests/serenity/target/site/serenity/2369b4e82780209181224e652033d029.json (using temp file /home/travis/build/ticketmaster-api-staging/ticketmaster-api-staging.github.io/./tests/serenity/target/site/serenity/2369b4e82780209181224e652033d029.json8e4a69b6-6146-40d8-9e3b-addf9bb03d6a)
[pool-2-thread-3] INFO net.thucydides.core.reports.json.JSONTestOutcomeReporter - Generating JSON report for (/products-and-docs/tutorials/widgets/Event_Discovery_Widget_html) Verification for general page's elements to file /home/travis/build/ticketmaster-api-staging/ticketmaster-api-staging.github.io/./tests/serenity/target/site/serenity/0a28f070ff6775bf01338b583f16e571.json (using temp file /home/travis/build/ticketmaster-api-staging/ticketmaster-api-staging.github.io/./tests/serenity/target/site/serenity/0a28f070ff6775bf01338b583f16e571.json1260925a-5b62-42bc-ad55-3dc62b7bf2d7)
[pool-2-thread-6] INFO net.thucydides.core.reports.json.JSONTestOutcomeReporter - Generating JSON report for (/products-and-docs/widgets/) Verification for general page's elements to file /home/travis/build/ticketmaster-api-staging/ticketmaster-api-staging.github.io/./tests/serenity/target/site/serenity/d320966d49cf1f6b6b97a3f1d48d56ca.json (using temp file /home/travis/build/ticketmaster-api-staging/ticketmaster-api-staging.github.io/./tests/serenity/target/site/serenity/d320966d49cf1f6b6b97a3f1d48d56ca.jsonfbade540-936b-4612-9830-97fd388e46fd)
[pool-2-thread-8] INFO net.thucydides.core.reports.json.JSONTestOutcomeReporter - Generating JSON report for (/products-and-docs/widgets/) Verification for Direct Payment Button element to file /home/travis/build/ticketmaster-api-staging/ticketmaster-api-staging.github.io/./tests/serenity/target/site/serenity/3d38ae3b51ff0cc89e687da817fff5c1.json (using temp file /home/travis/build/ticketmaster-api-staging/ticketmaster-api-staging.github.io/./tests/serenity/target/site/serenity/3d38ae3b51ff0cc89e687da817fff5c1.json70329121-dc52-48ee-9454-10e465915269)
[pool-2-thread-2] INFO net.thucydides.core.reports.json.JSONTestOutcomeReporter - Generating JSON report for (/products-and-docs/widgets/) Verification for all the page's links to file /home/travis/build/ticketmaster-api-staging/ticketmaster-api-staging.github.io/./tests/serenity/target/site/serenity/2005e268956d1e776e29d8118ced9033.json (using temp file /home/travis/build/ticketmaster-api-staging/ticketmaster-api-staging.github.io/./tests/serenity/target/site/serenity/2005e268956d1e776e29d8118ced9033.json054ed403-cab4-4872-9f1c-fb52e375757b)
[pool-2-thread-3] INFO net.thucydides.core.reports.json.JSONTestOutcomeReporter - Generating JSON report for (/support/) Verification for general page's elements to file /home/travis/build/ticketmaster-api-staging/ticketmaster-api-staging.github.io/./tests/serenity/target/site/serenity/b9e8b8e168099eddf4b20937e7c93350.json (using temp file /home/travis/build/ticketmaster-api-staging/ticketmaster-api-staging.github.io/./tests/serenity/target/site/serenity/b9e8b8e168099eddf4b20937e7c93350.jsondb21a0a2-d965-4436-8c84-085001c422df)
[pool-2-thread-6] INFO net.thucydides.core.reports.json.JSONTestOutcomeReporter - Generating JSON report for (/support/branding-guide/) Verification for general page's elements to file /home/travis/build/ticketmaster-api-staging/ticketmaster-api-staging.github.io/./tests/serenity/target/site/serenity/73d14fa2d33210cccb211e1b370f30d5.json (using temp file /home/travis/build/ticketmaster-api-staging/ticketmaster-api-staging.github.io/./tests/serenity/target/site/serenity/73d14fa2d33210cccb211e1b370f30d5.jsoncdc66e82-09c6-4ca6-ad62-ba835d879459)
[pool-2-thread-8] INFO net.thucydides.core.reports.json.JSONTestOutcomeReporter - Generating JSON report for (/support/contact-us/) Verification for general page's elements to file /home/travis/build/ticketmaster-api-staging/ticketmaster-api-staging.github.io/./tests/serenity/target/site/serenity/0b02f68eee2d3f5e59ce9f2d37430fae.json (using temp file /home/travis/build/ticketmaster-api-staging/ticketmaster-api-staging.github.io/./tests/serenity/target/site/serenity/0b02f68eee2d3f5e59ce9f2d37430fae.jsond4f121c3-0da8-45bb-a831-6403bfab48a8)
[pool-2-thread-6] INFO net.thucydides.core.reports.json.JSONTestOutcomeReporter - Generating JSON report for (/support/faq/) Verification for general page's elements to file /home/travis/build/ticketmaster-api-staging/ticketmaster-api-staging.github.io/./tests/serenity/target/site/serenity/99c81ec406c5bfabf0c8627a1efdf8f1.json (using temp file /home/travis/build/ticketmaster-api-staging/ticketmaster-api-staging.github.io/./tests/serenity/target/site/serenity/99c81ec406c5bfabf0c8627a1efdf8f1.jsonfb2ead35-c508-41b6-a7dc-3a5b56cad9e9)
[pool-2-thread-3] INFO net.thucydides.core.reports.json.JSONTestOutcomeReporter - Generating JSON report for (/support/terms-of-use/) Verification for general page's elements to file /home/travis/build/ticketmaster-api-staging/ticketmaster-api-staging.github.io/./tests/serenity/target/site/serenity/fcbc35c07f7f56e9d81645e41d040fff.json (using temp file /home/travis/build/ticketmaster-api-staging/ticketmaster-api-staging.github.io/./tests/serenity/target/site/serenity/fcbc35c07f7f56e9d81645e41d040fff.json68cf7a1e-cbfa-483d-b590-442072b6370b)
[pool-2-thread-8] INFO net.thucydides.core.reports.json.JSONTestOutcomeReporter - Generating JSON report for (/support/terms-of-use/partner/) Verification for general page's elements to file /home/travis/build/ticketmaster-api-staging/ticketmaster-api-staging.github.io/./tests/serenity/target/site/serenity/2022b94d94ecc4ca5f194afc08b5b59b.json (using temp file /home/travis/build/ticketmaster-api-staging/ticketmaster-api-staging.github.io/./tests/serenity/target/site/serenity/2022b94d94ecc4ca5f194afc08b5b59b.jsond8b5d202-e311-4938-b153-cf892e4b7e37)
[pool-2-thread-4] INFO net.thucydides.core.reports.json.JSONTestOutcomeReporter - Generating JSON report for (/products-and-docs/widgets/calendar/) TECHNICAL TAB - Check that required fields are not empty to file /home/travis/build/ticketmaster-api-staging/ticketmaster-api-staging.github.io/./tests/serenity/target/site/serenity/f309713bc81f30d1a0529ba9ef1d0a8d.json (using temp file /home/travis/build/ticketmaster-api-staging/ticketmaster-api-staging.github.io/./tests/serenity/target/site/serenity/f309713bc81f30d1a0529ba9ef1d0a8d.json5789eb6b-e71d-4326-b429-40f446306a91)
[pool-2-thread-3] INFO net.thucydides.core.reports.json.JSONTestOutcomeReporter - Generating JSON report for (/products-and-docs/widgets/calendar/) TECHNICAL TAB - Check that embed code functionality works properly to file /home/travis/build/ticketmaster-api-staging/ticketmaster-api-staging.github.io/./tests/serenity/target/site/serenity/322d2393e7bf2ab2e4e98b349a8a3908.json (using temp file /home/travis/build/ticketmaster-api-staging/ticketmaster-api-staging.github.io/./tests/serenity/target/site/serenity/322d2393e7bf2ab2e4e98b349a8a3908.json578be4b5-90c3-48d8-8e33-e625983a5fa0)
[pool-2-thread-7] INFO net.thucydides.core.reports.json.JSONTestOutcomeReporter - Generating JSON report for (/products-and-docs/widgets/calendar/) Check RESET button functionality on Embedded Code Pop-up window to file /home/travis/build/ticketmaster-api-staging/ticketmaster-api-staging.github.io/./tests/serenity/target/site/serenity/76a842de4d95dfd3227c1ba91422985e.json (using temp file /home/travis/build/ticketmaster-api-staging/ticketmaster-api-staging.github.io/./tests/serenity/target/site/serenity/76a842de4d95dfd3227c1ba91422985e.json0f3b32d4-8658-4f75-903e-60c54b9dbbb7)
[pool-2-thread-15] INFO net.thucydides.core.reports.json.JSONTestOutcomeReporter - Generating JSON report for (/products-and-docs/widgets/calendar/) TECHNICAL TAB - Check links to file /home/travis/build/ticketmaster-api-staging/ticketmaster-api-staging.github.io/./tests/serenity/target/site/serenity/b7f9b6c992e799fd7e1b1c4912b32f25.json (using temp file /home/travis/build/ticketmaster-api-staging/ticketmaster-api-staging.github.io/./tests/serenity/target/site/serenity/b7f9b6c992e799fd7e1b1c4912b32f25.jsone85dbebb-00c2-4d48-8a68-dc999a129ae2)
[pool-2-thread-4] INFO net.thucydides.core.reports.json.JSONTestOutcomeReporter - Generating JSON report for (/products-and-docs/widgets/calendar/) Event message - Check event message for invalid API Key to file /home/travis/build/ticketmaster-api-staging/ticketmaster-api-staging.github.io/./tests/serenity/target/site/serenity/e467876af5c14db329746d48df2510fa.json (using temp file /home/travis/build/ticketmaster-api-staging/ticketmaster-api-staging.github.io/./tests/serenity/target/site/serenity/e467876af5c14db329746d48df2510fa.jsond54863b8-a00b-4d98-a6d6-9c5ba5d52e3f)
[pool-2-thread-30] INFO net.thucydides.core.reports.json.JSONTestOutcomeReporter - Generating JSON report for (/products-and-docs/widgets/countdown/) TECHNICAL TAB - Check that required fields are not empty to file /home/travis/build/ticketmaster-api-staging/ticketmaster-api-staging.github.io/./tests/serenity/target/site/serenity/3042eeb6ce3495b7a489049e6041852a.json (using temp file /home/travis/build/ticketmaster-api-staging/ticketmaster-api-staging.github.io/./tests/serenity/target/site/serenity/3042eeb6ce3495b7a489049e6041852a.json30c60c28-c9b3-4541-94c9-7d8b079f6a1b)
[pool-2-thread-8] INFO net.thucydides.core.reports.json.JSONTestOutcomeReporter - Generating JSON report for (/products-and-docs/widgets/calendar/) TECHNICAL TAB - Check RESET button functionality to file /home/travis/build/ticketmaster-api-staging/ticketmaster-api-staging.github.io/./tests/serenity/target/site/serenity/2452d2d94d0b5882b4fff4817b53935d.json (using temp file /home/travis/build/ticketmaster-api-staging/ticketmaster-api-staging.github.io/./tests/serenity/target/site/serenity/2452d2d94d0b5882b4fff4817b53935d.json8777f0e1-598b-4b86-9193-00f86a39a1d8)
[pool-2-thread-21] INFO net.thucydides.core.reports.json.JSONTestOutcomeReporter - Generating JSON report for (/products-and-docs/widgets/countdown/) Event message - Check event message for invalid API Key to file /home/travis/build/ticketmaster-api-staging/ticketmaster-api-staging.github.io/./tests/serenity/target/site/serenity/17c8bc4c298e2f1d4ccaf034cc4c4579.json (using temp file /home/travis/build/ticketmaster-api-staging/ticketmaster-api-staging.github.io/./tests/serenity/target/site/serenity/17c8bc4c298e2f1d4ccaf034cc4c4579.json8f89df92-b736-4322-8ea4-4142c722cc09)
[pool-2-thread-24] INFO net.thucydides.core.reports.json.JSONTestOutcomeReporter - Generating JSON report for (/products-and-docs/widgets/countdown/) Event message - Check event message for invalid Event ID to file /home/travis/build/ticketmaster-api-staging/ticketmaster-api-staging.github.io/./tests/serenity/target/site/serenity/90602fbc6bf91469968a77050460f7a7.json (using temp file /home/travis/build/ticketmaster-api-staging/ticketmaster-api-staging.github.io/./tests/serenity/target/site/serenity/90602fbc6bf91469968a77050460f7a7.jsonb7bcc0ab-9bc6-4e63-826b-1887993019ae)
[pool-2-thread-21] INFO net.thucydides.core.reports.json.JSONTestOutcomeReporter - Generating JSON report for (/products-and-docs/widgets/event-discovery/) TECHNICAL TAB - Check that embed code functionality works properly to file /home/travis/build/ticketmaster-api-staging/ticketmaster-api-staging.github.io/./tests/serenity/target/site/serenity/0f3aabf2a048628f91be1f105923974f.json (using temp file /home/travis/build/ticketmaster-api-staging/ticketmaster-api-staging.github.io/./tests/serenity/target/site/serenity/0f3aabf2a048628f91be1f105923974f.jsonec2a4e46-16bb-4f9c-819d-0ad545cb8e02)
[pool-2-thread-24] INFO net.thucydides.core.reports.json.JSONTestOutcomeReporter - Generating JSON report for (/products-and-docs/widgets/event-discovery/) TECHNICAL TAB - Check that KEYWORD field functionality works properly to file /home/travis/build/ticketmaster-api-staging/ticketmaster-api-staging.github.io/./tests/serenity/target/site/serenity/e51d09812ab4c5e25bcce5be7a8542a6.json (using temp file /home/travis/build/ticketmaster-api-staging/ticketmaster-api-staging.github.io/./tests/serenity/target/site/serenity/e51d09812ab4c5e25bcce5be7a8542a6.json61ed9950-3a18-4c94-b1c0-9b0488a76e3f)
[pool-2-thread-21] INFO net.thucydides.core.reports.json.JSONTestOutcomeReporter - Generating JSON report for (/products-and-docs/widgets/event-discovery/) TECHNICAL TAB - Check that EVENT COUNT works properly to file /home/travis/build/ticketmaster-api-staging/ticketmaster-api-staging.github.io/./tests/serenity/target/site/serenity/458e130cc18165a5e632e828c6646c3a.json (using temp file /home/travis/build/ticketmaster-api-staging/ticketmaster-api-staging.github.io/./tests/serenity/target/site/serenity/458e130cc18165a5e632e828c6646c3a.jsondbab10e3-d1fe-4af3-93e5-f2e85ade95c8)
[pool-2-thread-24] INFO net.thucydides.core.reports.json.JSONTestOutcomeReporter - Generating JSON report for (/products-and-docs/widgets/event-discovery/) TECHNICAL TAB - Check boundary values of EVENT COUNT to file /home/travis/build/ticketmaster-api-staging/ticketmaster-api-staging.github.io/./tests/serenity/target/site/serenity/67fc2ade4f4cd91ee7f8df80e319b0ce.json (using temp file /home/travis/build/ticketmaster-api-staging/ticketmaster-api-staging.github.io/./tests/serenity/target/site/serenity/67fc2ade4f4cd91ee7f8df80e319b0ce.json44fbfd83-edfe-4172-88eb-6228de8adf85)
[pool-2-thread-21] INFO net.thucydides.core.reports.json.JSONTestOutcomeReporter - Generating JSON report for (/products-and-docs/widgets/event-discovery/) TECHNICAL TAB - Check boundary values of RADIUS to file /home/travis/build/ticketmaster-api-staging/ticketmaster-api-staging.github.io/./tests/serenity/target/site/serenity/5612db770c22faf71cb8eec94db4f577.json (using temp file /home/travis/build/ticketmaster-api-staging/ticketmaster-api-staging.github.io/./tests/serenity/target/site/serenity/5612db770c22faf71cb8eec94db4f577.json1f6ebc58-3082-4727-97bc-df1e0729584a)
[pool-2-thread-2] INFO net.thucydides.core.reports.json.JSONTestOutcomeReporter - Generating JSON report for (/products-and-docs/widgets/countdown/) TECHNICAL TAB - Verification of default embed code to file /home/travis/build/ticketmaster-api-staging/ticketmaster-api-staging.github.io/./tests/serenity/target/site/serenity/327187bff4904e87293043aaf5a6509b.json (using temp file /home/travis/build/ticketmaster-api-staging/ticketmaster-api-staging.github.io/./tests/serenity/target/site/serenity/327187bff4904e87293043aaf5a6509b.json9441c0f0-58ce-43a7-a316-02c935598a1a)
[pool-2-thread-28] INFO net.thucydides.core.reports.json.JSONTestOutcomeReporter - Generating JSON report for (/partners/startups-and-developers/) Verification for general page's elements to file /home/travis/build/ticketmaster-api-staging/ticketmaster-api-staging.github.io/./tests/serenity/target/site/serenity/5afbed69bafc204877f75ef1ebf179db.json (using temp file /home/travis/build/ticketmaster-api-staging/ticketmaster-api-staging.github.io/./tests/serenity/target/site/serenity/5afbed69bafc204877f75ef1ebf179db.jsoneafd103c-279c-4e32-b40e-61648e331ef3)
[pool-2-thread-2] INFO net.thucydides.core.reports.json.JSONTestOutcomeReporter - Generating JSON report for (/products-and-docs/widgets/event-discovery/) TECHNICAL TAB - Check links to file /home/travis/build/ticketmaster-api-staging/ticketmaster-api-staging.github.io/./tests/serenity/target/site/serenity/2549737dc1b1112e4e9ba570d1d99bcd.json (using temp file /home/travis/build/ticketmaster-api-staging/ticketmaster-api-staging.github.io/./tests/serenity/target/site/serenity/2549737dc1b1112e4e9ba570d1d99bcd.json754d855c-2542-4fdf-b6f6-3b6aa27fdc8f)
[pool-2-thread-28] INFO net.thucydides.core.reports.json.JSONTestOutcomeReporter - Generating JSON report for (/products-and-docs/widgets/event-discovery/) VISUAL TAB - Check Layout Resolutions to file /home/travis/build/ticketmaster-api-staging/ticketmaster-api-staging.github.io/./tests/serenity/target/site/serenity/d80bafeef84520f55893568d0c224427.json (using temp file /home/travis/build/ticketmaster-api-staging/ticketmaster-api-staging.github.io/./tests/serenity/target/site/serenity/d80bafeef84520f55893568d0c224427.json8f9ffb89-2b23-4846-9d70-658f1361f5e5)
[pool-2-thread-8] INFO net.thucydides.core.reports.json.JSONTestOutcomeReporter - Generating JSON report for (/products-and-docs/widgets/event-discovery/) VISUAL TAB - Check Layout Orientations to file /home/travis/build/ticketmaster-api-staging/ticketmaster-api-staging.github.io/./tests/serenity/target/site/serenity/c9632150870302b69031d089705cd1d7.json (using temp file /home/travis/build/ticketmaster-api-staging/ticketmaster-api-staging.github.io/./tests/serenity/target/site/serenity/c9632150870302b69031d089705cd1d7.json8cc7bf17-fac6-40b2-a8c7-eee3e6baca79)
[pool-2-thread-25] INFO net.thucydides.core.reports.json.JSONTestOutcomeReporter - Generating JSON report for (/products-and-docs/widgets/event-discovery/) Event message - Check event message for invalid Keyword to file /home/travis/build/ticketmaster-api-staging/ticketmaster-api-staging.github.io/./tests/serenity/target/site/serenity/d8f6cd69050d8d74824645b40e143f80.json (using temp file /home/travis/build/ticketmaster-api-staging/ticketmaster-api-staging.github.io/./tests/serenity/target/site/serenity/d8f6cd69050d8d74824645b40e143f80.json22669784-e144-491f-a328-df6d6d377b5c)
[pool-2-thread-2] INFO net.thucydides.core.reports.json.JSONTestOutcomeReporter - Generating JSON report for (feedback widget) Check that Feedback widget Elements are shown to file /home/travis/build/ticketmaster-api-staging/ticketmaster-api-staging.github.io/./tests/serenity/target/site/serenity/3f0c9c02bf386ecf13f0588ae6897497.json (using temp file /home/travis/build/ticketmaster-api-staging/ticketmaster-api-staging.github.io/./tests/serenity/target/site/serenity/3f0c9c02bf386ecf13f0588ae6897497.json6cd87522-0117-4ef9-b53f-25d306d7f1b8)
[pool-2-thread-25] INFO net.thucydides.core.reports.json.JSONTestOutcomeReporter - Generating JSON report for (feedback widget) Feedback widget Close button to file /home/travis/build/ticketmaster-api-staging/ticketmaster-api-staging.github.io/./tests/serenity/target/site/serenity/0f7c33ede821beb77d70ea87e6db9a2b.json (using temp file /home/travis/build/ticketmaster-api-staging/ticketmaster-api-staging.github.io/./tests/serenity/target/site/serenity/0f7c33ede821beb77d70ea87e6db9a2b.jsonc34b61c3-df1d-45c1-9fe5-132611b2b6c2)
[pool-2-thread-2] INFO net.thucydides.core.reports.json.JSONTestOutcomeReporter - Generating JSON report for (feedback widget) Feedback widget error notifications for NAME field to file /home/travis/build/ticketmaster-api-staging/ticketmaster-api-staging.github.io/./tests/serenity/target/site/serenity/1dba5de201ae33104dae6a92b5867c72.json (using temp file /home/travis/build/ticketmaster-api-staging/ticketmaster-api-staging.github.io/./tests/serenity/target/site/serenity/1dba5de201ae33104dae6a92b5867c72.jsona30532f2-f776-4a18-8381-bfda3785d294)
[pool-2-thread-2] INFO net.thucydides.core.reports.json.JSONTestOutcomeReporter - Generating JSON report for (feedback widget) Feedback widget error notifications for Email field to file /home/travis/build/ticketmaster-api-staging/ticketmaster-api-staging.github.io/./tests/serenity/target/site/serenity/4bb3352be7c67126054b66208e524285.json (using temp file /home/travis/build/ticketmaster-api-staging/ticketmaster-api-staging.github.io/./tests/serenity/target/site/serenity/4bb3352be7c67126054b66208e524285.json56f3c7d3-6801-4dc6-ab84-0945640a7d94)
[pool-2-thread-13] INFO net.thucydides.core.reports.json.JSONTestOutcomeReporter - Generating JSON report for (/products-and-docs/widgets/countdown/) VISUAL TAB - Check Layout Orientations to file /home/travis/build/ticketmaster-api-staging/ticketmaster-api-staging.github.io/./tests/serenity/target/site/serenity/91af3647c162e36d94fd0d47f89071da.json (using temp file /home/travis/build/ticketmaster-api-staging/ticketmaster-api-staging.github.io/./tests/serenity/target/site/serenity/91af3647c162e36d94fd0d47f89071da.json636720a0-92d2-4ef9-96aa-3e676f0558f8)
[pool-2-thread-22] INFO net.thucydides.core.reports.json.JSONTestOutcomeReporter - Generating JSON report for (/products-and-docs/widgets/countdown/) VISUAL TAB - Check Layout Resolutions to file /home/travis/build/ticketmaster-api-staging/ticketmaster-api-staging.github.io/./tests/serenity/target/site/serenity/d8b7babaa8d322e3269b9661ae68e8d8.json (using temp file /home/travis/build/ticketmaster-api-staging/ticketmaster-api-staging.github.io/./tests/serenity/target/site/serenity/d8b7babaa8d322e3269b9661ae68e8d8.jsonc50b2d5b-f19d-4f3f-af9f-e6b6a2a79c93)
[pool-2-thread-17] INFO net.thucydides.core.reports.json.JSONTestOutcomeReporter - Generating JSON report for (/products-and-docs/widgets/countdown/) VISUAL TAB - Check Full-width mode to file /home/travis/build/ticketmaster-api-staging/ticketmaster-api-staging.github.io/./tests/serenity/target/site/serenity/b88bcf1511bdeee68d60d19ad81b5622.json (using temp file /home/travis/build/ticketmaster-api-staging/ticketmaster-api-staging.github.io/./tests/serenity/target/site/serenity/b88bcf1511bdeee68d60d19ad81b5622.json4dea5696-ce16-4c20-9630-84ddfd65b58b)
[pool-2-thread-3] INFO net.thucydides.core.reports.json.JSONTestOutcomeReporter - Generating JSON report for (/products-and-docs/widgets/countdown/) TECHNICAL TAB - Check links to file /home/travis/build/ticketmaster-api-staging/ticketmaster-api-staging.github.io/./tests/serenity/target/site/serenity/d5e2168c89549bb5961a9c44471f9b6c.json (using temp file /home/travis/build/ticketmaster-api-staging/ticketmaster-api-staging.github.io/./tests/serenity/target/site/serenity/d5e2168c89549bb5961a9c44471f9b6c.json78c6dacf-c93a-4ec6-83fc-56b61c579f6b)
[pool-2-thread-6] INFO net.thucydides.core.reports.json.JSONTestOutcomeReporter - Generating JSON report for (/products-and-docs/widgets/countdown/) TECHNICAL TAB - Get new EventId to file /home/travis/build/ticketmaster-api-staging/ticketmaster-api-staging.github.io/./tests/serenity/target/site/serenity/240163cbd771841ccc1ad6e24a46c4ff.json (using temp file /home/travis/build/ticketmaster-api-staging/ticketmaster-api-staging.github.io/./tests/serenity/target/site/serenity/240163cbd771841ccc1ad6e24a46c4ff.json49df2c1e-39c5-46aa-a872-2644a29e520f)
[pool-2-thread-5] INFO net.thucydides.core.reports.json.JSONTestOutcomeReporter - Generating JSON report for (/products-and-docs/widgets/countdown/) TECHNICAL TAB - Check RESET button functionality on Embedded Code Pop-up window to file /home/travis/build/ticketmaster-api-staging/ticketmaster-api-staging.github.io/./tests/serenity/target/site/serenity/0497a7651c567c7d1cf089e01659c927.json (using temp file /home/travis/build/ticketmaster-api-staging/ticketmaster-api-staging.github.io/./tests/serenity/target/site/serenity/0497a7651c567c7d1cf089e01659c927.json93596642-a77d-4585-86f5-0633f30ab17f)
[pool-2-thread-4] INFO net.thucydides.core.reports.json.JSONTestOutcomeReporter - Generating JSON report for (/products-and-docs/widgets/countdown/) TECHNICAL TAB - Check RESET button functionality to file /home/travis/build/ticketmaster-api-staging/ticketmaster-api-staging.github.io/./tests/serenity/target/site/serenity/2068de1cbe6983882d47645d90461c0a.json (using temp file /home/travis/build/ticketmaster-api-staging/ticketmaster-api-staging.github.io/./tests/serenity/target/site/serenity/2068de1cbe6983882d47645d90461c0a.json31a23554-b0f5-4a00-97bc-544493c5557e)
[pool-2-thread-30] INFO net.thucydides.core.reports.json.JSONTestOutcomeReporter - Generating JSON report for (/products-and-docs/widgets/countdown/) TECHNICAL TAB - Check that embed code functionality works properly to file /home/travis/build/ticketmaster-api-staging/ticketmaster-api-staging.github.io/./tests/serenity/target/site/serenity/3fa579a6baeb2720a1943cdf8e0a441a.json (using temp file /home/travis/build/ticketmaster-api-staging/ticketmaster-api-staging.github.io/./tests/serenity/target/site/serenity/3fa579a6baeb2720a1943cdf8e0a441a.json18784cf2-c2fc-42e3-9e32-c06dcecbbe14)
[pool-2-thread-8] INFO net.thucydides.core.reports.json.JSONTestOutcomeReporter - Generating JSON report for (/products-and-docs/widgets/map/) [3.7.1 Map widget  to file /home/travis/build/ticketmaster-api-staging/ticketmaster-api-staging.github.io/./tests/serenity/target/site/serenity/d33ca21b53e0ce95f4eaf8926204ee57.json (using temp file /home/travis/build/ticketmaster-api-staging/ticketmaster-api-staging.github.io/./tests/serenity/target/site/serenity/d33ca21b53e0ce95f4eaf8926204ee57.json75566925-2cdc-48c1-87dd-4f538999f031)
[pool-2-thread-7] INFO net.thucydides.core.reports.json.JSONTestOutcomeReporter - Generating JSON report for (/products-and-docs/widgets/event-discovery/) TECHNICAL TAB - Check that required fields are not empty and have default values to file /home/travis/build/ticketmaster-api-staging/ticketmaster-api-staging.github.io/./tests/serenity/target/site/serenity/dab67285a830608a0060945be3da61e0.json (using temp file /home/travis/build/ticketmaster-api-staging/ticketmaster-api-staging.github.io/./tests/serenity/target/site/serenity/dab67285a830608a0060945be3da61e0.json250b08b7-c1c0-4587-a317-4281dd37a332)
[pool-2-thread-6] INFO net.thucydides.core.reports.json.JSONTestOutcomeReporter - Generating JSON report for (/products-and-docs/widgets/map/) [3.7.7 Map widget  to file /home/travis/build/ticketmaster-api-staging/ticketmaster-api-staging.github.io/./tests/serenity/target/site/serenity/0430d2e3316bf8eb1e0f50e085bd2f67.json (using temp file /home/travis/build/ticketmaster-api-staging/ticketmaster-api-staging.github.io/./tests/serenity/target/site/serenity/0430d2e3316bf8eb1e0f50e085bd2f67.json0cfb6420-621d-4bff-a78d-86c7a7708ff6)
[pool-2-thread-7] INFO net.thucydides.core.reports.json.JSONTestOutcomeReporter - Generating JSON report for (/products-and-docs/widgets/map/) Event message - Check event message for invalid API Key to file /home/travis/build/ticketmaster-api-staging/ticketmaster-api-staging.github.io/./tests/serenity/target/site/serenity/63a22980572179ea04256a3f0729b539.json (using temp file /home/travis/build/ticketmaster-api-staging/ticketmaster-api-staging.github.io/./tests/serenity/target/site/serenity/63a22980572179ea04256a3f0729b539.jsonf52c79dc-ae52-4c5d-acc7-8e0c0c31fc4c)
[pool-2-thread-6] INFO net.thucydides.core.reports.json.JSONTestOutcomeReporter - Generating JSON report for (summary widget) TKMDPA-870 Summary widget check for Getting Started page to file /home/travis/build/ticketmaster-api-staging/ticketmaster-api-staging.github.io/./tests/serenity/target/site/serenity/5945db773205ac074311f5776e52c48f.json (using temp file /home/travis/build/ticketmaster-api-staging/ticketmaster-api-staging.github.io/./tests/serenity/target/site/serenity/5945db773205ac074311f5776e52c48f.jsona01b904c-4797-4223-8145-654d2c8a9f99)
[pool-2-thread-30] INFO net.thucydides.core.reports.json.JSONTestOutcomeReporter - Generating JSON report for (summary widget) TKMDPA-870 Summary widget check for Home page to file /home/travis/build/ticketmaster-api-staging/ticketmaster-api-staging.github.io/./tests/serenity/target/site/serenity/b919dd83514d53c902f7afe7c6da1ff8.json (using temp file /home/travis/build/ticketmaster-api-staging/ticketmaster-api-staging.github.io/./tests/serenity/target/site/serenity/b919dd83514d53c902f7afe7c6da1ff8.json70e61efc-a80b-4222-abdf-093090c2c79c)
[pool-2-thread-5] INFO net.thucydides.core.reports.json.JSONTestOutcomeReporter - Generating JSON report for (summary widget) TKMDPA-870 Summary widget check for API Explorer page to file /home/travis/build/ticketmaster-api-staging/ticketmaster-api-staging.github.io/./tests/serenity/target/site/serenity/aaa760457257983ba2c0093040869333.json (using temp file /home/travis/build/ticketmaster-api-staging/ticketmaster-api-staging.github.io/./tests/serenity/target/site/serenity/aaa760457257983ba2c0093040869333.jsonb97dcc1d-f63d-467f-81b4-f5ac89ecd74a)
[pool-2-thread-15] INFO net.thucydides.core.reports.json.JSONTestOutcomeReporter - Generating JSON report for (/products-and-docs/widgets/map/) [3.7.3 Map widget  to file /home/travis/build/ticketmaster-api-staging/ticketmaster-api-staging.github.io/./tests/serenity/target/site/serenity/0d8d033eae4411bc82a2cabdbe26bd38.json (using temp file /home/travis/build/ticketmaster-api-staging/ticketmaster-api-staging.github.io/./tests/serenity/target/site/serenity/0d8d033eae4411bc82a2cabdbe26bd38.jsonf7373d00-ed32-46b4-b53b-178e0aec9bfc)
[pool-2-thread-21] INFO net.thucydides.core.reports.json.JSONTestOutcomeReporter - Generating JSON report for (/products-and-docs/widgets/map/) [3.7.4 Map widget  to file /home/travis/build/ticketmaster-api-staging/ticketmaster-api-staging.github.io/./tests/serenity/target/site/serenity/f07a62556f157d233a6d7d0f37bdb40f.json (using temp file /home/travis/build/ticketmaster-api-staging/ticketmaster-api-staging.github.io/./tests/serenity/target/site/serenity/f07a62556f157d233a6d7d0f37bdb40f.json246f20e3-376a-4d21-b30e-e324364a6426)
[pool-2-thread-3] INFO net.thucydides.core.reports.json.JSONTestOutcomeReporter - Generating JSON report for (/products-and-docs/widgets/map/) [3.7.2 Map widget  to file /home/travis/build/ticketmaster-api-staging/ticketmaster-api-staging.github.io/./tests/serenity/target/site/serenity/4a738ba95a69b8fef58eca4f21db5e47.json (using temp file /home/travis/build/ticketmaster-api-staging/ticketmaster-api-staging.github.io/./tests/serenity/target/site/serenity/4a738ba95a69b8fef58eca4f21db5e47.jsond56aeb43-e820-4b42-9d63-5364f6f5068b)
[pool-2-thread-19] INFO net.thucydides.core.reports.html.HtmlAcceptanceTestReporter - GENERATING HTML REPORT FOR Create new account:(developer-acct.ticketmaster.com/user/register) [Create New Account - First Name validation] in 11b6ef9115fcc8a5ecd0ac3d6711f39c.html in directory target/site/serenity  
[pool-2-thread-29] INFO net.thucydides.core.reports.html.HtmlAcceptanceTestReporter - GENERATING HTML REPORT FOR Search:(/search/) Verification for general page's elements in eec7cea11f6cf20c9f6a6a763dbaac97.html in directory target/site/serenity  
[pool-2-thread-31] INFO net.thucydides.core.reports.html.HtmlAcceptanceTestReporter - GENERATING HTML REPORT FOR Home:(/Home Page/) Verification for twitter's list of events in 03cd3ae24ea4fa1eed2d26f4537d29c1.html in directory target/site/serenity  
[pool-2-thread-8] INFO net.thucydides.core.reports.html.HtmlAcceptanceTestReporter - GENERATING HTML REPORT FOR Edit profile:(developer-acct.ticketmaster.com/user/1554/edit) Verification for general page's elements in fab1df9f6c2b1ea1616aeaae56912f56.html in directory target/site/serenity  
[pool-2-thread-7] INFO net.thucydides.core.reports.html.HtmlAcceptanceTestReporter - GENERATING HTML REPORT FOR Request new password:(developer-acct.ticketmaster.com/user/password) Verification for general page's elements in e708c9ea45a9673a3cf991e89fab2c5c.html in directory target/site/serenity  
[pool-2-thread-15] INFO net.thucydides.core.reports.html.HtmlAcceptanceTestReporter - GENERATING HTML REPORT FOR User account:(developer-acct.ticketmaster.com/user/1554/apps) Verification for general page's elements [2.2.3.4 Login - Password field - enter valid password] in 397efff9031ca7e6d1c51c408a4be5cd.html in directory target/site/serenity  
[pool-2-thread-24] INFO net.thucydides.core.reports.html.HtmlAcceptanceTestReporter - GENERATING HTML REPORT FOR User apps:(developer-acct.ticketmaster.com/user/1554/apps/add) Verification for general page's elements in d3f457734471a14ef7260b0bad3af41c.html in directory target/site/serenity  
[pool-2-thread-27] INFO net.thucydides.core.reports.html.HtmlAcceptanceTestReporter - GENERATING HTML REPORT FOR User apps:(Pantheon|Edit App) Edit app with empty required fields negative in 6b0bebcfc0d1e5888a5cc4480dba09a4.html in directory target/site/serenity  
[pool-2-thread-6] INFO net.thucydides.core.reports.html.HtmlAcceptanceTestReporter - GENERATING HTML REPORT FOR Blogs:(/blogs/) Verification for general page's elements in c7b95fb901459b052277f6b7237da95c.html in directory target/site/serenity  
[pool-2-thread-25] INFO net.thucydides.core.reports.html.HtmlAcceptanceTestReporter - GENERATING HTML REPORT FOR User apps:(Pantheon|Add new App) [2.1.5 Add new App with values positive] in d287c15af4c1d2b02659c2832b968c64.html in directory target/site/serenity  
[pool-2-thread-30] INFO net.thucydides.core.reports.html.HtmlAcceptanceTestReporter - GENERATING HTML REPORT FOR User apps:(Pantheon|Add new App) Add new App negative [2.1.15 Add New App - The required field is empty] in fa69596958236dcfbce078bd98d6694a.html in directory target/site/serenity  
[pool-2-thread-2] INFO net.thucydides.core.reports.html.HtmlAcceptanceTestReporter - GENERATING HTML REPORT FOR Create new account:(developer-acct.ticketmaster.com/user/register) [2.2.3.31 Edit Profile - I Agree To The Terms & Conditions checkbox] in b20ca4515a2cc778551c5d9845fb4eb9.html in directory target/site/serenity  
[pool-2-thread-14] INFO net.thucydides.core.reports.html.HtmlAcceptanceTestReporter - GENERATING HTML REPORT FOR User log in:(developer-acct.ticketmaster.com/user/login) Verification for general page's elements in 37566b06670201d5240a333efa955f79.html in directory target/site/serenity  
[pool-2-thread-23] INFO net.thucydides.core.reports.html.HtmlAcceptanceTestReporter - GENERATING HTML REPORT FOR Create new account:(developer-acct.ticketmaster.com/user/register) Verification for general page's elements in 764099519e08f237597bb00bd02625ac.html in directory target/site/serenity  
[pool-2-thread-32] INFO net.thucydides.core.reports.html.HtmlAcceptanceTestReporter - GENERATING HTML REPORT FOR User log in:(developer-acct.ticketmaster.com/user/login) [2.2.3.2 Login - Username/Email field - enter invalid username] in 2c476a2d1190b0d5ed7ccb39c749f73c.html in directory target/site/serenity  
[pool-2-thread-22] INFO net.thucydides.core.reports.html.HtmlAcceptanceTestReporter - GENERATING HTML REPORT FOR User log in:(developer-acct.ticketmaster.com/user/login) [2.2.3.8 Login - OpenID field - invalid OpenID] in 5a3230d05fb92e3906450d2e337a7447.html in directory target/site/serenity  
[pool-2-thread-16] INFO net.thucydides.core.reports.html.HtmlAcceptanceTestReporter - GENERATING HTML REPORT FOR Create new account:(developer-acct.ticketmaster.com/user/register) [2.2.3.14 Create New Account - fail the CAPTCHA check] in e0ee64c183f64c5995ef87fd2be848c3.html in directory target/site/serenity  
[pool-2-thread-11] INFO net.thucydides.core.reports.html.HtmlAcceptanceTestReporter - GENERATING HTML REPORT FOR Open source:(/blogs/) Verification for general page's elements in c36fef7414f8462413103cd6cbc2cd52.html in directory target/site/serenity  
[pool-2-thread-12] INFO net.thucydides.core.reports.html.HtmlAcceptanceTestReporter - GENERATING HTML REPORT FOR Home:(/Home Page/) Verification for all the page links in a3475ae74e0328ef3ae1fa0e7c56d52d.html in directory target/site/serenity  
[pool-2-thread-13] INFO net.thucydides.core.reports.html.HtmlAcceptanceTestReporter - GENERATING HTML REPORT FOR Home:(/Home Page/) Verification for general page elements in 21ec9c673c93728fed6719612a544b66.html in directory target/site/serenity  
[pool-2-thread-21] INFO net.thucydides.core.reports.html.HtmlAcceptanceTestReporter - GENERATING HTML REPORT FOR Partners:(/partners/) Verification for general page's elements in 4dca8232304f23390ec1a1d083a551f2.html in directory target/site/serenity  
[pool-2-thread-3] INFO net.thucydides.core.reports.html.HtmlAcceptanceTestReporter - GENERATING HTML REPORT FOR Partners  certified partners:(/partners/certified-partners/) Verification for general page's elements in 377ddc6cbd2d5543f89f8054fcd95baf.html in directory target/site/serenity  
[pool-2-thread-5] INFO net.thucydides.core.reports.html.HtmlAcceptanceTestReporter - GENERATING HTML REPORT FOR Events:(/events/) Verification for general page's elements in c7094a19f6eaf818d628e03bb8c8d677.html in directory target/site/serenity  
[pool-2-thread-9] INFO net.thucydides.core.reports.html.HtmlAcceptanceTestReporter - GENERATING HTML REPORT FOR Partners  startups developers:(/partners/startups-and-developers/) Verification for general page's elements in 5afbed69bafc204877f75ef1ebf179db.html in directory target/site/serenity  
[pool-2-thread-18] INFO net.thucydides.core.reports.html.HtmlAcceptanceTestReporter - GENERATING HTML REPORT FOR Create new account:(developer-acct.ticketmaster.com/user/register) [Create New Account - Company Site URL validation] in 399b5465deb9b93bdc218272c931b138.html in directory target/site/serenity  
[pool-2-thread-28] INFO net.thucydides.core.reports.html.HtmlAcceptanceTestReporter - GENERATING HTML REPORT FOR Create new account:(developer-acct.ticketmaster.com/user/register) [Create New Account - Username validation] in e1525e103c225b1eb47ac1d3a14a28b5.html in directory target/site/serenity  
[pool-2-thread-4] INFO net.thucydides.core.reports.html.HtmlAcceptanceTestReporter - GENERATING HTML REPORT FOR Create new account:(developer-acct.ticketmaster.com/user/register) [Create New Account - Company Name validation] in 5b7f8592cd5752777e91750cbd174e9d.html in directory target/site/serenity  
[pool-2-thread-1] INFO net.thucydides.core.reports.html.HtmlAcceptanceTestReporter - GENERATING HTML REPORT FOR Partners  nexus:(/partners/certified-partners/nexus/) Verification for general page's elements in 5f7a06aa7f68b3c87fb86bc07f6c54b8.html in directory target/site/serenity  
[pool-2-thread-20] INFO net.thucydides.core.reports.html.HtmlAcceptanceTestReporter - GENERATING HTML REPORT FOR Partners  distribution partners:(/partners/distribution-partners/) Verification for general page's elements in cd99e40bc4bd7c66f7dc9f689e462b71.html in directory target/site/serenity  
[pool-2-thread-17] INFO net.thucydides.core.reports.html.HtmlAcceptanceTestReporter - GENERATING HTML REPORT FOR Create new account:(developer-acct.ticketmaster.com/user/register) [Create New Account - Company Name validation] in 5b7f8592cd5752777e91750cbd174e9d.html in directory target/site/serenity  
[pool-2-thread-10] INFO net.thucydides.core.reports.html.HtmlAcceptanceTestReporter - GENERATING HTML REPORT FOR User apps:(Pantheon|Edit App) Edit app positive [2.1.8 Edit application] in c99bd03489915a3f97fb4976803f67e7.html in directory target/site/serenity  
[pool-2-thread-26] INFO net.thucydides.core.reports.html.HtmlAcceptanceTestReporter - GENERATING HTML REPORT FOR User apps:(Pantheon|Delete App) Delete App positive [2.1.9 Delete application] in 715edb4776d7edc5171f17ff15786aaf.html in directory target/site/serenity  
[pool-2-thread-20] INFO net.thucydides.core.reports.html.HtmlAcceptanceTestReporter - GENERATING HTML REPORT FOR PD  change log:(/products-and-docs/apis/changelog/) Verification for general page's elements in 7f413d7d362f962d0b841134e57ce5b2.html in directory target/site/serenity  
[pool-2-thread-8] INFO net.thucydides.core.reports.html.HtmlAcceptanceTestReporter - GENERATING HTML REPORT FOR PD API explorer:(/api-explorer/) Verification for general page's elements in 52b6d3c7f400eab9aa00e7aa3353bad5.html in directory target/site/serenity  
[pool-2-thread-23] INFO net.thucydides.core.reports.html.HtmlAcceptanceTestReporter - GENERATING HTML REPORT FOR PD  deals API:(/products-and-docs/apis/deals-api/) Verification for general page's elements in c6fe5172b0aea18b56e076682f87534d.html in directory target/site/serenity  
[pool-2-thread-22] INFO net.thucydides.core.reports.html.HtmlAcceptanceTestReporter - GENERATING HTML REPORT FOR PD  getting started:(/products-and-docs/apis/getting-started/) TKMDPA-874 Commerce API links in Available Resources table in 751179c3bcf6969947bf2ae17f2c2da9.html in directory target/site/serenity  
[pool-2-thread-13] INFO net.thucydides.core.reports.html.HtmlAcceptanceTestReporter - GENERATING HTML REPORT FOR PD  getting started:(/products-and-docs/apis/getting-started/) Verification for general page's elements in 3a28a0866a60882e078b178d9df156a2.html in directory target/site/serenity  
[pool-2-thread-4] INFO net.thucydides.core.reports.html.HtmlAcceptanceTestReporter - GENERATING HTML REPORT FOR PD  inventory status API:(/products-and-docs/apis/inventory-status/) Verification for general page's elements in 972e22cd30141efbd015378cbea68c89.html in directory target/site/serenity  
[pool-2-thread-16] INFO net.thucydides.core.reports.html.HtmlAcceptanceTestReporter - GENERATING HTML REPORT FOR PD  international discovery API:(/products-and-docs/apis/international-discovery/) Verification for general page's elements in aa2ef9e2685a6e26b77126968ceaa46a.html in directory target/site/serenity  
[pool-2-thread-2] INFO net.thucydides.core.reports.html.HtmlAcceptanceTestReporter - GENERATING HTML REPORT FOR PD  oauth API:(/products-and-docs/apis/oauth/) Verification for general page's elements in d03b5aa9a02863ee1e939aba54cce758.html in directory target/site/serenity  
[pool-2-thread-24] INFO net.thucydides.core.reports.html.HtmlAcceptanceTestReporter - GENERATING HTML REPORT FOR PD:(/support/) Verification for general page's elements in 28ae1ecca5268091112a06d6373516b7.html in directory target/site/serenity  
[pool-2-thread-8] INFO net.thucydides.core.reports.html.HtmlAcceptanceTestReporter - GENERATING HTML REPORT FOR PD  partner API:(/products-and-docs/apis/partner/) Verification for general page's elements in e079f86be10b6b8d2af2b48d79fce43e.html in directory target/site/serenity  
[pool-2-thread-13] INFO net.thucydides.core.reports.html.HtmlAcceptanceTestReporter - GENERATING HTML REPORT FOR PD SD ks:(/products-and-docs/sdks/) Verification for general page's elements in 2db19279f14301aa853b788c73ce3829.html in directory target/site/serenity  
[pool-2-thread-21] INFO net.thucydides.core.reports.html.HtmlAcceptanceTestReporter - GENERATING HTML REPORT FOR PD  commerce API:(/products-and-docs/apis/commerce/) Verification for general page's elements in dcf1532aefbc5e655d442101ad3ee6ee.html in directory target/site/serenity  
[pool-2-thread-28] INFO net.thucydides.core.reports.html.HtmlAcceptanceTestReporter - GENERATING HTML REPORT FOR PD  publish API:(/products-and-docs/apis/publish/) Verification for general page's elements in 9bd00d0483c9239c4c10dfe48c1578fe.html in directory target/site/serenity  
[pool-2-thread-4] INFO net.thucydides.core.reports.html.HtmlAcceptanceTestReporter - GENERATING HTML REPORT FOR PD SD ks:(products-and-docs/sdks/) Verification for all the page's links in d07bb5f471a39ea442c55094e4972188.html in directory target/site/serenity  
[pool-2-thread-7] INFO net.thucydides.core.reports.html.HtmlAcceptanceTestReporter - GENERATING HTML REPORT FOR PD  tutorials  event search:(/products-and-docs/tutorials/events-search/) Verification for all the page's links in 1d1d18ff3da42dda8217119fb4850fb6.html in directory target/site/serenity  
[pool-2-thread-8] INFO net.thucydides.core.reports.html.HtmlAcceptanceTestReporter - GENERATING HTML REPORT FOR PD  tutorials:(/products-and-docs/tutorials/) Verification for all the page's links in f9936441078560a56e8413400b9ce8bc.html in directory target/site/serenity  
[pool-2-thread-29] INFO net.thucydides.core.reports.html.HtmlAcceptanceTestReporter - GENERATING HTML REPORT FOR PD  tutorials  widgets:(/products-and-docs/tutorials/widgets/) Verification for general page's elements in c74a407a6cf020722c8ced5f2ad46ed7.html in directory target/site/serenity  
[pool-2-thread-17] INFO net.thucydides.core.reports.html.HtmlAcceptanceTestReporter - GENERATING HTML REPORT FOR PD  tutorials  widgets:(/products-and-docs/tutorials/widgets/) Verification for all the page's links in 8d43f155d68df0122025b88902deb81c.html in directory target/site/serenity  
[pool-2-thread-13] INFO net.thucydides.core.reports.html.HtmlAcceptanceTestReporter - GENERATING HTML REPORT FOR PD  tutorials:(/products-and-docs/tutorials/) Verification for general page's elements in 5157f7d09bc74acb49c96ab2d6f45810.html in directory target/site/serenity  
[pool-2-thread-28] INFO net.thucydides.core.reports.html.HtmlAcceptanceTestReporter - GENERATING HTML REPORT FOR PD  tutorials  event search  search event with discovery API:(/products-and-docs/tutorials/events-search/search_events_with_discovery_api_html) Verification for general page's elements in 5dbd3125fd27cb3a4ccba5b7ad7e777d.html in directory target/site/serenity  
[pool-2-thread-22] INFO net.thucydides.core.reports.html.HtmlAcceptanceTestReporter - GENERATING HTML REPORT FOR PD  tutorials  widgets  event discovery widget:(/products-and-docs/tutorials/widgets/Event_Discovery_Widget_html) Verification for general page's elements in 0a28f070ff6775bf01338b583f16e571.html in directory target/site/serenity  
[pool-2-thread-20] INFO net.thucydides.core.reports.html.HtmlAcceptanceTestReporter - GENERATING HTML REPORT FOR PD  widget  universal checkout:(/products-and-docs/widgets/checkout/) [3.1.3 Widget checkout : Verification for general page's elements] in fb61c43083438f218b39869fec551c83.html in directory target/site/serenity  
[pool-2-thread-15] INFO net.thucydides.core.reports.html.HtmlAcceptanceTestReporter - GENERATING HTML REPORT FOR PD  widgets:(/products-and-docs/widgets/) Verification for Direct Payment Button element in 3d38ae3b51ff0cc89e687da817fff5c1.html in directory target/site/serenity  
[pool-2-thread-14] INFO net.thucydides.core.reports.html.HtmlAcceptanceTestReporter - GENERATING HTML REPORT FOR PD  discovery apiv1:(/products-and-docs/apis/discovery-api/v1/) Verification for general page's elements in 75f10943c7bcaa4144b40ec2a8b03286.html in directory target/site/serenity  
[pool-2-thread-16] INFO net.thucydides.core.reports.html.HtmlAcceptanceTestReporter - GENERATING HTML REPORT FOR PD  tutorials  event search:(/products-and-docs/tutorials/events-search/) Verification for general page's elements in 272d625aa923b7250c90e4c7aedd31fd.html in directory target/site/serenity  
[pool-2-thread-1] INFO net.thucydides.core.reports.html.HtmlAcceptanceTestReporter - GENERATING HTML REPORT FOR PD  widgets:(/products-and-docs/widgets/) Verification for general page's elements in d320966d49cf1f6b6b97a3f1d48d56ca.html in directory target/site/serenity  
[pool-2-thread-6] INFO net.thucydides.core.reports.html.HtmlAcceptanceTestReporter - GENERATING HTML REPORT FOR PD  discovery apiv2:(/products-and-docs/apis/discovery/v2/) Verification for general page's elements in ae09ef0217adff17762283aaef6c8348.html in directory target/site/serenity  
[pool-2-thread-32] INFO net.thucydides.core.reports.html.HtmlAcceptanceTestReporter - GENERATING HTML REPORT FOR PD  widget  event discovery:(/products-and-docs/widgets/event-discovery/) Verification for general page's elements in deb115249b3a28b84987f190d5dbd1ca.html in directory target/site/serenity  
[pool-2-thread-11] INFO net.thucydides.core.reports.html.HtmlAcceptanceTestReporter - GENERATING HTML REPORT FOR Support:(/support/) Verification for general page's elements in b9e8b8e168099eddf4b20937e7c93350.html in directory target/site/serenity  
[pool-2-thread-24] INFO net.thucydides.core.reports.html.HtmlAcceptanceTestReporter - GENERATING HTML REPORT FOR PD  widget  calendar:(/products-and-docs/widgets/calendar/) [3.2.1.9 Disqus is present on calendar widget] in 31992e8df233693ae7820baeb1f1f9f1.html in directory target/site/serenity  
[pool-2-thread-21] INFO net.thucydides.core.reports.html.HtmlAcceptanceTestReporter - GENERATING HTML REPORT FOR PD  tutorials  event search  search event in some location:(/products-and-docs/tutorials/events-search/search_events_in_location_html) Verification for general page's elements in 17a54574f8409b47fc77eda6c5ce0414.html in directory target/site/serenity  
[pool-2-thread-2] INFO net.thucydides.core.reports.html.HtmlAcceptanceTestReporter - GENERATING HTML REPORT FOR PD  top picks API:(/api-explorer/) Verification for general page's elements in b4d8c182c1e92cf8c534e5520be6f86a.html in directory target/site/serenity  
[pool-2-thread-16] INFO net.thucydides.core.reports.html.HtmlAcceptanceTestReporter - GENERATING HTML REPORT FOR Support  branding guide:(/support/branding-guide/) Verification for general page's elements in 73d14fa2d33210cccb211e1b370f30d5.html in directory target/site/serenity  
[pool-2-thread-14] INFO net.thucydides.core.reports.html.HtmlAcceptanceTestReporter - GENERATING HTML REPORT FOR Support  contact us:(/support/contact-us/) Verification for general page's elements in 0b02f68eee2d3f5e59ce9f2d37430fae.html in directory target/site/serenity  
[pool-2-thread-1] INFO net.thucydides.core.reports.html.HtmlAcceptanceTestReporter - GENERATING HTML REPORT FOR Support FAQ:(/support/faq/) Verification for general page's elements in 99c81ec406c5bfabf0c8627a1efdf8f1.html in directory target/site/serenity  
[pool-2-thread-19] INFO net.thucydides.core.reports.html.HtmlAcceptanceTestReporter - GENERATING HTML REPORT FOR Support  general terms of use:(/support/terms-of-use/) Verification for general page's elements in fcbc35c07f7f56e9d81645e41d040fff.html in directory target/site/serenity  
[pool-2-thread-31] INFO net.thucydides.core.reports.html.HtmlAcceptanceTestReporter - GENERATING HTML REPORT FOR PD  widget  countdown:(/products-and-docs/widgets/countdown/) Verification for general page's elements in a122ee30a2e587acd2b84eb452111cae.html in directory target/site/serenity  
[pool-2-thread-6] INFO net.thucydides.core.reports.html.HtmlAcceptanceTestReporter - GENERATING HTML REPORT FOR Calendar widget:(/products-and-docs/widgets/calendar/) TECHNICAL TAB - Check that required fields are not empty in f309713bc81f30d1a0529ba9ef1d0a8d.html in directory target/site/serenity  
[pool-2-thread-23] INFO net.thucydides.core.reports.html.HtmlAcceptanceTestReporter - GENERATING HTML REPORT FOR PD  widget  word press:(/products-and-docs/widgets/wordpress/) [3.1.4 Wordpress widget : Verification for general page's elements] in 2369b4e82780209181224e652033d029.html in directory target/site/serenity  
[pool-2-thread-24] INFO net.thucydides.core.reports.html.HtmlAcceptanceTestReporter - GENERATING HTML REPORT FOR Calendar widget:(/products-and-docs/widgets/calendar/) TECHNICAL TAB - Check that embed code functionality works properly in 322d2393e7bf2ab2e4e98b349a8a3908.html in directory target/site/serenity  
[pool-2-thread-22] INFO net.thucydides.core.reports.html.HtmlAcceptanceTestReporter - GENERATING HTML REPORT FOR Calendar widget:(/products-and-docs/widgets/calendar/) TECHNICAL TAB - Check RESET button functionality in 2452d2d94d0b5882b4fff4817b53935d.html in directory target/site/serenity  
[pool-2-thread-2] INFO net.thucydides.core.reports.html.HtmlAcceptanceTestReporter - GENERATING HTML REPORT FOR Calendar widget:(/products-and-docs/widgets/calendar/) Check RESET button functionality on Embedded Code Pop-up window in 76a842de4d95dfd3227c1ba91422985e.html in directory target/site/serenity  
[pool-2-thread-14] INFO net.thucydides.core.reports.html.HtmlAcceptanceTestReporter - GENERATING HTML REPORT FOR Calendar widget:(/products-and-docs/widgets/calendar/) TECHNICAL TAB - Check links in b7f9b6c992e799fd7e1b1c4912b32f25.html in directory target/site/serenity  
[pool-2-thread-3] INFO net.thucydides.core.reports.html.HtmlAcceptanceTestReporter - GENERATING HTML REPORT FOR PD  widgets:(/products-and-docs/widgets/) Verification for all the page's links in 2005e268956d1e776e29d8118ced9033.html in directory target/site/serenity  
[pool-2-thread-6] INFO net.thucydides.core.reports.html.HtmlAcceptanceTestReporter - GENERATING HTML REPORT FOR Countdown widget:(/products-and-docs/widgets/countdown/) TECHNICAL TAB - Check that required fields are not empty in 3042eeb6ce3495b7a489049e6041852a.html in directory target/site/serenity  
[pool-2-thread-28] INFO net.thucydides.core.reports.html.HtmlAcceptanceTestReporter - GENERATING HTML REPORT FOR Support  partner API terms of use:(/support/terms-of-use/partner/) Verification for general page's elements in 2022b94d94ecc4ca5f194afc08b5b59b.html in directory target/site/serenity  
[pool-2-thread-21] INFO net.thucydides.core.reports.html.HtmlAcceptanceTestReporter - GENERATING HTML REPORT FOR Countdown widget:(/products-and-docs/widgets/countdown/) TECHNICAL TAB - Get new EventId in 240163cbd771841ccc1ad6e24a46c4ff.html in directory target/site/serenity  
[pool-2-thread-19] INFO net.thucydides.core.reports.html.HtmlAcceptanceTestReporter - GENERATING HTML REPORT FOR Countdown widget:(/products-and-docs/widgets/countdown/) TECHNICAL TAB - Check links in d5e2168c89549bb5961a9c44471f9b6c.html in directory target/site/serenity  
[pool-2-thread-29] INFO net.thucydides.core.reports.html.HtmlAcceptanceTestReporter - GENERATING HTML REPORT FOR Countdown widget:(/products-and-docs/widgets/countdown/) VISUAL TAB - Check Full-width mode in b88bcf1511bdeee68d60d19ad81b5622.html in directory target/site/serenity  
[pool-2-thread-14] INFO net.thucydides.core.reports.html.HtmlAcceptanceTestReporter - GENERATING HTML REPORT FOR Countdown widget:(/products-and-docs/widgets/countdown/) Event message - Check event message for invalid API Key in 17c8bc4c298e2f1d4ccaf034cc4c4579.html in directory target/site/serenity  
[pool-2-thread-29] INFO net.thucydides.core.reports.html.HtmlAcceptanceTestReporter - GENERATING HTML REPORT FOR Countdown widget:(/products-and-docs/widgets/countdown/) Event message - Check event message for invalid Event ID in 90602fbc6bf91469968a77050460f7a7.html in directory target/site/serenity  
[pool-2-thread-7] INFO net.thucydides.core.reports.html.HtmlAcceptanceTestReporter - GENERATING HTML REPORT FOR Event discovery widget:(/products-and-docs/widgets/event-discovery/) TECHNICAL TAB - Check that embed code functionality works properly in 0f3aabf2a048628f91be1f105923974f.html in directory target/site/serenity  
[pool-2-thread-1] INFO net.thucydides.core.reports.html.HtmlAcceptanceTestReporter - GENERATING HTML REPORT FOR Event discovery widget:(/products-and-docs/widgets/event-discovery/) TECHNICAL TAB - Check that KEYWORD field functionality works properly in e51d09812ab4c5e25bcce5be7a8542a6.html in directory target/site/serenity  
[pool-2-thread-29] INFO net.thucydides.core.reports.html.HtmlAcceptanceTestReporter - GENERATING HTML REPORT FOR Event discovery widget:(/products-and-docs/widgets/event-discovery/) TECHNICAL TAB - Check boundary values of RADIUS in 5612db770c22faf71cb8eec94db4f577.html in directory target/site/serenity  
[pool-2-thread-5] INFO net.thucydides.core.reports.html.HtmlAcceptanceTestReporter - GENERATING HTML REPORT FOR Event discovery widget:(/products-and-docs/widgets/event-discovery/) TECHNICAL TAB - Check boundary values of EVENT COUNT in 67fc2ade4f4cd91ee7f8df80e319b0ce.html in directory target/site/serenity  
[pool-2-thread-20] INFO net.thucydides.core.reports.html.HtmlAcceptanceTestReporter - GENERATING HTML REPORT FOR Event discovery widget:(/products-and-docs/widgets/event-discovery/) TECHNICAL TAB - Check links in 2549737dc1b1112e4e9ba570d1d99bcd.html in directory target/site/serenity  
[pool-2-thread-18] INFO net.thucydides.core.reports.html.HtmlAcceptanceTestReporter - GENERATING HTML REPORT FOR Countdown widget:(/products-and-docs/widgets/countdown/) TECHNICAL TAB - Verification of default embed code in 327187bff4904e87293043aaf5a6509b.html in directory target/site/serenity  
[pool-2-thread-31] INFO net.thucydides.core.reports.html.HtmlAcceptanceTestReporter - GENERATING HTML REPORT FOR Calendar widget:(/products-and-docs/widgets/calendar/) Event message - Check event message for invalid API Key in e467876af5c14db329746d48df2510fa.html in directory target/site/serenity  
[pool-2-thread-13] INFO net.thucydides.core.reports.html.HtmlAcceptanceTestReporter - GENERATING HTML REPORT FOR Event discovery widget:(/products-and-docs/widgets/event-discovery/) TECHNICAL TAB - Check that EVENT COUNT works properly in 458e130cc18165a5e632e828c6646c3a.html in directory target/site/serenity  
[pool-2-thread-30] INFO net.thucydides.core.reports.html.HtmlAcceptanceTestReporter - GENERATING HTML REPORT FOR Countdown widget:(/products-and-docs/widgets/countdown/) TECHNICAL TAB - Check RESET button functionality on Embedded Code Pop-up window in 0497a7651c567c7d1cf089e01659c927.html in directory target/site/serenity  
[pool-2-thread-4] INFO net.thucydides.core.reports.html.HtmlAcceptanceTestReporter - GENERATING HTML REPORT FOR Event discovery widget:(/products-and-docs/widgets/event-discovery/) VISUAL TAB - Check Layout Resolutions in d80bafeef84520f55893568d0c224427.html in directory target/site/serenity  
[pool-2-thread-17] INFO net.thucydides.core.reports.html.HtmlAcceptanceTestReporter - GENERATING HTML REPORT FOR Event discovery widget:(/products-and-docs/widgets/event-discovery/) VISUAL TAB - Check Layout Orientations in c9632150870302b69031d089705cd1d7.html in directory target/site/serenity  
[pool-2-thread-32] INFO net.thucydides.core.reports.html.HtmlAcceptanceTestReporter - GENERATING HTML REPORT FOR Event discovery widget:(/products-and-docs/widgets/event-discovery/) Event message - Check event message for invalid Keyword in d8f6cd69050d8d74824645b40e143f80.html in directory target/site/serenity  
[pool-2-thread-31] INFO net.thucydides.core.reports.html.HtmlAcceptanceTestReporter - GENERATING HTML REPORT FOR Feedback widget:(feedback widget) Check that Feedback widget Elements are shown in 3f0c9c02bf386ecf13f0588ae6897497.html in directory target/site/serenity  
[pool-2-thread-22] INFO net.thucydides.core.reports.html.HtmlAcceptanceTestReporter - GENERATING HTML REPORT FOR Feedback widget:(feedback widget) Feedback widget error notifications for NAME field in 1dba5de201ae33104dae6a92b5867c72.html in directory target/site/serenity  
[pool-2-thread-6] INFO net.thucydides.core.reports.html.HtmlAcceptanceTestReporter - GENERATING HTML REPORT FOR Feedback widget:(feedback widget) Feedback widget Close button in 0f7c33ede821beb77d70ea87e6db9a2b.html in directory target/site/serenity  
[pool-2-thread-18] INFO net.thucydides.core.reports.html.HtmlAcceptanceTestReporter - GENERATING HTML REPORT FOR Feedback widget:(feedback widget) Feedback widget error notifications for Email field in 4bb3352be7c67126054b66208e524285.html in directory target/site/serenity  
[pool-2-thread-11] INFO net.thucydides.core.reports.html.HtmlAcceptanceTestReporter - GENERATING HTML REPORT FOR Event discovery widget:(/products-and-docs/widgets/event-discovery/) TECHNICAL TAB - Check that required fields are not empty and have default values in dab67285a830608a0060945be3da61e0.html in directory target/site/serenity  
[pool-2-thread-9] INFO net.thucydides.core.reports.html.HtmlAcceptanceTestReporter - GENERATING HTML REPORT FOR PD  season ticketing API:(/api-explorer/) Verification for general page's elements in edfd248e8f9e9a5cf6755e5b8427a74b.html in directory target/site/serenity  
[pool-2-thread-14] INFO net.thucydides.core.reports.html.HtmlAcceptanceTestReporter - GENERATING HTML REPORT FOR Map widget:(/products-and-docs/widgets/map/) [3.7.2 Map widget : Embedded code functionality works properly] in 4a738ba95a69b8fef58eca4f21db5e47.html in directory target/site/serenity  
[pool-2-thread-15] INFO net.thucydides.core.reports.html.HtmlAcceptanceTestReporter - GENERATING HTML REPORT FOR Map widget:(/products-and-docs/widgets/map/) [3.7.4 Map widget : Check RESET button functionality on embedded pop-up window] in f07a62556f157d233a6d7d0f37bdb40f.html in directory target/site/serenity  
[pool-2-thread-25] INFO net.thucydides.core.reports.html.HtmlAcceptanceTestReporter - GENERATING HTML REPORT FOR Map widget:(/products-and-docs/widgets/map/) [3.7.3 Map widget : Check RESET button functionality] in 0d8d033eae4411bc82a2cabdbe26bd38.html in directory target/site/serenity  
[pool-2-thread-22] INFO net.thucydides.core.reports.html.HtmlAcceptanceTestReporter - GENERATING HTML REPORT FOR Map widget:(/products-and-docs/widgets/map/) [3.7.7 Map widget : Check links] in 0430d2e3316bf8eb1e0f50e085bd2f67.html in directory target/site/serenity  
[pool-2-thread-7] INFO net.thucydides.core.reports.html.HtmlAcceptanceTestReporter - GENERATING HTML REPORT FOR Map widget:(/products-and-docs/widgets/map/) Event message - Check event message for invalid API Key in 63a22980572179ea04256a3f0729b539.html in directory target/site/serenity  
[pool-2-thread-26] INFO net.thucydides.core.reports.html.HtmlAcceptanceTestReporter - GENERATING HTML REPORT FOR Countdown widget:(/products-and-docs/widgets/countdown/) TECHNICAL TAB - Check that embed code functionality works properly in 3fa579a6baeb2720a1943cdf8e0a441a.html in directory target/site/serenity  
[pool-2-thread-16] INFO net.thucydides.core.reports.html.HtmlAcceptanceTestReporter - GENERATING HTML REPORT FOR Map widget:(/products-and-docs/widgets/map/) [3.7.1 Map widget : Check that required fields are not empty] in d33ca21b53e0ce95f4eaf8926204ee57.html in directory target/site/serenity  
[pool-2-thread-23] INFO net.thucydides.core.reports.html.HtmlAcceptanceTestReporter - GENERATING HTML REPORT FOR Countdown widget:(/products-and-docs/widgets/countdown/) TECHNICAL TAB - Check RESET button functionality in 2068de1cbe6983882d47645d90461c0a.html in directory target/site/serenity  
[pool-2-thread-9] INFO net.thucydides.core.reports.html.HtmlAcceptanceTestReporter - GENERATING HTML REPORT FOR Summary widget:(summary widget) TKMDPA-870 Summary widget check for Home page in b919dd83514d53c902f7afe7c6da1ff8.html in directory target/site/serenity  
[pool-2-thread-14] INFO net.thucydides.core.reports.html.HtmlAcceptanceTestReporter - GENERATING HTML REPORT FOR Summary widget:(summary widget) TKMDPA-870 Summary widget check for API Explorer page in aaa760457257983ba2c0093040869333.html in directory target/site/serenity  
[pool-2-thread-10] INFO net.thucydides.core.reports.html.HtmlAcceptanceTestReporter - GENERATING HTML REPORT FOR Summary widget:(summary widget) TKMDPA-870 Summary widget check for Getting Started page in 5945db773205ac074311f5776e52c48f.html in directory target/site/serenity  
[pool-2-thread-19] INFO net.thucydides.core.reports.html.HtmlAcceptanceTestReporter - GENERATING HTML REPORT FOR Countdown widget:(/products-and-docs/widgets/countdown/) VISUAL TAB - Check Layout Resolutions in d8b7babaa8d322e3269b9661ae68e8d8.html in directory target/site/serenity  
[pool-2-thread-21] INFO net.thucydides.core.reports.html.HtmlAcceptanceTestReporter - GENERATING HTML REPORT FOR Countdown widget:(/products-and-docs/widgets/countdown/) VISUAL TAB - Check Layout Orientations in 91af3647c162e36d94fd0d47f89071da.html in directory target/site/serenity  
]]></system-err>
  </testcase>
</testsuite>